2024-06-20 14:21:18.008 [INFO]: No proxy settings found
2024-06-20 14:21:20.866 [INFO]: Creating manager directory: /tmp/230c0841-405d-4c3b-8bf4-e59eb0ca3127/codeium/manager
2024-06-20 14:21:21.399 [INFO]: Using cached LS with valid crc32: /home/shuvam/.vscode-oss/extensions/codeium.codeium-1.8.64-universal/dist/a449546e0384eb1c5a91cd222eebb296be9a0f91/language_server_linux_x64
2024-06-20 14:21:21.406 [INFO]: Language server started
2024-06-20 14:21:21.525 [INFO]: [Language Server (stderr)]:
I0620 14:21:21.524130  3244 main.go:558] Starting language server manager with pid 3244
I0620 14:21:21.524257  3244 main.go:110] Manager acquired its lock file /tmp/230c0841-405d-4c3b-8bf4-e59eb0ca3127/codeium/manager/locks/manager.lock
2024-06-20 14:21:21.526 [INFO]: [Language Server (stderr)]:
I0620 14:21:21.524907  3244 main.go:248] Waiting for random port file in /tmp/230c0841-405d-4c3b-8bf4-e59eb0ca3127/codeium/manager/child_random_port_1718873481524398093_7415970831551290672 to be created
2024-06-20 14:21:21.640 [INFO]: [Language Server (stderr)]:
I0620 14:21:21.639632  3259 main.go:552] Starting language server process with pid 3259
I0620 14:21:21.639689  3259 server.go:156] Language server will attempt to listen on host 127.0.0.1
I0620 14:21:21.639844  3259 server.go:163] Language server listening on random port at 39005
I0620 14:21:21.639907  3259 proxy.go:113] proxyplease.proxy> No proxy provided. Attempting to infer from system.
I0620 14:21:21.639922  3259 proxy.go:113] proxyplease.proxy> No proxy could be determined. Assuming a direct connection.
2024-06-20 14:21:21.641 [INFO]: [Language Server (stderr)]:
I0620 14:21:21.639948  3259 client.go:589] [DEBUG] GET https://server.codeium.com/exa.api_server_pb.ApiServerService/GetCompletions
2024-06-20 14:21:22.484 [INFO]: [Language Server (stderr)]:
I0620 14:21:22.484085  3259 unleash.go:90] Initializing Unleash
2024-06-20 14:21:23.269 [INFO]: [Language Server (stderr)]:
I0620 14:21:23.268495  3259 unleash.go:110] Successfully initialized Unleash
2024-06-20 14:21:23.278 [INFO]: [Language Server (stderr)]:
E0620 14:21:23.278015  3259 client_manager.go:270] Metadata is nil when trying to refresh user JWT
2024-06-20 14:21:24.097 [INFO]: [Language Server (stderr)]:
I0620 14:21:24.096366  3259 server.go:355] Successfully created API server client
2024-06-20 14:21:24.137 [INFO]: [Language Server (stderr)]:
I0620 14:21:24.137155  3259 server.go:364] Successfully initialized tokenizer
2024-06-20 14:21:24.234 [INFO]: [Language Server (stderr)]:
I0620 14:21:24.234098  3259 server.go:473] Local search is enabled, will index local files.
I0620 14:21:24.234156  3259 server.go:477] Using 3 indexer workers
I0620 14:21:24.234228  3259 search_provider.go:200] Using database at /home/shuvam/.codeium/database/9c0694567290725d9dcba14ade58e297/2/MODEL_EMBED_6591
2024-06-20 14:21:24.250 [INFO]: [Language Server (stderr)]:
I0620 14:21:24.249760  3259 database.go:123] Bad db state detected: false
2024-06-20 14:21:24.251 [INFO]: [Language Server (stderr)]:
I0620 14:21:24.250500  3259 search_provider.go:214] Successfully created embedding search database in 16ms
2024-06-20 14:21:24.251 [INFO]: [Language Server (stderr)]:
I0620 14:21:24.250856  3259 indexer.go:224] Using 12 embed workers
I0620 14:21:24.250906  3259 search_provider.go:239] Successfully created and started indexer
I0620 14:21:24.250935  3259 search_provider.go:265] Successfully created embedding search provider
I0620 14:21:24.250946  3259 server.go:515] Successfully created exact search provider
2024-06-20 14:21:24.278 [INFO]: [Language Server (stderr)]:
I0620 14:21:24.278092  3259 server.go:545] Successfully created completion provider
2024-06-20 14:21:24.279 [INFO]: [Language Server (stderr)]:
I0620 14:21:24.278496  3259 server.go:594] Child process attempting to acquire lock file /tmp/230c0841-405d-4c3b-8bf4-e59eb0ca3127/codeium/manager/locks/child_lock_1718873481524443716_4380064593061714800
I0620 14:21:24.278539  3259 server.go:602] Child process acquired lock file /tmp/230c0841-405d-4c3b-8bf4-e59eb0ca3127/codeium/manager/locks/child_lock_1718873481524443716_4380064593061714800
2024-06-20 14:21:24.283 [INFO]: [Language Server (stderr)]:
I0620 14:21:24.282743  3259 server.go:183] LSP listening on random port at 37969
2024-06-20 14:21:24.283 [INFO]: [Language Server (stderr)]:
I0620 14:21:24.283136  3259 web_server.go:239] Chat Web Server listening at ws://127.0.0.1:33037
2024-06-20 14:21:24.338 [INFO]: [Language Server (stdout)]:
37969
2024-06-20 14:21:24.338 [INFO]: [Language Server (stderr)]:
I0620 14:21:24.337569  3244 main.go:284] Language server manager found random server port 39005
I0620 14:21:24.337612  3244 main.go:285] Language server manager found random lsp port 37969
I0620 14:21:24.337637  3244 main.go:292] Language server manager attempting to connect to language server at 127.0.0.1:39005
2024-06-20 14:21:24.363 [INFO]: [Language Server (stderr)]:
I0620 14:21:24.363162  3244 main.go:163] Fixing language server port at 39005
I0620 14:21:24.363189  3244 main.go:343] Language server manager successfully connected to new language server at 127.0.0.1:39005
2024-06-20 14:21:24.423 [INFO]: Found language server running on port 39005
2024-06-20 14:21:24.434 [INFO]: Downloaded binary: /home/shuvam/.codeium/bin/af6b6c543b224d348a8876f0c06245d9ea7929c5/ripgrep_linux_x64
2024-06-20 14:21:24.445 [INFO]: [Language Server (stderr)]:
I0620 14:21:24.445356  3259 rpcs_miscellaneous.go:118] Ripgrep available at /home/shuvam/.codeium/bin/af6b6c543b224d348a8876f0c06245d9ea7929c5/ripgrep_linux_x64
2024-06-20 14:21:24.663 [INFO]: [Language Server (stderr)]:
I0620 14:21:24.663004  3259 rpcs_miscellaneous.go:312] University version is up to date.
2024-06-20 14:21:25.646 [INFO]: [Language Server (stderr)]:
I0620 14:21:25.645930  3259 utils.go:172] Analyzing workspace files for /home/shuvam/Information_Retrieval/
2024-06-20 14:21:26.363 [INFO]: [Language Server (stderr)]:
I0620 14:21:26.362894  3259 utils.go:232] Done analyzing workspace files for /home/shuvam/Information_Retrieval/
I0620 14:21:26.362916  3259 lsp.go:208] Found 31595 files in workspace /home/shuvam/Information_Retrieval/
2024-06-20 14:21:27.380 [INFO]: [Language Server (stderr)]:
I0620 14:21:27.379760  3259 lsp.go:232] Adding workspace listener for [0xc000533180]
2024-06-20 14:21:27.383 [INFO]: [Language Server (stderr)]:
I0620 14:21:27.382843  3259 indexing_listener.go:177] Exceeded limit, will only index 5000 files in workspace /home/shuvam/Information_Retrieval/
I0620 14:21:27.382866  3259 indexing_listener.go:198] Add workspace event with uid 1 for workspace /home/shuvam/Information_Retrieval/
2024-06-20 14:21:27.473 [INFO]: [Language Server (stderr)]:
I0620 14:21:27.472366  3259 lazy_model.go:29] Successfully created faiss index
2024-06-20 14:21:41.548 [INFO]: [Language Server (stderr)]:
I0620 14:21:41.547306  3259 indexing_listener.go:238] Done enqueue workspace with uid 1
2024-06-20 14:22:12.959 [INFO]: [Language Server (stderr)]:
E0620 14:22:12.958726  3259 interceptor.go:40] /exa.language_server_pb.LanguageServerService/RefreshContextForIdeAction: file %!s(MISSING) is too large to parse
2024-06-20 14:22:12.962 [ERROR]: [unknown] file %!s(MISSING) is too large to parse
2024-06-20 14:27:23.280 [INFO]: [Language Server (stderr)]:
I0620 14:27:23.279176  3259 client_manager.go:248] Pruning inactive client for {954de0ea-e4a4-4ec8-a9d5-03484e212251 b1400aaa-9ee5-4976-96d9-791294a9ab3e}
