2024-06-19 18:46:10.568 [info] Log level: Info
2024-06-19 18:46:10.568 [info] Validating found git in: "git"
2024-06-19 18:46:10.568 [info] Using git "2.45.2" from "git"
2024-06-19 18:46:10.568 [info] > git rev-parse --show-toplevel [9ms]
2024-06-19 18:46:10.568 [info] fatal: not a git repository (or any parent up to mount point /)
Stopping at filesystem boundary (GIT_DISCOVERY_ACROSS_FILESYSTEM not set).
2024-06-19 18:46:10.568 [info] > git rev-parse --show-toplevel [81ms]
2024-06-19 18:46:10.568 [info] fatal: not a git repository (or any parent up to mount point /)
Stopping at filesystem boundary (GIT_DISCOVERY_ACROSS_FILESYSTEM not set).
2024-06-19 18:46:10.571 [info] > git rev-parse --show-toplevel [3ms]
2024-06-19 18:46:10.571 [info] fatal: not a git repository (or any parent up to mount point /)
Stopping at filesystem boundary (GIT_DISCOVERY_ACROSS_FILESYSTEM not set).
2024-06-19 18:46:10.577 [info] > git rev-parse --show-toplevel [2ms]
2024-06-19 18:46:10.577 [info] fatal: not a git repository (or any parent up to mount point /)
Stopping at filesystem boundary (GIT_DISCOVERY_ACROSS_FILESYSTEM not set).
2024-06-19 18:46:10.585 [info] > git rev-parse --show-toplevel [2ms]
2024-06-19 18:46:10.585 [info] fatal: not a git repository (or any parent up to mount point /)
Stopping at filesystem boundary (GIT_DISCOVERY_ACROSS_FILESYSTEM not set).
2024-06-19 18:46:10.593 [info] > git rev-parse --show-toplevel [2ms]
2024-06-19 18:46:10.593 [info] fatal: not a git repository (or any parent up to mount point /)
Stopping at filesystem boundary (GIT_DISCOVERY_ACROSS_FILESYSTEM not set).
2024-06-19 18:46:10.602 [info] > git rev-parse --show-toplevel [4ms]
2024-06-19 18:46:10.602 [info] fatal: not a git repository (or any parent up to mount point /)
Stopping at filesystem boundary (GIT_DISCOVERY_ACROSS_FILESYSTEM not set).
2024-06-19 18:46:10.652 [info] > git rev-parse --show-toplevel [42ms]
2024-06-19 18:46:10.652 [info] fatal: not a git repository (or any parent up to mount point /)
Stopping at filesystem boundary (GIT_DISCOVERY_ACROSS_FILESYSTEM not set).
2024-06-19 18:46:10.665 [info] > git rev-parse --show-toplevel [3ms]
2024-06-19 18:46:10.674 [info] > git rev-parse --git-dir --git-common-dir [2ms]
2024-06-19 18:46:10.687 [info] Open repository: /home/shuvam/Information_Retrieval/TREC_ToT_NEO
2024-06-19 18:46:10.707 [info] > git rev-parse --show-toplevel [3ms]
2024-06-19 18:46:10.707 [info] fatal: not a git repository (or any parent up to mount point /)
Stopping at filesystem boundary (GIT_DISCOVERY_ACROSS_FILESYSTEM not set).
2024-06-19 18:46:10.709 [info] > git config --get commit.template [9ms]
2024-06-19 18:46:10.726 [info] No remotes found in the git config file.
2024-06-19 18:46:10.727 [info] > git for-each-ref --format=%(refname)%00%(upstream:short)%00%(objectname)%00%(upstream:track)%00%(upstream:remotename)%00%(upstream:remoteref) refs/heads/master refs/remotes/master [2ms]
2024-06-19 18:46:10.727 [warning] No such branch: master.
2024-06-19 18:46:10.734 [info] > git rev-parse --show-toplevel [16ms]
2024-06-19 18:46:10.734 [info] fatal: not a git repository (or any parent up to mount point /)
Stopping at filesystem boundary (GIT_DISCOVERY_ACROSS_FILESYSTEM not set).
2024-06-19 18:46:10.741 [info] > git rev-parse --show-toplevel [1ms]
2024-06-19 18:46:10.741 [info] fatal: not a git repository (or any parent up to mount point /)
Stopping at filesystem boundary (GIT_DISCOVERY_ACROSS_FILESYSTEM not set).
2024-06-19 18:46:10.749 [info] > git status -z -uall [16ms]
2024-06-19 18:46:10.969 [info] > git rev-parse --show-toplevel [223ms]
2024-06-19 18:46:10.969 [info] fatal: not a git repository (or any parent up to mount point /)
Stopping at filesystem boundary (GIT_DISCOVERY_ACROSS_FILESYSTEM not set).
2024-06-19 18:46:10.980 [info] > git config --get commit.template [12ms]
2024-06-19 18:46:10.982 [info] > git rev-parse --show-toplevel [3ms]
2024-06-19 18:46:10.982 [info] fatal: not a git repository (or any parent up to mount point /)
Stopping at filesystem boundary (GIT_DISCOVERY_ACROSS_FILESYSTEM not set).
2024-06-19 18:46:10.982 [info] No remotes found in the git config file.
2024-06-19 18:46:10.993 [info] > git rev-parse --show-toplevel [2ms]
2024-06-19 18:46:10.993 [info] fatal: not a git repository (or any parent up to mount point /)
Stopping at filesystem boundary (GIT_DISCOVERY_ACROSS_FILESYSTEM not set).
2024-06-19 18:46:10.993 [info] > git for-each-ref --format=%(refname)%00%(upstream:short)%00%(objectname)%00%(upstream:track)%00%(upstream:remotename)%00%(upstream:remoteref) refs/heads/master refs/remotes/master [6ms]
2024-06-19 18:46:10.993 [warning] No such branch: master.
2024-06-19 18:46:11.005 [info] > git rev-parse --show-toplevel [2ms]
2024-06-19 18:46:11.005 [info] fatal: not a git repository (or any parent up to mount point /)
Stopping at filesystem boundary (GIT_DISCOVERY_ACROSS_FILESYSTEM not set).
2024-06-19 18:46:11.011 [info] > git status -z -uall [14ms]
2024-06-19 18:46:11.034 [info] > git rev-parse --show-toplevel [24ms]
2024-06-19 18:46:11.034 [info] fatal: not a git repository (or any parent up to mount point /)
Stopping at filesystem boundary (GIT_DISCOVERY_ACROSS_FILESYSTEM not set).
2024-06-19 18:46:11.043 [info] > git rev-parse --show-toplevel [3ms]
2024-06-19 18:46:11.043 [info] fatal: not a git repository (or any parent up to mount point /)
Stopping at filesystem boundary (GIT_DISCOVERY_ACROSS_FILESYSTEM not set).
2024-06-19 18:46:11.771 [info] > git rev-parse --show-toplevel [2ms]
2024-06-19 18:46:11.771 [info] fatal: not a git repository (or any parent up to mount point /)
Stopping at filesystem boundary (GIT_DISCOVERY_ACROSS_FILESYSTEM not set).
2024-06-19 18:46:23.624 [info] > git rev-parse --show-toplevel [13ms]
2024-06-19 18:46:23.624 [info] fatal: not a git repository (or any parent up to mount point /)
Stopping at filesystem boundary (GIT_DISCOVERY_ACROSS_FILESYSTEM not set).
2024-06-19 18:46:40.111 [info] > git rev-parse --show-toplevel [4ms]
2024-06-19 18:46:40.111 [info] fatal: not a git repository (or any parent up to mount point /)
Stopping at filesystem boundary (GIT_DISCOVERY_ACROSS_FILESYSTEM not set).
2024-06-19 18:47:19.575 [info] > git rev-parse --show-toplevel [26ms]
2024-06-19 18:47:19.575 [info] fatal: not a git repository (or any parent up to mount point /)
Stopping at filesystem boundary (GIT_DISCOVERY_ACROSS_FILESYSTEM not set).
2024-06-19 18:47:20.732 [info] > git rev-parse --show-toplevel [3ms]
2024-06-19 18:47:20.732 [info] fatal: not a git repository (or any parent up to mount point /)
Stopping at filesystem boundary (GIT_DISCOVERY_ACROSS_FILESYSTEM not set).
2024-06-19 18:47:28.058 [info] > git rev-parse --show-toplevel [15ms]
2024-06-19 18:47:28.058 [info] fatal: not a git repository (or any parent up to mount point /)
Stopping at filesystem boundary (GIT_DISCOVERY_ACROSS_FILESYSTEM not set).
2024-06-19 18:49:33.541 [info] > git check-ignore -v -z --stdin [3ms]
2024-06-19 18:49:55.582 [info] > git rev-parse --show-toplevel [11ms]
2024-06-19 18:49:55.583 [info] fatal: not a git repository (or any parent up to mount point /)
Stopping at filesystem boundary (GIT_DISCOVERY_ACROSS_FILESYSTEM not set).
2024-06-19 18:52:56.094 [info] > git rev-parse --show-toplevel [8ms]
2024-06-19 18:52:56.094 [info] fatal: not a git repository (or any parent up to mount point /)
Stopping at filesystem boundary (GIT_DISCOVERY_ACROSS_FILESYSTEM not set).
2024-06-19 18:53:56.204 [info] > git rev-parse --show-toplevel [14ms]
2024-06-19 18:53:56.204 [info] fatal: not a git repository (or any parent up to mount point /)
Stopping at filesystem boundary (GIT_DISCOVERY_ACROSS_FILESYSTEM not set).
2024-06-19 21:58:49.659 [info] > git rev-parse --show-toplevel [6ms]
2024-06-19 21:58:49.659 [info] fatal: not a git repository (or any parent up to mount point /)
Stopping at filesystem boundary (GIT_DISCOVERY_ACROSS_FILESYSTEM not set).
2024-06-19 21:58:50.582 [info] > git rev-parse --show-toplevel [3ms]
2024-06-19 21:58:50.582 [info] fatal: not a git repository (or any parent up to mount point /)
Stopping at filesystem boundary (GIT_DISCOVERY_ACROSS_FILESYSTEM not set).
2024-06-19 21:58:52.044 [info] > git rev-parse --show-toplevel [9ms]
2024-06-19 21:58:52.044 [info] fatal: not a git repository (or any parent up to mount point /)
Stopping at filesystem boundary (GIT_DISCOVERY_ACROSS_FILESYSTEM not set).
2024-06-19 21:59:04.417 [info] > git rev-parse --show-toplevel [4ms]
2024-06-19 21:59:04.417 [info] fatal: not a git repository (or any parent up to mount point /)
Stopping at filesystem boundary (GIT_DISCOVERY_ACROSS_FILESYSTEM not set).
2024-06-19 21:59:06.586 [info] > git rev-parse --show-toplevel [9ms]
2024-06-19 21:59:06.587 [info] fatal: not a git repository (or any parent up to mount point /)
Stopping at filesystem boundary (GIT_DISCOVERY_ACROSS_FILESYSTEM not set).
2024-06-19 21:59:09.830 [info] > git rev-parse --show-toplevel [4ms]
2024-06-19 21:59:09.830 [info] fatal: not a git repository (or any parent up to mount point /)
Stopping at filesystem boundary (GIT_DISCOVERY_ACROSS_FILESYSTEM not set).
2024-06-19 21:59:10.650 [info] > git rev-parse --show-toplevel [14ms]
2024-06-19 21:59:10.650 [info] fatal: not a git repository (or any parent up to mount point /)
Stopping at filesystem boundary (GIT_DISCOVERY_ACROSS_FILESYSTEM not set).
2024-06-19 22:07:15.375 [info] > git rev-parse --show-toplevel [8ms]
2024-06-19 22:07:15.375 [info] fatal: not a git repository (or any parent up to mount point /)
Stopping at filesystem boundary (GIT_DISCOVERY_ACROSS_FILESYSTEM not set).
2024-06-19 22:09:15.997 [info] > git rev-parse --show-toplevel [5ms]
2024-06-19 22:09:15.997 [info] fatal: not a git repository (or any parent up to mount point /)
Stopping at filesystem boundary (GIT_DISCOVERY_ACROSS_FILESYSTEM not set).
2024-06-19 22:09:22.100 [info] > git rev-parse --show-toplevel [13ms]
2024-06-19 22:09:22.100 [info] fatal: not a git repository (or any parent up to mount point /)
Stopping at filesystem boundary (GIT_DISCOVERY_ACROSS_FILESYSTEM not set).
2024-06-19 22:09:29.877 [info] > git rev-parse --show-toplevel [19ms]
2024-06-19 22:09:29.877 [info] fatal: not a git repository (or any parent up to mount point /)
Stopping at filesystem boundary (GIT_DISCOVERY_ACROSS_FILESYSTEM not set).
2024-06-19 22:09:39.043 [info] > git rev-parse --show-toplevel [13ms]
2024-06-19 22:09:39.043 [info] fatal: not a git repository (or any parent up to mount point /)
Stopping at filesystem boundary (GIT_DISCOVERY_ACROSS_FILESYSTEM not set).
2024-06-19 22:09:50.953 [info] > git rev-parse --show-toplevel [9ms]
2024-06-19 22:09:50.953 [info] fatal: not a git repository (or any parent up to mount point /)
Stopping at filesystem boundary (GIT_DISCOVERY_ACROSS_FILESYSTEM not set).
2024-06-19 22:26:06.646 [info] > git rev-parse --show-toplevel [116ms]
2024-06-19 22:26:06.651 [info] fatal: not a git repository (or any parent up to mount point /)
Stopping at filesystem boundary (GIT_DISCOVERY_ACROSS_FILESYSTEM not set).
2024-06-19 22:26:32.928 [info] > git rev-parse --show-toplevel [46ms]
2024-06-19 22:26:32.928 [info] fatal: not a git repository (or any parent up to mount point /)
Stopping at filesystem boundary (GIT_DISCOVERY_ACROSS_FILESYSTEM not set).
2024-06-19 22:26:33.806 [info] > git rev-parse --show-toplevel [19ms]
2024-06-19 22:26:33.806 [info] fatal: not a git repository (or any parent up to mount point /)
Stopping at filesystem boundary (GIT_DISCOVERY_ACROSS_FILESYSTEM not set).
2024-06-19 22:26:38.670 [info] > git rev-parse --show-toplevel [52ms]
2024-06-19 22:26:38.671 [info] fatal: not a git repository (or any parent up to mount point /)
Stopping at filesystem boundary (GIT_DISCOVERY_ACROSS_FILESYSTEM not set).
2024-06-19 22:26:40.123 [info] > git rev-parse --show-toplevel [65ms]
2024-06-19 22:26:40.123 [info] fatal: not a git repository (or any parent up to mount point /)
Stopping at filesystem boundary (GIT_DISCOVERY_ACROSS_FILESYSTEM not set).
2024-06-19 22:26:44.941 [info] > git rev-parse --show-toplevel [142ms]
2024-06-19 22:26:44.941 [info] fatal: not a git repository (or any parent up to mount point /)
Stopping at filesystem boundary (GIT_DISCOVERY_ACROSS_FILESYSTEM not set).
2024-06-19 22:34:07.394 [info] > git rev-parse --show-toplevel [77ms]
2024-06-19 22:34:07.397 [info] fatal: not a git repository (or any parent up to mount point /)
Stopping at filesystem boundary (GIT_DISCOVERY_ACROSS_FILESYSTEM not set).
2024-06-19 22:37:40.079 [info] > git rev-parse --show-toplevel [23ms]
2024-06-19 22:37:40.080 [info] fatal: not a git repository (or any parent up to mount point /)
Stopping at filesystem boundary (GIT_DISCOVERY_ACROSS_FILESYSTEM not set).
2024-06-19 22:39:38.506 [info] > git rev-parse --show-toplevel [3ms]
2024-06-19 22:39:38.506 [info] fatal: not a git repository (or any parent up to mount point /)
Stopping at filesystem boundary (GIT_DISCOVERY_ACROSS_FILESYSTEM not set).
2024-06-19 22:47:24.474 [info] > git rev-parse --show-toplevel [5ms]
2024-06-19 22:47:24.475 [info] fatal: not a git repository (or any parent up to mount point /)
Stopping at filesystem boundary (GIT_DISCOVERY_ACROSS_FILESYSTEM not set).
2024-06-19 22:48:11.442 [info] > git rev-parse --show-toplevel [49ms]
2024-06-19 22:48:11.442 [info] fatal: not a git repository (or any parent up to mount point /)
Stopping at filesystem boundary (GIT_DISCOVERY_ACROSS_FILESYSTEM not set).
2024-06-19 22:48:57.998 [info] > git rev-parse --show-toplevel [9ms]
2024-06-19 22:48:57.999 [info] fatal: not a git repository (or any parent up to mount point /)
Stopping at filesystem boundary (GIT_DISCOVERY_ACROSS_FILESYSTEM not set).
2024-06-19 22:49:00.654 [info] > git rev-parse --show-toplevel [5ms]
2024-06-19 22:49:00.654 [info] fatal: not a git repository (or any parent up to mount point /)
Stopping at filesystem boundary (GIT_DISCOVERY_ACROSS_FILESYSTEM not set).
2024-06-19 22:49:34.031 [info] > git rev-parse --show-toplevel [16ms]
2024-06-19 22:49:34.031 [info] fatal: not a git repository (or any parent up to mount point /)
Stopping at filesystem boundary (GIT_DISCOVERY_ACROSS_FILESYSTEM not set).
2024-06-19 22:49:39.283 [info] > git rev-parse --show-toplevel [18ms]
2024-06-19 22:49:39.283 [info] fatal: not a git repository (or any parent up to mount point /)
Stopping at filesystem boundary (GIT_DISCOVERY_ACROSS_FILESYSTEM not set).
2024-06-19 22:50:12.627 [info] > git rev-parse --show-toplevel [4ms]
2024-06-19 22:50:12.627 [info] fatal: not a git repository (or any parent up to mount point /)
Stopping at filesystem boundary (GIT_DISCOVERY_ACROSS_FILESYSTEM not set).
2024-06-19 22:52:48.235 [info] > git rev-parse --show-toplevel [24ms]
2024-06-19 22:52:48.235 [info] fatal: not a git repository (or any parent up to mount point /)
Stopping at filesystem boundary (GIT_DISCOVERY_ACROSS_FILESYSTEM not set).
2024-06-19 22:58:54.572 [info] > git rev-parse --show-toplevel [78ms]
2024-06-19 22:58:54.572 [info] fatal: not a git repository (or any parent up to mount point /)
Stopping at filesystem boundary (GIT_DISCOVERY_ACROSS_FILESYSTEM not set).
2024-06-19 23:00:01.924 [info] > git rev-parse --show-toplevel [113ms]
2024-06-19 23:00:01.929 [info] fatal: not a git repository (or any parent up to mount point /)
Stopping at filesystem boundary (GIT_DISCOVERY_ACROSS_FILESYSTEM not set).
2024-06-19 23:03:39.810 [info] > git rev-parse --show-toplevel [257ms]
2024-06-19 23:03:39.813 [info] fatal: not a git repository (or any parent up to mount point /)
Stopping at filesystem boundary (GIT_DISCOVERY_ACROSS_FILESYSTEM not set).
2024-06-19 23:06:27.640 [info] > git rev-parse --show-toplevel [16ms]
2024-06-19 23:06:27.640 [info] fatal: not a git repository (or any parent up to mount point /)
Stopping at filesystem boundary (GIT_DISCOVERY_ACROSS_FILESYSTEM not set).
2024-06-19 23:06:45.850 [info] > git rev-parse --show-toplevel [107ms]
2024-06-19 23:06:45.850 [info] fatal: not a git repository (or any parent up to mount point /)
Stopping at filesystem boundary (GIT_DISCOVERY_ACROSS_FILESYSTEM not set).
2024-06-19 23:08:22.101 [info] > git rev-parse --show-toplevel [16ms]
2024-06-19 23:08:22.101 [info] fatal: not a git repository (or any parent up to mount point /)
Stopping at filesystem boundary (GIT_DISCOVERY_ACROSS_FILESYSTEM not set).
2024-06-19 23:08:42.139 [info] > git rev-parse --show-toplevel [64ms]
2024-06-19 23:08:42.139 [info] fatal: not a git repository (or any parent up to mount point /)
Stopping at filesystem boundary (GIT_DISCOVERY_ACROSS_FILESYSTEM not set).
2024-06-19 23:09:40.727 [info] > git rev-parse --show-toplevel [59ms]
2024-06-19 23:09:40.730 [info] fatal: not a git repository (or any parent up to mount point /)
Stopping at filesystem boundary (GIT_DISCOVERY_ACROSS_FILESYSTEM not set).
2024-06-19 23:10:05.260 [info] > git rev-parse --show-toplevel [2962ms]
2024-06-19 23:10:05.274 [info] fatal: not a git repository (or any parent up to mount point /)
Stopping at filesystem boundary (GIT_DISCOVERY_ACROSS_FILESYSTEM not set).
2024-06-19 23:10:50.781 [info] > git rev-parse --show-toplevel [13ms]
2024-06-19 23:10:50.781 [info] fatal: not a git repository (or any parent up to mount point /)
Stopping at filesystem boundary (GIT_DISCOVERY_ACROSS_FILESYSTEM not set).
2024-06-19 23:16:39.335 [info] > git rev-parse --show-toplevel [25ms]
2024-06-19 23:16:39.337 [info] fatal: not a git repository (or any parent up to mount point /)
Stopping at filesystem boundary (GIT_DISCOVERY_ACROSS_FILESYSTEM not set).
2024-06-19 23:18:40.596 [info] > git rev-parse --show-toplevel [10ms]
2024-06-19 23:18:40.596 [info] fatal: not a git repository (or any parent up to mount point /)
Stopping at filesystem boundary (GIT_DISCOVERY_ACROSS_FILESYSTEM not set).
2024-06-19 23:19:41.768 [info] > git rev-parse --show-toplevel [5ms]
2024-06-19 23:19:41.768 [info] fatal: not a git repository (or any parent up to mount point /)
Stopping at filesystem boundary (GIT_DISCOVERY_ACROSS_FILESYSTEM not set).
2024-06-19 23:20:34.899 [info] > git rev-parse --show-toplevel [8ms]
2024-06-19 23:20:34.899 [info] fatal: not a git repository (or any parent up to mount point /)
Stopping at filesystem boundary (GIT_DISCOVERY_ACROSS_FILESYSTEM not set).
2024-06-19 23:21:30.259 [info] > git rev-parse --show-toplevel [17ms]
2024-06-19 23:21:30.259 [info] fatal: not a git repository (or any parent up to mount point /)
Stopping at filesystem boundary (GIT_DISCOVERY_ACROSS_FILESYSTEM not set).
2024-06-19 23:21:32.017 [info] > git rev-parse --show-toplevel [20ms]
2024-06-19 23:21:32.017 [info] fatal: not a git repository (or any parent up to mount point /)
Stopping at filesystem boundary (GIT_DISCOVERY_ACROSS_FILESYSTEM not set).
2024-06-19 23:21:33.702 [info] > git rev-parse --show-toplevel [10ms]
2024-06-19 23:21:33.702 [info] fatal: not a git repository (or any parent up to mount point /)
Stopping at filesystem boundary (GIT_DISCOVERY_ACROSS_FILESYSTEM not set).
2024-06-19 23:21:34.744 [info] > git rev-parse --show-toplevel [5ms]
2024-06-19 23:21:34.744 [info] fatal: not a git repository (or any parent up to mount point /)
Stopping at filesystem boundary (GIT_DISCOVERY_ACROSS_FILESYSTEM not set).
2024-06-19 23:21:36.174 [info] > git rev-parse --show-toplevel [10ms]
2024-06-19 23:21:36.174 [info] fatal: not a git repository (or any parent up to mount point /)
Stopping at filesystem boundary (GIT_DISCOVERY_ACROSS_FILESYSTEM not set).
2024-06-19 23:21:37.642 [info] > git rev-parse --show-toplevel [11ms]
2024-06-19 23:21:37.642 [info] fatal: not a git repository (or any parent up to mount point /)
Stopping at filesystem boundary (GIT_DISCOVERY_ACROSS_FILESYSTEM not set).
2024-06-19 23:21:38.868 [info] > git rev-parse --show-toplevel [11ms]
2024-06-19 23:21:38.868 [info] fatal: not a git repository (or any parent up to mount point /)
Stopping at filesystem boundary (GIT_DISCOVERY_ACROSS_FILESYSTEM not set).
2024-06-19 23:21:56.025 [info] > git rev-parse --show-toplevel [9ms]
2024-06-19 23:21:56.025 [info] fatal: not a git repository (or any parent up to mount point /)
Stopping at filesystem boundary (GIT_DISCOVERY_ACROSS_FILESYSTEM not set).
2024-06-19 23:23:22.327 [info] > git rev-parse --show-toplevel [3ms]
2024-06-19 23:23:22.327 [info] fatal: not a git repository (or any parent up to mount point /)
Stopping at filesystem boundary (GIT_DISCOVERY_ACROSS_FILESYSTEM not set).
2024-06-19 23:24:45.359 [info] > git rev-parse --show-toplevel [2ms]
2024-06-19 23:24:45.359 [info] fatal: not a git repository (or any parent up to mount point /)
Stopping at filesystem boundary (GIT_DISCOVERY_ACROSS_FILESYSTEM not set).
2024-06-19 23:24:50.296 [info] > git rev-parse --show-toplevel [20ms]
2024-06-19 23:24:50.296 [info] fatal: not a git repository (or any parent up to mount point /)
Stopping at filesystem boundary (GIT_DISCOVERY_ACROSS_FILESYSTEM not set).
2024-06-19 23:26:14.352 [info] > git rev-parse --show-toplevel [11ms]
2024-06-19 23:26:14.352 [info] fatal: not a git repository (or any parent up to mount point /)
Stopping at filesystem boundary (GIT_DISCOVERY_ACROSS_FILESYSTEM not set).
2024-06-19 23:26:25.495 [info] > git rev-parse --show-toplevel [8ms]
2024-06-19 23:26:25.495 [info] fatal: not a git repository (or any parent up to mount point /)
Stopping at filesystem boundary (GIT_DISCOVERY_ACROSS_FILESYSTEM not set).
2024-06-19 23:26:29.638 [info] > git rev-parse --show-toplevel [4ms]
2024-06-19 23:26:29.638 [info] fatal: not a git repository (or any parent up to mount point /)
Stopping at filesystem boundary (GIT_DISCOVERY_ACROSS_FILESYSTEM not set).
2024-06-19 23:27:31.165 [info] > git rev-parse --show-toplevel [10ms]
2024-06-19 23:27:31.165 [info] fatal: not a git repository (or any parent up to mount point /)
Stopping at filesystem boundary (GIT_DISCOVERY_ACROSS_FILESYSTEM not set).
2024-06-19 23:32:04.996 [info] > git rev-parse --show-toplevel [8ms]
2024-06-19 23:32:04.996 [info] fatal: not a git repository (or any parent up to mount point /)
Stopping at filesystem boundary (GIT_DISCOVERY_ACROSS_FILESYSTEM not set).
2024-06-19 23:32:31.076 [info] > git rev-parse --show-toplevel [4ms]
2024-06-19 23:32:31.076 [info] fatal: not a git repository (or any parent up to mount point /)
Stopping at filesystem boundary (GIT_DISCOVERY_ACROSS_FILESYSTEM not set).
2024-06-19 23:33:19.977 [info] > git rev-parse --show-toplevel [5ms]
2024-06-19 23:33:19.978 [info] fatal: not a git repository (or any parent up to mount point /)
Stopping at filesystem boundary (GIT_DISCOVERY_ACROSS_FILESYSTEM not set).
2024-06-19 23:36:58.916 [info] > git rev-parse --show-toplevel [5ms]
2024-06-19 23:36:58.916 [info] fatal: not a git repository (or any parent up to mount point /)
Stopping at filesystem boundary (GIT_DISCOVERY_ACROSS_FILESYSTEM not set).
2024-06-19 23:37:40.632 [info] > git rev-parse --show-toplevel [8ms]
2024-06-19 23:37:40.633 [info] fatal: not a git repository (or any parent up to mount point /)
Stopping at filesystem boundary (GIT_DISCOVERY_ACROSS_FILESYSTEM not set).
2024-06-19 23:37:58.342 [info] > git rev-parse --show-toplevel [6ms]
2024-06-19 23:37:58.342 [info] fatal: not a git repository (or any parent up to mount point /)
Stopping at filesystem boundary (GIT_DISCOVERY_ACROSS_FILESYSTEM not set).
2024-06-19 23:38:09.526 [info] > git rev-parse --show-toplevel [5ms]
2024-06-19 23:38:09.526 [info] fatal: not a git repository (or any parent up to mount point /)
Stopping at filesystem boundary (GIT_DISCOVERY_ACROSS_FILESYSTEM not set).
2024-06-19 23:38:11.031 [info] > git rev-parse --show-toplevel [6ms]
2024-06-19 23:38:11.031 [info] fatal: not a git repository (or any parent up to mount point /)
Stopping at filesystem boundary (GIT_DISCOVERY_ACROSS_FILESYSTEM not set).
2024-06-19 23:38:25.425 [info] > git rev-parse --show-toplevel [2ms]
2024-06-19 23:38:25.425 [info] fatal: not a git repository (or any parent up to mount point /)
Stopping at filesystem boundary (GIT_DISCOVERY_ACROSS_FILESYSTEM not set).
2024-06-19 23:39:06.750 [info] > git rev-parse --show-toplevel [17ms]
2024-06-19 23:39:06.750 [info] fatal: not a git repository (or any parent up to mount point /)
Stopping at filesystem boundary (GIT_DISCOVERY_ACROSS_FILESYSTEM not set).
2024-06-19 23:39:20.516 [info] > git rev-parse --show-toplevel [2ms]
2024-06-19 23:39:20.516 [info] fatal: not a git repository (or any parent up to mount point /)
Stopping at filesystem boundary (GIT_DISCOVERY_ACROSS_FILESYSTEM not set).
2024-06-19 23:39:28.059 [info] > git rev-parse --show-toplevel [6ms]
2024-06-19 23:39:28.059 [info] fatal: not a git repository (or any parent up to mount point /)
Stopping at filesystem boundary (GIT_DISCOVERY_ACROSS_FILESYSTEM not set).
2024-06-19 23:39:43.581 [info] > git rev-parse --show-toplevel [5ms]
2024-06-19 23:39:43.581 [info] fatal: not a git repository (or any parent up to mount point /)
Stopping at filesystem boundary (GIT_DISCOVERY_ACROSS_FILESYSTEM not set).
2024-06-19 23:40:01.130 [info] > git rev-parse --show-toplevel [10ms]
2024-06-19 23:40:01.130 [info] fatal: not a git repository (or any parent up to mount point /)
Stopping at filesystem boundary (GIT_DISCOVERY_ACROSS_FILESYSTEM not set).
2024-06-19 23:40:26.625 [info] > git rev-parse --show-toplevel [2ms]
2024-06-19 23:40:26.625 [info] fatal: not a git repository (or any parent up to mount point /)
Stopping at filesystem boundary (GIT_DISCOVERY_ACROSS_FILESYSTEM not set).
2024-06-19 23:44:26.093 [info] > git rev-parse --show-toplevel [17ms]
2024-06-19 23:44:26.093 [info] fatal: not a git repository (or any parent up to mount point /)
Stopping at filesystem boundary (GIT_DISCOVERY_ACROSS_FILESYSTEM not set).
2024-06-19 23:45:11.639 [info] > git rev-parse --show-toplevel [4ms]
2024-06-19 23:45:11.640 [info] fatal: not a git repository (or any parent up to mount point /)
Stopping at filesystem boundary (GIT_DISCOVERY_ACROSS_FILESYSTEM not set).
2024-06-19 23:46:27.691 [info] > git rev-parse --show-toplevel [10ms]
2024-06-19 23:46:27.691 [info] fatal: not a git repository (or any parent up to mount point /)
Stopping at filesystem boundary (GIT_DISCOVERY_ACROSS_FILESYSTEM not set).
2024-06-19 23:46:46.236 [info] > git rev-parse --show-toplevel [2ms]
2024-06-19 23:46:46.236 [info] fatal: not a git repository (or any parent up to mount point /)
Stopping at filesystem boundary (GIT_DISCOVERY_ACROSS_FILESYSTEM not set).
2024-06-19 23:46:53.830 [info] > git rev-parse --show-toplevel [3ms]
2024-06-19 23:46:53.830 [info] fatal: not a git repository (or any parent up to mount point /)
Stopping at filesystem boundary (GIT_DISCOVERY_ACROSS_FILESYSTEM not set).
2024-06-19 23:46:54.860 [info] > git rev-parse --show-toplevel [7ms]
2024-06-19 23:46:54.860 [info] fatal: not a git repository (or any parent up to mount point /)
Stopping at filesystem boundary (GIT_DISCOVERY_ACROSS_FILESYSTEM not set).
2024-06-19 23:47:12.735 [info] > git rev-parse --show-toplevel [2ms]
2024-06-19 23:47:12.735 [info] fatal: not a git repository (or any parent up to mount point /)
Stopping at filesystem boundary (GIT_DISCOVERY_ACROSS_FILESYSTEM not set).
2024-06-19 23:48:24.325 [info] > git rev-parse --show-toplevel [8ms]
2024-06-19 23:48:24.325 [info] fatal: not a git repository (or any parent up to mount point /)
Stopping at filesystem boundary (GIT_DISCOVERY_ACROSS_FILESYSTEM not set).
2024-06-19 23:48:42.318 [info] > git rev-parse --show-toplevel [7ms]
2024-06-19 23:48:42.318 [info] fatal: not a git repository (or any parent up to mount point /)
Stopping at filesystem boundary (GIT_DISCOVERY_ACROSS_FILESYSTEM not set).
2024-06-19 23:48:45.117 [info] > git rev-parse --show-toplevel [10ms]
2024-06-19 23:48:45.117 [info] fatal: not a git repository (or any parent up to mount point /)
Stopping at filesystem boundary (GIT_DISCOVERY_ACROSS_FILESYSTEM not set).
2024-06-19 23:48:58.133 [info] > git rev-parse --show-toplevel [4ms]
2024-06-19 23:48:58.133 [info] fatal: not a git repository (or any parent up to mount point /)
Stopping at filesystem boundary (GIT_DISCOVERY_ACROSS_FILESYSTEM not set).
2024-06-19 23:49:11.337 [info] > git rev-parse --show-toplevel [9ms]
2024-06-19 23:49:11.337 [info] fatal: not a git repository (or any parent up to mount point /)
Stopping at filesystem boundary (GIT_DISCOVERY_ACROSS_FILESYSTEM not set).
2024-06-19 23:49:12.959 [info] > git rev-parse --show-toplevel [2ms]
2024-06-19 23:49:12.960 [info] fatal: not a git repository (or any parent up to mount point /)
Stopping at filesystem boundary (GIT_DISCOVERY_ACROSS_FILESYSTEM not set).
2024-06-19 23:49:21.108 [info] > git rev-parse --show-toplevel [10ms]
2024-06-19 23:49:21.108 [info] fatal: not a git repository (or any parent up to mount point /)
Stopping at filesystem boundary (GIT_DISCOVERY_ACROSS_FILESYSTEM not set).
2024-06-19 23:50:19.768 [info] > git rev-parse --show-toplevel [2ms]
2024-06-19 23:50:19.768 [info] fatal: not a git repository (or any parent up to mount point /)
Stopping at filesystem boundary (GIT_DISCOVERY_ACROSS_FILESYSTEM not set).
2024-06-19 23:51:33.987 [info] > git rev-parse --show-toplevel [6ms]
2024-06-19 23:51:33.987 [info] fatal: not a git repository (or any parent up to mount point /)
Stopping at filesystem boundary (GIT_DISCOVERY_ACROSS_FILESYSTEM not set).
2024-06-19 23:51:46.126 [info] > git rev-parse --show-toplevel [12ms]
2024-06-19 23:51:46.126 [info] fatal: not a git repository (or any parent up to mount point /)
Stopping at filesystem boundary (GIT_DISCOVERY_ACROSS_FILESYSTEM not set).
2024-06-19 23:51:49.007 [info] > git rev-parse --show-toplevel [3ms]
2024-06-19 23:51:49.008 [info] fatal: not a git repository (or any parent up to mount point /)
Stopping at filesystem boundary (GIT_DISCOVERY_ACROSS_FILESYSTEM not set).
2024-06-19 23:51:49.667 [info] > git rev-parse --show-toplevel [6ms]
2024-06-19 23:51:49.667 [info] fatal: not a git repository (or any parent up to mount point /)
Stopping at filesystem boundary (GIT_DISCOVERY_ACROSS_FILESYSTEM not set).
2024-06-19 23:52:04.988 [info] > git rev-parse --show-toplevel [4ms]
2024-06-19 23:52:04.988 [info] fatal: not a git repository (or any parent up to mount point /)
Stopping at filesystem boundary (GIT_DISCOVERY_ACROSS_FILESYSTEM not set).
2024-06-19 23:52:08.689 [info] > git rev-parse --show-toplevel [10ms]
2024-06-19 23:52:08.689 [info] fatal: not a git repository (or any parent up to mount point /)
Stopping at filesystem boundary (GIT_DISCOVERY_ACROSS_FILESYSTEM not set).
2024-06-19 23:52:15.914 [info] > git rev-parse --show-toplevel [3ms]
2024-06-19 23:52:15.914 [info] fatal: not a git repository (or any parent up to mount point /)
Stopping at filesystem boundary (GIT_DISCOVERY_ACROSS_FILESYSTEM not set).
2024-06-19 23:53:10.305 [info] > git rev-parse --show-toplevel [9ms]
2024-06-19 23:53:10.305 [info] fatal: not a git repository (or any parent up to mount point /)
Stopping at filesystem boundary (GIT_DISCOVERY_ACROSS_FILESYSTEM not set).
2024-06-19 23:53:27.782 [info] > git rev-parse --show-toplevel [12ms]
2024-06-19 23:53:27.782 [info] fatal: not a git repository (or any parent up to mount point /)
Stopping at filesystem boundary (GIT_DISCOVERY_ACROSS_FILESYSTEM not set).
2024-06-19 23:53:35.735 [info] > git rev-parse --show-toplevel [12ms]
2024-06-19 23:53:35.735 [info] fatal: not a git repository (or any parent up to mount point /)
Stopping at filesystem boundary (GIT_DISCOVERY_ACROSS_FILESYSTEM not set).
2024-06-19 23:53:38.376 [info] > git rev-parse --show-toplevel [8ms]
2024-06-19 23:53:38.376 [info] fatal: not a git repository (or any parent up to mount point /)
Stopping at filesystem boundary (GIT_DISCOVERY_ACROSS_FILESYSTEM not set).
2024-06-19 23:53:41.784 [info] > git rev-parse --show-toplevel [9ms]
2024-06-19 23:53:41.784 [info] fatal: not a git repository (or any parent up to mount point /)
Stopping at filesystem boundary (GIT_DISCOVERY_ACROSS_FILESYSTEM not set).
2024-06-19 23:53:50.736 [info] > git rev-parse --show-toplevel [2ms]
2024-06-19 23:53:50.736 [info] fatal: not a git repository (or any parent up to mount point /)
Stopping at filesystem boundary (GIT_DISCOVERY_ACROSS_FILESYSTEM not set).
2024-06-19 23:54:05.225 [info] > git rev-parse --show-toplevel [12ms]
2024-06-19 23:54:05.225 [info] fatal: not a git repository (or any parent up to mount point /)
Stopping at filesystem boundary (GIT_DISCOVERY_ACROSS_FILESYSTEM not set).
2024-06-19 23:54:07.500 [info] > git rev-parse --show-toplevel [7ms]
2024-06-19 23:54:07.500 [info] fatal: not a git repository (or any parent up to mount point /)
Stopping at filesystem boundary (GIT_DISCOVERY_ACROSS_FILESYSTEM not set).
2024-06-19 23:54:21.122 [info] > git rev-parse --show-toplevel [10ms]
2024-06-19 23:54:21.122 [info] fatal: not a git repository (or any parent up to mount point /)
Stopping at filesystem boundary (GIT_DISCOVERY_ACROSS_FILESYSTEM not set).
2024-06-19 23:54:23.887 [info] > git rev-parse --show-toplevel [10ms]
2024-06-19 23:54:23.887 [info] fatal: not a git repository (or any parent up to mount point /)
Stopping at filesystem boundary (GIT_DISCOVERY_ACROSS_FILESYSTEM not set).
2024-06-19 23:54:24.833 [info] > git rev-parse --show-toplevel [2ms]
2024-06-19 23:54:24.833 [info] fatal: not a git repository (or any parent up to mount point /)
Stopping at filesystem boundary (GIT_DISCOVERY_ACROSS_FILESYSTEM not set).
2024-06-19 23:54:26.811 [info] > git rev-parse --show-toplevel [8ms]
2024-06-19 23:54:26.811 [info] fatal: not a git repository (or any parent up to mount point /)
Stopping at filesystem boundary (GIT_DISCOVERY_ACROSS_FILESYSTEM not set).
2024-06-19 23:54:34.055 [info] > git rev-parse --show-toplevel [2ms]
2024-06-19 23:54:34.055 [info] fatal: not a git repository (or any parent up to mount point /)
Stopping at filesystem boundary (GIT_DISCOVERY_ACROSS_FILESYSTEM not set).
2024-06-19 23:55:47.313 [info] > git rev-parse --show-toplevel [3ms]
2024-06-19 23:55:47.313 [info] fatal: not a git repository (or any parent up to mount point /)
Stopping at filesystem boundary (GIT_DISCOVERY_ACROSS_FILESYSTEM not set).
