2024-06-20 18:57:22.905 [info] Log level: Info
2024-06-20 18:57:22.905 [info] Validating found git in: "git"
2024-06-20 18:57:22.905 [info] Using git "2.45.2" from "git"
2024-06-20 18:57:38.541 [info] Log level: Info
2024-06-20 18:57:38.541 [info] Validating found git in: "git"
2024-06-20 18:57:38.541 [info] Using git "2.45.2" from "git"
2024-06-20 18:57:38.541 [info] > git rev-parse --show-toplevel [1ms]
2024-06-20 18:57:38.541 [info] fatal: not a git repository (or any parent up to mount point /)
Stopping at filesystem boundary (GIT_DISCOVERY_ACROSS_FILESYSTEM not set).
2024-06-20 18:57:38.541 [info] > git rev-parse --show-toplevel [3ms]
2024-06-20 18:57:38.541 [info] fatal: not a git repository (or any parent up to mount point /)
Stopping at filesystem boundary (GIT_DISCOVERY_ACROSS_FILESYSTEM not set).
2024-06-20 18:57:38.541 [info] > git rev-parse --show-toplevel [1ms]
2024-06-20 18:57:38.541 [info] fatal: not a git repository (or any parent up to mount point /)
Stopping at filesystem boundary (GIT_DISCOVERY_ACROSS_FILESYSTEM not set).
2024-06-20 18:57:38.547 [info] > git rev-parse --show-toplevel [2ms]
2024-06-20 18:57:38.547 [info] fatal: not a git repository (or any parent up to mount point /)
Stopping at filesystem boundary (GIT_DISCOVERY_ACROSS_FILESYSTEM not set).
2024-06-20 18:57:38.554 [info] > git rev-parse --show-toplevel [2ms]
2024-06-20 18:57:38.554 [info] fatal: not a git repository (or any parent up to mount point /)
Stopping at filesystem boundary (GIT_DISCOVERY_ACROSS_FILESYSTEM not set).
2024-06-20 18:57:38.808 [info] > git rev-parse --show-toplevel [248ms]
2024-06-20 18:57:38.808 [info] fatal: not a git repository (or any parent up to mount point /)
Stopping at filesystem boundary (GIT_DISCOVERY_ACROSS_FILESYSTEM not set).
2024-06-20 18:57:38.883 [info] > git rev-parse --show-toplevel [7ms]
2024-06-20 18:57:38.883 [info] fatal: not a git repository (or any parent up to mount point /)
Stopping at filesystem boundary (GIT_DISCOVERY_ACROSS_FILESYSTEM not set).
2024-06-20 18:57:38.924 [info] > git rev-parse --show-toplevel [35ms]
2024-06-20 18:57:38.924 [info] fatal: not a git repository (or any parent up to mount point /)
Stopping at filesystem boundary (GIT_DISCOVERY_ACROSS_FILESYSTEM not set).
2024-06-20 18:57:38.932 [info] > git rev-parse --show-toplevel [3ms]
2024-06-20 18:57:38.939 [info] > git rev-parse --git-dir --git-common-dir [1ms]
2024-06-20 18:57:38.943 [info] Open repository: /home/shuvam/Information_Retrieval/TREC_ToT_NEO
2024-06-20 18:57:38.956 [info] > git config --get commit.template [6ms]
2024-06-20 18:57:38.957 [info] > git rev-parse --show-toplevel [2ms]
2024-06-20 18:57:38.957 [info] fatal: not a git repository (or any parent up to mount point /)
Stopping at filesystem boundary (GIT_DISCOVERY_ACROSS_FILESYSTEM not set).
2024-06-20 18:57:38.963 [info] No remotes found in the git config file.
2024-06-20 18:57:38.971 [info] > git rev-parse --show-toplevel [3ms]
2024-06-20 18:57:38.971 [info] fatal: not a git repository (or any parent up to mount point /)
Stopping at filesystem boundary (GIT_DISCOVERY_ACROSS_FILESYSTEM not set).
2024-06-20 18:57:38.971 [info] > git for-each-ref --format=%(refname)%00%(upstream:short)%00%(objectname)%00%(upstream:track)%00%(upstream:remotename)%00%(upstream:remoteref) refs/heads/master refs/remotes/master [8ms]
2024-06-20 18:57:38.971 [warning] No such branch: master.
2024-06-20 18:57:38.994 [info] > git rev-parse --show-toplevel [9ms]
2024-06-20 18:57:38.995 [info] fatal: not a git repository (or any parent up to mount point /)
Stopping at filesystem boundary (GIT_DISCOVERY_ACROSS_FILESYSTEM not set).
2024-06-20 18:57:39.003 [info] > git status -z -uall [27ms]
2024-06-20 18:57:39.224 [info] > git rev-parse --show-toplevel [223ms]
2024-06-20 18:57:39.224 [info] fatal: not a git repository (or any parent up to mount point /)
Stopping at filesystem boundary (GIT_DISCOVERY_ACROSS_FILESYSTEM not set).
2024-06-20 18:57:39.232 [info] > git rev-parse --show-toplevel [2ms]
2024-06-20 18:57:39.232 [info] fatal: not a git repository (or any parent up to mount point /)
Stopping at filesystem boundary (GIT_DISCOVERY_ACROSS_FILESYSTEM not set).
2024-06-20 18:57:39.232 [info] > git config --get commit.template [8ms]
2024-06-20 18:57:39.238 [info] No remotes found in the git config file.
2024-06-20 18:57:39.243 [info] > git for-each-ref --format=%(refname)%00%(upstream:short)%00%(objectname)%00%(upstream:track)%00%(upstream:remotename)%00%(upstream:remoteref) refs/heads/master refs/remotes/master [6ms]
2024-06-20 18:57:39.243 [warning] No such branch: master.
2024-06-20 18:57:39.249 [info] > git rev-parse --show-toplevel [6ms]
2024-06-20 18:57:39.249 [info] fatal: not a git repository (or any parent up to mount point /)
Stopping at filesystem boundary (GIT_DISCOVERY_ACROSS_FILESYSTEM not set).
2024-06-20 18:57:39.255 [info] > git rev-parse --show-toplevel [1ms]
2024-06-20 18:57:39.255 [info] fatal: not a git repository (or any parent up to mount point /)
Stopping at filesystem boundary (GIT_DISCOVERY_ACROSS_FILESYSTEM not set).
2024-06-20 18:57:39.262 [info] > git status -z -uall [14ms]
2024-06-20 18:57:39.295 [info] > git rev-parse --show-toplevel [35ms]
2024-06-20 18:57:39.295 [info] fatal: not a git repository (or any parent up to mount point /)
Stopping at filesystem boundary (GIT_DISCOVERY_ACROSS_FILESYSTEM not set).
2024-06-20 18:57:39.303 [info] > git rev-parse --show-toplevel [2ms]
2024-06-20 18:57:39.303 [info] fatal: not a git repository (or any parent up to mount point /)
Stopping at filesystem boundary (GIT_DISCOVERY_ACROSS_FILESYSTEM not set).
2024-06-20 18:57:39.682 [info] > git rev-parse --show-toplevel [2ms]
2024-06-20 18:57:39.682 [info] fatal: not a git repository (or any parent up to mount point /)
Stopping at filesystem boundary (GIT_DISCOVERY_ACROSS_FILESYSTEM not set).
2024-06-20 18:57:44.361 [info] > git rev-parse --show-toplevel [6ms]
2024-06-20 18:57:44.361 [info] fatal: not a git repository (or any parent up to mount point /)
Stopping at filesystem boundary (GIT_DISCOVERY_ACROSS_FILESYSTEM not set).
2024-06-20 18:58:08.716 [info] > git rev-parse --show-toplevel [16ms]
2024-06-20 18:58:08.716 [info] fatal: not a git repository (or any parent up to mount point /)
Stopping at filesystem boundary (GIT_DISCOVERY_ACROSS_FILESYSTEM not set).
2024-06-20 18:58:41.689 [info] > git rev-parse --show-toplevel [11ms]
2024-06-20 18:58:41.689 [info] fatal: not a git repository (or any parent up to mount point /)
Stopping at filesystem boundary (GIT_DISCOVERY_ACROSS_FILESYSTEM not set).
2024-06-20 18:58:53.203 [info] > git rev-parse --show-toplevel [11ms]
2024-06-20 18:58:53.203 [info] fatal: not a git repository (or any parent up to mount point /)
Stopping at filesystem boundary (GIT_DISCOVERY_ACROSS_FILESYSTEM not set).
2024-06-20 19:07:08.766 [info] > git rev-parse --show-toplevel [72ms]
2024-06-20 19:07:08.767 [info] fatal: not a git repository (or any parent up to mount point /)
Stopping at filesystem boundary (GIT_DISCOVERY_ACROSS_FILESYSTEM not set).
