2024-06-20 18:57:38.818 [INFO]: No proxy settings found
2024-06-20 18:57:41.130 [INFO]: Creating manager directory: /tmp/02bf69f4-c1f3-4ef5-9240-6607866867c5/codeium/manager
2024-06-20 18:57:41.504 [INFO]: Using cached LS with valid crc32: /home/shuvam/.vscode-oss/extensions/codeium.codeium-1.8.64-universal/dist/a449546e0384eb1c5a91cd222eebb296be9a0f91/language_server_linux_x64
2024-06-20 18:57:41.511 [INFO]: Language server started
2024-06-20 18:57:41.708 [INFO]: [Language Server (stderr)]:
I0620 18:57:41.706282 24476 main.go:558] Starting language server manager with pid 24476
I0620 18:57:41.707468 24476 main.go:110] Manager acquired its lock file /tmp/02bf69f4-c1f3-4ef5-9240-6607866867c5/codeium/manager/locks/manager.lock
2024-06-20 18:57:41.709 [INFO]: [Language Server (stderr)]:
I0620 18:57:41.708660 24476 main.go:248] Waiting for random port file in /tmp/02bf69f4-c1f3-4ef5-9240-6607866867c5/codeium/manager/child_random_port_1718890061708018111_5765455529876056897 to be created
2024-06-20 18:57:41.935 [INFO]: [Language Server (stderr)]:
I0620 18:57:41.934196 24491 main.go:552] Starting language server process with pid 24491
2024-06-20 18:57:41.938 [INFO]: [Language Server (stderr)]:
I0620 18:57:41.936194 24491 server.go:156] Language server will attempt to listen on host 127.0.0.1
2024-06-20 18:57:41.939 [INFO]: [Language Server (stderr)]:
I0620 18:57:41.939123 24491 server.go:163] Language server listening on random port at 37981
2024-06-20 18:57:41.943 [INFO]: [Language Server (stderr)]:
I0620 18:57:41.943296 24491 proxy.go:113] proxyplease.proxy> No proxy provided. Attempting to infer from system.
I0620 18:57:41.943349 24491 proxy.go:113] proxyplease.proxy> No proxy could be determined. Assuming a direct connection.
I0620 18:57:41.943385 24491 client.go:589] [DEBUG] GET https://server.codeium.com/exa.api_server_pb.ApiServerService/GetCompletions
2024-06-20 18:57:42.888 [INFO]: [Language Server (stderr)]:
I0620 18:57:42.888184 24491 unleash.go:90] Initializing Unleash
2024-06-20 18:57:43.845 [INFO]: [Language Server (stderr)]:
I0620 18:57:43.844656 24491 unleash.go:110] Successfully initialized Unleash
2024-06-20 18:57:43.865 [INFO]: [Language Server (stderr)]:
E0620 18:57:43.865262 24491 client_manager.go:270] Metadata is nil when trying to refresh user JWT
2024-06-20 18:57:44.801 [INFO]: [Language Server (stderr)]:
I0620 18:57:44.800365 24491 server.go:355] Successfully created API server client
2024-06-20 18:57:44.851 [INFO]: [Language Server (stderr)]:
I0620 18:57:44.851075 24491 server.go:364] Successfully initialized tokenizer
2024-06-20 18:57:44.964 [INFO]: [Language Server (stderr)]:
I0620 18:57:44.963978 24491 server.go:473] Local search is enabled, will index local files.
I0620 18:57:44.964012 24491 server.go:477] Using 3 indexer workers
I0620 18:57:44.964069 24491 search_provider.go:200] Using database at /home/shuvam/.codeium/database/9c0694567290725d9dcba14ade58e297/2/MODEL_EMBED_6591
2024-06-20 18:57:44.971 [INFO]: [Language Server (stderr)]:
I0620 18:57:44.970552 24491 database.go:123] Bad db state detected: false
2024-06-20 18:57:44.971 [INFO]: [Language Server (stderr)]:
I0620 18:57:44.971410 24491 search_provider.go:214] Successfully created embedding search database in 7ms
2024-06-20 18:57:44.972 [INFO]: [Language Server (stderr)]:
I0620 18:57:44.971664 24491 indexer.go:224] Using 12 embed workers
I0620 18:57:44.971727 24491 search_provider.go:239] Successfully created and started indexer
I0620 18:57:44.971759 24491 search_provider.go:265] Successfully created embedding search provider
I0620 18:57:44.971773 24491 server.go:515] Successfully created exact search provider
2024-06-20 18:57:45.016 [INFO]: [Language Server (stderr)]:
I0620 18:57:45.015939 24491 server.go:545] Successfully created completion provider
2024-06-20 18:57:45.017 [INFO]: [Language Server (stderr)]:
I0620 18:57:45.016276 24491 server.go:594] Child process attempting to acquire lock file /tmp/02bf69f4-c1f3-4ef5-9240-6607866867c5/codeium/manager/locks/child_lock_1718890061708119241_6774912638309640230
I0620 18:57:45.016335 24491 server.go:602] Child process acquired lock file /tmp/02bf69f4-c1f3-4ef5-9240-6607866867c5/codeium/manager/locks/child_lock_1718890061708119241_6774912638309640230
2024-06-20 18:57:45.022 [INFO]: [Language Server (stderr)]:
I0620 18:57:45.021427 24491 server.go:183] LSP listening on random port at 39263
2024-06-20 18:57:45.022 [INFO]: [Language Server (stderr)]:
I0620 18:57:45.022134 24491 web_server.go:239] Chat Web Server listening at ws://127.0.0.1:37703
2024-06-20 18:57:45.023 [INFO]: [Language Server (stdout)]:
39263
2024-06-20 18:57:45.024 [INFO]: [Language Server (stderr)]:
I0620 18:57:45.023416 24476 main.go:284] Language server manager found random server port 37981
I0620 18:57:45.023484 24476 main.go:285] Language server manager found random lsp port 39263
I0620 18:57:45.023514 24476 main.go:292] Language server manager attempting to connect to language server at 127.0.0.1:37981
2024-06-20 18:57:45.052 [INFO]: [Language Server (stderr)]:
I0620 18:57:45.051330 24476 main.go:163] Fixing language server port at 37981
I0620 18:57:45.051352 24476 main.go:343] Language server manager successfully connected to new language server at 127.0.0.1:37981
2024-06-20 18:57:45.131 [INFO]: Found language server running on port 37981
2024-06-20 18:57:45.137 [INFO]: Downloaded binary: /home/shuvam/.codeium/bin/af6b6c543b224d348a8876f0c06245d9ea7929c5/ripgrep_linux_x64
2024-06-20 18:57:45.148 [INFO]: [Language Server (stderr)]:
I0620 18:57:45.146282 24491 rpcs_miscellaneous.go:118] Ripgrep available at /home/shuvam/.codeium/bin/af6b6c543b224d348a8876f0c06245d9ea7929c5/ripgrep_linux_x64
2024-06-20 18:57:45.333 [INFO]: [Language Server (stderr)]:
I0620 18:57:45.332780 24491 rpcs_miscellaneous.go:312] University version is up to date.
2024-06-20 18:57:46.661 [INFO]: [Language Server (stderr)]:
I0620 18:57:46.661153 24491 utils.go:172] Analyzing workspace files for /home/shuvam/Information_Retrieval/
2024-06-20 18:57:47.301 [INFO]: [Language Server (stderr)]:
I0620 18:57:47.301431 24491 utils.go:232] Done analyzing workspace files for /home/shuvam/Information_Retrieval/
I0620 18:57:47.301457 24491 lsp.go:208] Found 31037 files in workspace /home/shuvam/Information_Retrieval/
2024-06-20 18:57:48.260 [INFO]: [Language Server (stderr)]:
I0620 18:57:48.260212 24491 lsp.go:232] Adding workspace listener for [0xc00016f490]
2024-06-20 18:57:48.264 [INFO]: [Language Server (stderr)]:
I0620 18:57:48.263672 24491 indexing_listener.go:177] Exceeded limit, will only index 5000 files in workspace /home/shuvam/Information_Retrieval/
I0620 18:57:48.263703 24491 indexing_listener.go:198] Add workspace event with uid 1 for workspace /home/shuvam/Information_Retrieval/
2024-06-20 18:57:48.303 [INFO]: [Language Server (stderr)]:
I0620 18:57:48.303199 24491 lazy_model.go:29] Successfully created faiss index
2024-06-20 18:58:03.669 [INFO]: [Language Server (stderr)]:
I0620 18:58:03.668597 24491 indexing_listener.go:238] Done enqueue workspace with uid 1
2024-06-20 18:58:29.075 [INFO]: Completion request succeeded (535.89ms)
2024-06-20 18:58:29.077 [INFO]: No completions were generated
2024-06-20 18:58:29.077 [INFO]: provideInlineCompletionItems request succeeded (540.78ms)
2024-06-20 18:58:32.747 [INFO]: Completion request succeeded (493.39ms)
2024-06-20 18:58:32.748 [INFO]: Generated 1 completion
2024-06-20 18:58:32.751 [INFO]: provideInlineCompletionItems request succeeded (498.88ms)
2024-06-20 18:58:34.285 [INFO]: Completion request was cancelled by token (95.95ms)
2024-06-20 18:58:34.528 [INFO]: Completion request was cancelled by token (191.43ms)
2024-06-20 18:58:35.622 [INFO]: Completion request was cancelled by token (1041.88ms)
2024-06-20 18:58:35.758 [INFO]: Completion request was cancelled by token (84.48ms)
2024-06-20 18:58:35.878 [INFO]: Completion request was cancelled by token (69.86ms)
2024-06-20 18:58:36.161 [INFO]: Completion request was cancelled by token (231.03ms)
2024-06-20 18:58:36.363 [INFO]: Completion request was cancelled by token (149.78ms)
2024-06-20 18:58:36.441 [INFO]: Completion request was cancelled by token (25.09ms)
2024-06-20 18:58:36.634 [INFO]: Completion request was cancelled by token (142.72ms)
2024-06-20 18:58:36.689 [INFO]: [Language Server (stderr)]:
E0620 18:58:36.688222 24491 unleash_wrapper.go:58] Error parsing autocomplete model variant: unknown model name MODEL_12471: model not found
2024-06-20 18:58:37.544 [INFO]: Completion request succeeded (860.11ms)
2024-06-20 18:58:37.545 [INFO]: Generated 1 completion
2024-06-20 18:58:37.547 [INFO]: provideInlineCompletionItems request succeeded (864.1ms)
2024-06-20 18:58:39.324 [INFO]: [Language Server (stderr)]:
E0620 18:58:39.323486 24491 unleash_wrapper.go:58] Error parsing autocomplete model variant: unknown model name MODEL_12471: model not found
2024-06-20 18:58:39.801 [INFO]: Completion request succeeded (483.29ms)
2024-06-20 18:58:39.802 [INFO]: No completions were generated
2024-06-20 18:58:39.803 [INFO]: provideInlineCompletionItems request succeeded (486.06ms)
2024-06-20 19:00:06.776 [INFO]: Completion request was cancelled by token (496.2ms)
2024-06-20 19:00:08.195 [INFO]: Completion request was cancelled by token (213.49ms)
2024-06-20 19:00:09.679 [INFO]: Completion request succeeded (1433ms)
2024-06-20 19:00:09.680 [INFO]: No completions were generated
2024-06-20 19:00:09.681 [INFO]: provideInlineCompletionItems request succeeded (1436.05ms)
2024-06-20 19:05:43.881 [INFO]: [Language Server (stderr)]:
I0620 19:05:43.865914 24491 client_manager.go:248] Pruning inactive client for {954de0ea-e4a4-4ec8-a9d5-03484e212251 29a904e4-7682-4883-ab10-88a38f8a02e2}
