2024-06-20 14:41:47.630 [info] Log level: Info
2024-06-20 14:41:47.630 [info] Validating found git in: "git"
2024-06-20 14:41:47.630 [info] Using git "2.45.2" from "git"
2024-06-20 14:41:47.630 [info] > git rev-parse --show-toplevel [3ms]
2024-06-20 14:41:47.630 [info] fatal: not a git repository (or any parent up to mount point /)
Stopping at filesystem boundary (GIT_DISCOVERY_ACROSS_FILESYSTEM not set).
2024-06-20 14:41:47.630 [info] > git rev-parse --show-toplevel [5ms]
2024-06-20 14:41:47.632 [info] > git rev-parse --git-dir --git-common-dir [3ms]
2024-06-20 14:41:47.642 [info] Open repository: /home/shuvam/Information_Retrieval/TREC_ToT_NEO
2024-06-20 14:41:47.658 [info] > git config --get commit.template [10ms]
2024-06-20 14:41:48.337 [info] > git rev-parse --show-toplevel [681ms]
2024-06-20 14:41:48.337 [info] fatal: not a git repository (or any parent up to mount point /)
Stopping at filesystem boundary (GIT_DISCOVERY_ACROSS_FILESYSTEM not set).
2024-06-20 14:41:48.412 [info] No remotes found in the git config file.
2024-06-20 14:41:48.428 [info] > git rev-parse --show-toplevel [11ms]
2024-06-20 14:41:48.428 [info] fatal: not a git repository (or any parent up to mount point /)
Stopping at filesystem boundary (GIT_DISCOVERY_ACROSS_FILESYSTEM not set).
2024-06-20 14:41:48.429 [info] > git for-each-ref --format=%(refname)%00%(upstream:short)%00%(objectname)%00%(upstream:track)%00%(upstream:remotename)%00%(upstream:remoteref) refs/heads/master refs/remotes/master [18ms]
2024-06-20 14:41:48.429 [warning] No such branch: master.
2024-06-20 14:41:48.445 [info] > git rev-parse --show-toplevel [5ms]
2024-06-20 14:41:48.445 [info] fatal: not a git repository (or any parent up to mount point /)
Stopping at filesystem boundary (GIT_DISCOVERY_ACROSS_FILESYSTEM not set).
2024-06-20 14:41:48.453 [info] > git status -z -uall [19ms]
2024-06-20 14:41:48.524 [info] > git rev-parse --show-toplevel [72ms]
2024-06-20 14:41:48.524 [info] fatal: not a git repository (or any parent up to mount point /)
Stopping at filesystem boundary (GIT_DISCOVERY_ACROSS_FILESYSTEM not set).
2024-06-20 14:41:48.545 [info] > git config --get commit.template [21ms]
2024-06-20 14:41:48.546 [info] > git rev-parse --show-toplevel [2ms]
2024-06-20 14:41:48.546 [info] fatal: not a git repository (or any parent up to mount point /)
Stopping at filesystem boundary (GIT_DISCOVERY_ACROSS_FILESYSTEM not set).
2024-06-20 14:41:48.553 [info] No remotes found in the git config file.
2024-06-20 14:41:48.687 [info] > git rev-parse --show-toplevel [129ms]
2024-06-20 14:41:48.687 [info] fatal: not a git repository (or any parent up to mount point /)
Stopping at filesystem boundary (GIT_DISCOVERY_ACROSS_FILESYSTEM not set).
2024-06-20 14:41:48.687 [info] > git for-each-ref --format=%(refname)%00%(upstream:short)%00%(objectname)%00%(upstream:track)%00%(upstream:remotename)%00%(upstream:remoteref) refs/heads/master refs/remotes/master [135ms]
2024-06-20 14:41:48.687 [warning] No such branch: master.
2024-06-20 14:41:48.700 [info] > git status -z -uall [8ms]
2024-06-20 14:41:48.700 [info] > git rev-parse --show-toplevel [3ms]
2024-06-20 14:41:48.700 [info] fatal: not a git repository (or any parent up to mount point /)
Stopping at filesystem boundary (GIT_DISCOVERY_ACROSS_FILESYSTEM not set).
2024-06-20 14:41:48.727 [info] > git rev-parse --show-toplevel [1ms]
2024-06-20 14:41:48.727 [info] fatal: not a git repository (or any parent up to mount point /)
Stopping at filesystem boundary (GIT_DISCOVERY_ACROSS_FILESYSTEM not set).
2024-06-20 14:41:48.735 [info] > git rev-parse --show-toplevel [1ms]
2024-06-20 14:41:48.735 [info] fatal: not a git repository (or any parent up to mount point /)
Stopping at filesystem boundary (GIT_DISCOVERY_ACROSS_FILESYSTEM not set).
2024-06-20 14:41:48.743 [info] > git rev-parse --show-toplevel [2ms]
2024-06-20 14:41:48.743 [info] fatal: not a git repository (or any parent up to mount point /)
Stopping at filesystem boundary (GIT_DISCOVERY_ACROSS_FILESYSTEM not set).
2024-06-20 14:41:48.750 [info] > git rev-parse --show-toplevel [1ms]
2024-06-20 14:41:48.750 [info] fatal: not a git repository (or any parent up to mount point /)
Stopping at filesystem boundary (GIT_DISCOVERY_ACROSS_FILESYSTEM not set).
2024-06-20 14:41:48.761 [info] > git rev-parse --show-toplevel [2ms]
2024-06-20 14:41:48.761 [info] fatal: not a git repository (or any parent up to mount point /)
Stopping at filesystem boundary (GIT_DISCOVERY_ACROSS_FILESYSTEM not set).
2024-06-20 14:41:48.771 [info] > git rev-parse --show-toplevel [2ms]
2024-06-20 14:41:48.771 [info] fatal: not a git repository (or any parent up to mount point /)
Stopping at filesystem boundary (GIT_DISCOVERY_ACROSS_FILESYSTEM not set).
2024-06-20 14:41:48.781 [info] > git rev-parse --show-toplevel [2ms]
2024-06-20 14:41:48.781 [info] fatal: not a git repository (or any parent up to mount point /)
Stopping at filesystem boundary (GIT_DISCOVERY_ACROSS_FILESYSTEM not set).
2024-06-20 14:41:48.802 [info] > git ls-files --stage -- /home/shuvam/Information_Retrieval/TREC_ToT_NEO/results/results.txt [3ms]
2024-06-20 14:41:48.959 [info] > git cat-file -s 0ebd5e79ebcd8d91196c42f64dfd3c339245665e [151ms]
2024-06-20 14:41:49.018 [info] > git check-ignore -v -z --stdin [52ms]
2024-06-20 14:41:49.020 [info] > git show --textconv :results/results.txt [232ms]
2024-06-20 14:41:49.020 [info] > git rev-parse --show-toplevel [2ms]
2024-06-20 14:41:49.020 [info] fatal: not a git repository (or any parent up to mount point /)
Stopping at filesystem boundary (GIT_DISCOVERY_ACROSS_FILESYSTEM not set).
2024-06-20 15:45:38.735 [info] No remotes found in the git config file.
2024-06-20 15:45:38.739 [info] > git for-each-ref --format=%(refname)%00%(upstream:short)%00%(objectname)%00%(upstream:track)%00%(upstream:remotename)%00%(upstream:remoteref) refs/heads/master refs/remotes/master [5ms]
2024-06-20 15:45:38.740 [warning] No such branch: master.
2024-06-20 15:45:38.741 [info] > git config --get commit.template [23ms]
2024-06-20 15:45:38.781 [info] > git status -z -uall [26ms]
2024-06-20 15:52:22.833 [info] > git check-ignore -v -z --stdin [14ms]
2024-06-20 15:52:23.810 [info] > git check-ignore -v -z --stdin [3ms]
2024-06-20 15:52:24.471 [info] > git check-ignore -v -z --stdin [2ms]
2024-06-20 15:52:34.019 [info] > git rev-parse --show-toplevel [3ms]
2024-06-20 15:52:34.019 [info] fatal: not a git repository (or any parent up to mount point /)
Stopping at filesystem boundary (GIT_DISCOVERY_ACROSS_FILESYSTEM not set).
2024-06-20 15:52:39.379 [info] > git rev-parse --show-toplevel [3ms]
2024-06-20 15:52:39.379 [info] fatal: not a git repository (or any parent up to mount point /)
Stopping at filesystem boundary (GIT_DISCOVERY_ACROSS_FILESYSTEM not set).
2024-06-20 15:57:05.909 [info] > git config --get commit.template [1ms]
2024-06-20 15:57:05.920 [info] No remotes found in the git config file.
2024-06-20 15:57:05.920 [info] > git for-each-ref --format=%(refname)%00%(upstream:short)%00%(objectname)%00%(upstream:track)%00%(upstream:remotename)%00%(upstream:remoteref) refs/heads/master refs/remotes/master [1ms]
2024-06-20 15:57:05.921 [warning] No such branch: master.
2024-06-20 15:57:05.952 [info] > git status -z -uall [21ms]
2024-06-20 15:57:11.002 [info] No remotes found in the git config file.
2024-06-20 15:57:11.003 [info] > git config --get commit.template [10ms]
2024-06-20 15:57:11.003 [info] > git for-each-ref --format=%(refname)%00%(upstream:short)%00%(objectname)%00%(upstream:track)%00%(upstream:remotename)%00%(upstream:remoteref) refs/heads/master refs/remotes/master [2ms]
2024-06-20 15:57:11.003 [warning] No such branch: master.
2024-06-20 15:57:11.026 [info] > git status -z -uall [14ms]
2024-06-20 15:58:12.587 [info] > git rev-parse --show-toplevel [7ms]
2024-06-20 15:58:12.587 [info] fatal: not a git repository (or any parent up to mount point /)
Stopping at filesystem boundary (GIT_DISCOVERY_ACROSS_FILESYSTEM not set).
2024-06-20 16:20:24.732 [info] > git config --get commit.template [5ms]
2024-06-20 16:20:24.751 [info] No remotes found in the git config file.
2024-06-20 16:20:24.754 [info] > git for-each-ref --format=%(refname)%00%(upstream:short)%00%(objectname)%00%(upstream:track)%00%(upstream:remotename)%00%(upstream:remoteref) refs/heads/master refs/remotes/master [5ms]
2024-06-20 16:20:24.755 [warning] No such branch: master.
2024-06-20 16:20:24.784 [info] > git status -z -uall [17ms]
2024-06-20 16:29:34.366 [info] > git config --get commit.template [3ms]
2024-06-20 16:29:34.368 [info] No remotes found in the git config file.
2024-06-20 16:29:34.380 [info] > git for-each-ref --format=%(refname)%00%(upstream:short)%00%(objectname)%00%(upstream:track)%00%(upstream:remotename)%00%(upstream:remoteref) refs/heads/master refs/remotes/master [2ms]
2024-06-20 16:29:34.381 [warning] No such branch: master.
2024-06-20 16:29:34.409 [info] > git status -z -uall [18ms]
2024-06-20 16:29:39.482 [info] No remotes found in the git config file.
2024-06-20 16:29:39.483 [info] > git config --get commit.template [11ms]
2024-06-20 16:29:39.484 [info] > git for-each-ref --format=%(refname)%00%(upstream:short)%00%(objectname)%00%(upstream:track)%00%(upstream:remotename)%00%(upstream:remoteref) refs/heads/master refs/remotes/master [2ms]
2024-06-20 16:29:39.485 [warning] No such branch: master.
2024-06-20 16:29:39.510 [info] > git status -z -uall [16ms]
