2024-06-20 18:57:22.338 [info] Added views:workbench.panel.markers.view in workbench.panel.markers
2024-06-20 18:57:22.338 [info] Added views:workbench.panel.output in workbench.panel.output
2024-06-20 18:57:22.338 [info] Added views:terminal in terminal
2024-06-20 18:57:22.338 [info] Added views:outline in workbench.view.explorer
2024-06-20 18:57:22.338 [info] Added views:workbench.scm in workbench.view.scm
2024-06-20 18:57:22.338 [info] Added views:workbench.view.search in workbench.view.search
2024-06-20 18:57:22.338 [info] Added views:timeline in workbench.view.explorer
2024-06-20 18:57:22.338 [info] Added views:workbench.explorer.openEditorsView,workbench.explorer.emptyView in workbench.view.explorer
2024-06-20 18:57:22.532 [info] Added views:codeium.chatPanelView in workbench.view.extension.codeium
2024-06-20 18:57:22.673 [info] Added views:workbench.debug.variablesView,workbench.debug.watchExpressionsView,workbench.debug.callStackView,workbench.debug.breakPointsView in workbench.view.debug
2024-06-20 18:57:22.770 [info] Added views:~remote.forwardedPorts in ~remote.forwardedPortsContainer
2024-06-20 18:57:22.807 [info] Added views:workbench.panel.repl.view in workbench.panel.repl
2024-06-20 18:57:22.808 [info] Removed views:workbench.debug.breakPointsView,workbench.debug.callStackView,workbench.debug.watchExpressionsView,workbench.debug.variablesView from workbench.view.debug
2024-06-20 18:57:22.809 [info] Added views:workbench.debug.welcome in workbench.view.debug
2024-06-20 18:57:25.577 [info] Added views:workbench.panel.comments in workbench.panel.comments
2024-06-20 18:57:36.931 [info] Added views:workbench.panel.markers.view in workbench.panel.markers
2024-06-20 18:57:36.931 [info] Added views:workbench.panel.output in workbench.panel.output
2024-06-20 18:57:36.931 [info] Added views:terminal in terminal
2024-06-20 18:57:36.931 [info] Added views:outline in workbench.view.explorer
2024-06-20 18:57:36.931 [info] Added views:workbench.scm in workbench.view.scm
2024-06-20 18:57:36.931 [info] Added views:workbench.view.search in workbench.view.search
2024-06-20 18:57:36.931 [info] Added views:timeline in workbench.view.explorer
2024-06-20 18:57:36.932 [info] Added views:workbench.explorer.openEditorsView,workbench.explorer.fileView in workbench.view.explorer
2024-06-20 18:57:37.128 [info] Added views:workbench.debug.welcome in workbench.view.debug
2024-06-20 18:57:37.366 [info] Added views:codeium.chatPanelView in workbench.view.extension.codeium
2024-06-20 18:57:37.854 [info] Added views:workbench.panel.repl.view in workbench.panel.repl
2024-06-20 18:57:38.342 [info] Added views:workbench.view.testing in workbench.view.extension.test
2024-06-20 18:57:38.510 [info] Added views:~remote.forwardedPorts in ~remote.forwardedPortsContainer
2024-06-20 18:57:41.144 [info] Added views:workbench.panel.comments in workbench.panel.comments
