2024-06-20 19:30:26.452 [info] Log level: Info
2024-06-20 19:30:26.452 [info] Validating found git in: "git"
2024-06-20 19:30:26.452 [info] Using git "2.45.2" from "git"
2024-06-20 19:30:26.452 [info] > git rev-parse --show-toplevel [3ms]
2024-06-20 19:30:26.452 [info] fatal: not a git repository (or any parent up to mount point /)
Stopping at filesystem boundary (GIT_DISCOVERY_ACROSS_FILESYSTEM not set).
2024-06-20 19:30:26.453 [info] > git rev-parse --show-toplevel [4ms]
2024-06-20 19:30:26.453 [info] fatal: not a git repository (or any parent up to mount point /)
Stopping at filesystem boundary (GIT_DISCOVERY_ACROSS_FILESYSTEM not set).
2024-06-20 19:30:26.460 [info] > git rev-parse --show-toplevel [1ms]
2024-06-20 19:30:26.460 [info] fatal: not a git repository (or any parent up to mount point /)
Stopping at filesystem boundary (GIT_DISCOVERY_ACROSS_FILESYSTEM not set).
2024-06-20 19:30:26.467 [info] > git rev-parse --show-toplevel [2ms]
2024-06-20 19:30:26.467 [info] fatal: not a git repository (or any parent up to mount point /)
Stopping at filesystem boundary (GIT_DISCOVERY_ACROSS_FILESYSTEM not set).
2024-06-20 19:30:26.720 [info] > git rev-parse --show-toplevel [239ms]
2024-06-20 19:30:26.720 [info] fatal: not a git repository (or any parent up to mount point /)
Stopping at filesystem boundary (GIT_DISCOVERY_ACROSS_FILESYSTEM not set).
2024-06-20 19:30:26.763 [info] > git rev-parse --show-toplevel [4ms]
2024-06-20 19:30:26.763 [info] fatal: not a git repository (or any parent up to mount point /)
Stopping at filesystem boundary (GIT_DISCOVERY_ACROSS_FILESYSTEM not set).
2024-06-20 19:30:26.769 [info] > git rev-parse --show-toplevel [2ms]
2024-06-20 19:30:26.769 [info] fatal: not a git repository (or any parent up to mount point /)
Stopping at filesystem boundary (GIT_DISCOVERY_ACROSS_FILESYSTEM not set).
2024-06-20 19:30:26.774 [info] > git rev-parse --show-toplevel [1ms]
2024-06-20 19:30:26.774 [info] fatal: not a git repository (or any parent up to mount point /)
Stopping at filesystem boundary (GIT_DISCOVERY_ACROSS_FILESYSTEM not set).
2024-06-20 19:30:26.783 [info] > git rev-parse --show-toplevel [2ms]
2024-06-20 19:30:26.789 [info] > git rev-parse --git-dir --git-common-dir [2ms]
2024-06-20 19:30:26.797 [info] Open repository: /home/shuvam/Information_Retrieval/TREC_ToT_NEO
2024-06-20 19:30:26.811 [info] > git config --get commit.template [5ms]
2024-06-20 19:30:26.813 [info] > git rev-parse --show-toplevel [4ms]
2024-06-20 19:30:26.813 [info] fatal: not a git repository (or any parent up to mount point /)
Stopping at filesystem boundary (GIT_DISCOVERY_ACROSS_FILESYSTEM not set).
2024-06-20 19:30:26.818 [info] No remotes found in the git config file.
2024-06-20 19:30:26.824 [info] > git for-each-ref --format=%(refname)%00%(upstream:short)%00%(objectname)%00%(upstream:track)%00%(upstream:remotename)%00%(upstream:remoteref) refs/heads/master refs/remotes/master [6ms]
2024-06-20 19:30:26.824 [warning] No such branch: master.
2024-06-20 19:30:26.853 [info] > git status -z -uall [25ms]
2024-06-20 19:30:26.905 [info] > git rev-parse --show-toplevel [83ms]
2024-06-20 19:30:26.905 [info] fatal: not a git repository (or any parent up to mount point /)
Stopping at filesystem boundary (GIT_DISCOVERY_ACROSS_FILESYSTEM not set).
2024-06-20 19:30:27.104 [info] > git config --get commit.template [5ms]
2024-06-20 19:30:27.104 [info] > git rev-parse --show-toplevel [1ms]
2024-06-20 19:30:27.105 [info] fatal: not a git repository (or any parent up to mount point /)
Stopping at filesystem boundary (GIT_DISCOVERY_ACROSS_FILESYSTEM not set).
2024-06-20 19:30:27.109 [info] No remotes found in the git config file.
2024-06-20 19:30:27.114 [info] > git for-each-ref --format=%(refname)%00%(upstream:short)%00%(objectname)%00%(upstream:track)%00%(upstream:remotename)%00%(upstream:remoteref) refs/heads/master refs/remotes/master [5ms]
2024-06-20 19:30:27.114 [warning] No such branch: master.
2024-06-20 19:30:27.119 [info] > git rev-parse --show-toplevel [6ms]
2024-06-20 19:30:27.119 [info] fatal: not a git repository (or any parent up to mount point /)
Stopping at filesystem boundary (GIT_DISCOVERY_ACROSS_FILESYSTEM not set).
2024-06-20 19:30:27.125 [info] > git rev-parse --show-toplevel [2ms]
2024-06-20 19:30:27.125 [info] fatal: not a git repository (or any parent up to mount point /)
Stopping at filesystem boundary (GIT_DISCOVERY_ACROSS_FILESYSTEM not set).
2024-06-20 19:30:27.131 [info] > git status -z -uall [12ms]
2024-06-20 19:30:27.167 [info] > git rev-parse --show-toplevel [38ms]
2024-06-20 19:30:27.167 [info] fatal: not a git repository (or any parent up to mount point /)
Stopping at filesystem boundary (GIT_DISCOVERY_ACROSS_FILESYSTEM not set).
2024-06-20 19:30:27.173 [info] > git rev-parse --show-toplevel [2ms]
2024-06-20 19:30:27.173 [info] fatal: not a git repository (or any parent up to mount point /)
Stopping at filesystem boundary (GIT_DISCOVERY_ACROSS_FILESYSTEM not set).
2024-06-20 19:30:27.178 [info] > git rev-parse --show-toplevel [1ms]
2024-06-20 19:30:27.178 [info] fatal: not a git repository (or any parent up to mount point /)
Stopping at filesystem boundary (GIT_DISCOVERY_ACROSS_FILESYSTEM not set).
2024-06-20 19:30:27.183 [info] > git rev-parse --show-toplevel [1ms]
2024-06-20 19:30:27.183 [info] fatal: not a git repository (or any parent up to mount point /)
Stopping at filesystem boundary (GIT_DISCOVERY_ACROSS_FILESYSTEM not set).
2024-06-20 19:30:27.679 [info] > git rev-parse --show-toplevel [2ms]
2024-06-20 19:30:27.679 [info] fatal: not a git repository (or any parent up to mount point /)
Stopping at filesystem boundary (GIT_DISCOVERY_ACROSS_FILESYSTEM not set).
2024-06-20 19:34:46.065 [info] > git rev-parse --show-toplevel [22ms]
2024-06-20 19:34:46.065 [info] fatal: not a git repository (or any parent up to mount point /)
Stopping at filesystem boundary (GIT_DISCOVERY_ACROSS_FILESYSTEM not set).
2024-06-20 19:36:23.858 [info] > git rev-parse --show-toplevel [9ms]
2024-06-20 19:36:23.858 [info] fatal: not a git repository (or any parent up to mount point /)
Stopping at filesystem boundary (GIT_DISCOVERY_ACROSS_FILESYSTEM not set).
