2024-06-20 19:28:05.858 [info] Log level: Info
2024-06-20 19:28:05.858 [info] Validating found git in: "git"
2024-06-20 19:28:05.858 [info] Using git "2.45.2" from "git"
2024-06-20 19:28:05.858 [info] > git rev-parse --show-toplevel [3ms]
2024-06-20 19:28:05.858 [info] fatal: not a git repository (or any parent up to mount point /)
Stopping at filesystem boundary (GIT_DISCOVERY_ACROSS_FILESYSTEM not set).
2024-06-20 19:28:05.858 [info] > git rev-parse --show-toplevel [3ms]
2024-06-20 19:28:05.858 [info] fatal: not a git repository (or any parent up to mount point /)
Stopping at filesystem boundary (GIT_DISCOVERY_ACROSS_FILESYSTEM not set).
2024-06-20 19:28:05.904 [info] > git rev-parse --show-toplevel [40ms]
2024-06-20 19:28:05.904 [info] fatal: not a git repository (or any parent up to mount point /)
Stopping at filesystem boundary (GIT_DISCOVERY_ACROSS_FILESYSTEM not set).
2024-06-20 19:28:05.914 [info] > git rev-parse --show-toplevel [4ms]
2024-06-20 19:28:05.914 [info] fatal: not a git repository (or any parent up to mount point /)
Stopping at filesystem boundary (GIT_DISCOVERY_ACROSS_FILESYSTEM not set).
2024-06-20 19:28:05.921 [info] > git rev-parse --show-toplevel [2ms]
2024-06-20 19:28:05.921 [info] fatal: not a git repository (or any parent up to mount point /)
Stopping at filesystem boundary (GIT_DISCOVERY_ACROSS_FILESYSTEM not set).
2024-06-20 19:28:05.928 [info] > git rev-parse --show-toplevel [2ms]
2024-06-20 19:28:05.928 [info] fatal: not a git repository (or any parent up to mount point /)
Stopping at filesystem boundary (GIT_DISCOVERY_ACROSS_FILESYSTEM not set).
2024-06-20 19:28:05.934 [info] > git rev-parse --show-toplevel [2ms]
2024-06-20 19:28:05.934 [info] fatal: not a git repository (or any parent up to mount point /)
Stopping at filesystem boundary (GIT_DISCOVERY_ACROSS_FILESYSTEM not set).
2024-06-20 19:28:05.940 [info] > git rev-parse --show-toplevel [2ms]
2024-06-20 19:28:05.940 [info] fatal: not a git repository (or any parent up to mount point /)
Stopping at filesystem boundary (GIT_DISCOVERY_ACROSS_FILESYSTEM not set).
2024-06-20 19:28:05.949 [info] > git rev-parse --show-toplevel [4ms]
2024-06-20 19:28:05.990 [info] > git rev-parse --git-dir --git-common-dir [35ms]
2024-06-20 19:28:05.993 [info] Open repository: /home/shuvam/Information_Retrieval/TREC_ToT_NEO
2024-06-20 19:28:06.005 [info] > git config --get commit.template [6ms]
2024-06-20 19:28:06.006 [info] > git rev-parse --show-toplevel [2ms]
2024-06-20 19:28:06.006 [info] fatal: not a git repository (or any parent up to mount point /)
Stopping at filesystem boundary (GIT_DISCOVERY_ACROSS_FILESYSTEM not set).
2024-06-20 19:28:06.012 [info] No remotes found in the git config file.
2024-06-20 19:28:06.018 [info] > git for-each-ref --format=%(refname)%00%(upstream:short)%00%(objectname)%00%(upstream:track)%00%(upstream:remotename)%00%(upstream:remoteref) refs/heads/master refs/remotes/master [7ms]
2024-06-20 19:28:06.018 [warning] No such branch: master.
2024-06-20 19:28:06.025 [info] > git rev-parse --show-toplevel [8ms]
2024-06-20 19:28:06.025 [info] fatal: not a git repository (or any parent up to mount point /)
Stopping at filesystem boundary (GIT_DISCOVERY_ACROSS_FILESYSTEM not set).
2024-06-20 19:28:06.032 [info] > git rev-parse --show-toplevel [2ms]
2024-06-20 19:28:06.032 [info] fatal: not a git repository (or any parent up to mount point /)
Stopping at filesystem boundary (GIT_DISCOVERY_ACROSS_FILESYSTEM not set).
2024-06-20 19:28:06.038 [info] > git rev-parse --show-toplevel [2ms]
2024-06-20 19:28:06.038 [info] fatal: not a git repository (or any parent up to mount point /)
Stopping at filesystem boundary (GIT_DISCOVERY_ACROSS_FILESYSTEM not set).
2024-06-20 19:28:06.043 [info] > git status -z -uall [20ms]
2024-06-20 19:28:06.268 [info] > git rev-parse --show-toplevel [226ms]
2024-06-20 19:28:06.268 [info] fatal: not a git repository (or any parent up to mount point /)
Stopping at filesystem boundary (GIT_DISCOVERY_ACROSS_FILESYSTEM not set).
2024-06-20 19:28:06.283 [info] > git config --get commit.template [15ms]
2024-06-20 19:28:06.289 [info] No remotes found in the git config file.
2024-06-20 19:28:06.289 [info] > git rev-parse --show-toplevel [6ms]
2024-06-20 19:28:06.289 [info] fatal: not a git repository (or any parent up to mount point /)
Stopping at filesystem boundary (GIT_DISCOVERY_ACROSS_FILESYSTEM not set).
2024-06-20 19:28:06.294 [info] > git for-each-ref --format=%(refname)%00%(upstream:short)%00%(objectname)%00%(upstream:track)%00%(upstream:remotename)%00%(upstream:remoteref) refs/heads/master refs/remotes/master [5ms]
2024-06-20 19:28:06.294 [warning] No such branch: master.
2024-06-20 19:28:06.300 [info] > git rev-parse --show-toplevel [6ms]
2024-06-20 19:28:06.300 [info] fatal: not a git repository (or any parent up to mount point /)
Stopping at filesystem boundary (GIT_DISCOVERY_ACROSS_FILESYSTEM not set).
2024-06-20 19:28:06.309 [info] > git rev-parse --show-toplevel [3ms]
2024-06-20 19:28:06.309 [info] fatal: not a git repository (or any parent up to mount point /)
Stopping at filesystem boundary (GIT_DISCOVERY_ACROSS_FILESYSTEM not set).
2024-06-20 19:28:06.316 [info] > git status -z -uall [17ms]
2024-06-20 19:28:06.355 [info] > git rev-parse --show-toplevel [40ms]
2024-06-20 19:28:06.355 [info] fatal: not a git repository (or any parent up to mount point /)
Stopping at filesystem boundary (GIT_DISCOVERY_ACROSS_FILESYSTEM not set).
2024-06-20 19:28:06.777 [info] > git rev-parse --show-toplevel [1ms]
2024-06-20 19:28:06.777 [info] fatal: not a git repository (or any parent up to mount point /)
Stopping at filesystem boundary (GIT_DISCOVERY_ACROSS_FILESYSTEM not set).
2024-06-20 19:28:22.644 [info] > git rev-parse --show-toplevel [8ms]
2024-06-20 19:28:22.644 [info] fatal: not a git repository (or any parent up to mount point /)
Stopping at filesystem boundary (GIT_DISCOVERY_ACROSS_FILESYSTEM not set).
