2024-06-20 14:41:48.356 [INFO]: No proxy settings found
2024-06-20 14:41:50.668 [INFO]: Creating manager directory: /tmp/063e7c61-0ed3-42da-9158-1e0443018bf0/codeium/manager
2024-06-20 14:41:51.119 [INFO]: Using cached LS with valid crc32: /home/shuvam/.vscode-oss/extensions/codeium.codeium-1.8.64-universal/dist/a449546e0384eb1c5a91cd222eebb296be9a0f91/language_server_linux_x64
2024-06-20 14:41:51.124 [INFO]: Language server started
2024-06-20 14:41:51.241 [INFO]: [Language Server (stderr)]:
I0620 14:41:51.240483  4196 main.go:558] Starting language server manager with pid 4196
I0620 14:41:51.240575  4196 main.go:110] Manager acquired its lock file /tmp/063e7c61-0ed3-42da-9158-1e0443018bf0/codeium/manager/locks/manager.lock
2024-06-20 14:41:51.242 [INFO]: [Language Server (stderr)]:
I0620 14:41:51.241014  4196 main.go:248] Waiting for random port file in /tmp/063e7c61-0ed3-42da-9158-1e0443018bf0/codeium/manager/child_random_port_1718874711240674115_4959133138659184191 to be created
2024-06-20 14:41:51.362 [INFO]: [Language Server (stderr)]:
I0620 14:41:51.362176  4210 main.go:552] Starting language server process with pid 4210
I0620 14:41:51.362231  4210 server.go:156] Language server will attempt to listen on host 127.0.0.1
I0620 14:41:51.362334  4210 server.go:163] Language server listening on random port at 42973
I0620 14:41:51.362384  4210 proxy.go:113] proxyplease.proxy> No proxy provided. Attempting to infer from system.
2024-06-20 14:41:51.363 [INFO]: [Language Server (stderr)]:
I0620 14:41:51.362397  4210 proxy.go:113] proxyplease.proxy> No proxy could be determined. Assuming a direct connection.
I0620 14:41:51.362415  4210 client.go:589] [DEBUG] GET https://server.codeium.com/exa.api_server_pb.ApiServerService/GetCompletions
2024-06-20 14:41:52.211 [INFO]: [Language Server (stderr)]:
I0620 14:41:52.210825  4210 unleash.go:90] Initializing Unleash
2024-06-20 14:41:53.020 [INFO]: [Language Server (stderr)]:
I0620 14:41:53.018989  4210 unleash.go:110] Successfully initialized Unleash
2024-06-20 14:41:53.031 [INFO]: [Language Server (stderr)]:
E0620 14:41:53.030865  4210 client_manager.go:270] Metadata is nil when trying to refresh user JWT
2024-06-20 14:41:53.812 [INFO]: [Language Server (stderr)]:
I0620 14:41:53.811981  4210 server.go:355] Successfully created API server client
2024-06-20 14:41:53.845 [INFO]: [Language Server (stderr)]:
I0620 14:41:53.845191  4210 server.go:364] Successfully initialized tokenizer
2024-06-20 14:41:53.946 [INFO]: [Language Server (stderr)]:
I0620 14:41:53.945471  4210 server.go:473] Local search is enabled, will index local files.
I0620 14:41:53.945502  4210 server.go:477] Using 3 indexer workers
I0620 14:41:53.945559  4210 search_provider.go:200] Using database at /home/shuvam/.codeium/database/9c0694567290725d9dcba14ade58e297/2/MODEL_EMBED_6591
2024-06-20 14:41:53.952 [INFO]: [Language Server (stderr)]:
I0620 14:41:53.951715  4210 database.go:123] Bad db state detected: false
2024-06-20 14:41:53.953 [INFO]: [Language Server (stderr)]:
I0620 14:41:53.952752  4210 search_provider.go:214] Successfully created embedding search database in 7ms
2024-06-20 14:41:53.953 [INFO]: [Language Server (stderr)]:
I0620 14:41:53.953203  4210 indexer.go:224] Using 12 embed workers
2024-06-20 14:41:53.954 [INFO]: [Language Server (stderr)]:
I0620 14:41:53.953325  4210 search_provider.go:239] Successfully created and started indexer
I0620 14:41:53.953375  4210 search_provider.go:265] Successfully created embedding search provider
I0620 14:41:53.953388  4210 server.go:515] Successfully created exact search provider
2024-06-20 14:41:53.985 [INFO]: [Language Server (stderr)]:
I0620 14:41:53.984773  4210 server.go:545] Successfully created completion provider
2024-06-20 14:41:53.985 [INFO]: [Language Server (stderr)]:
I0620 14:41:53.984924  4210 server.go:594] Child process attempting to acquire lock file /tmp/063e7c61-0ed3-42da-9158-1e0443018bf0/codeium/manager/locks/child_lock_1718874711240708528_6758477746520714048
I0620 14:41:53.984964  4210 server.go:602] Child process acquired lock file /tmp/063e7c61-0ed3-42da-9158-1e0443018bf0/codeium/manager/locks/child_lock_1718874711240708528_6758477746520714048
2024-06-20 14:41:53.989 [INFO]: [Language Server (stderr)]:
I0620 14:41:53.988979  4210 server.go:183] LSP listening on random port at 38193
2024-06-20 14:41:53.990 [INFO]: [Language Server (stderr)]:
I0620 14:41:53.989353  4210 web_server.go:239] Chat Web Server listening at ws://127.0.0.1:37591
2024-06-20 14:41:54.052 [INFO]: [Language Server (stdout)]:
38193
2024-06-20 14:41:54.052 [INFO]: [Language Server (stderr)]:
I0620 14:41:54.051750  4196 main.go:284] Language server manager found random server port 42973
I0620 14:41:54.051785  4196 main.go:285] Language server manager found random lsp port 38193
I0620 14:41:54.051800  4196 main.go:292] Language server manager attempting to connect to language server at 127.0.0.1:42973
2024-06-20 14:41:54.075 [INFO]: [Language Server (stderr)]:
I0620 14:41:54.075427  4196 main.go:163] Fixing language server port at 42973
I0620 14:41:54.075458  4196 main.go:343] Language server manager successfully connected to new language server at 127.0.0.1:42973
2024-06-20 14:41:54.141 [INFO]: Found language server running on port 42973
2024-06-20 14:41:54.151 [INFO]: Downloaded binary: /home/shuvam/.codeium/bin/af6b6c543b224d348a8876f0c06245d9ea7929c5/ripgrep_linux_x64
2024-06-20 14:41:54.168 [INFO]: [Language Server (stderr)]:
I0620 14:41:54.168127  4210 rpcs_miscellaneous.go:118] Ripgrep available at /home/shuvam/.codeium/bin/af6b6c543b224d348a8876f0c06245d9ea7929c5/ripgrep_linux_x64
2024-06-20 14:41:54.456 [INFO]: [Language Server (stderr)]:
I0620 14:41:54.455991  4210 rpcs_miscellaneous.go:312] University version is up to date.
2024-06-20 14:41:55.331 [INFO]: [Language Server (stderr)]:
I0620 14:41:55.330695  4210 utils.go:172] Analyzing workspace files for /home/shuvam/Information_Retrieval/
2024-06-20 14:41:56.001 [INFO]: [Language Server (stderr)]:
I0620 14:41:56.000767  4210 utils.go:232] Done analyzing workspace files for /home/shuvam/Information_Retrieval/
I0620 14:41:56.000792  4210 lsp.go:208] Found 31595 files in workspace /home/shuvam/Information_Retrieval/
2024-06-20 14:41:57.000 [INFO]: [Language Server (stderr)]:
I0620 14:41:56.999965  4210 lsp.go:232] Adding workspace listener for [0xc00043b6c0]
2024-06-20 14:41:57.004 [INFO]: [Language Server (stderr)]:
I0620 14:41:57.003629  4210 indexing_listener.go:177] Exceeded limit, will only index 5000 files in workspace /home/shuvam/Information_Retrieval/
I0620 14:41:57.003669  4210 indexing_listener.go:198] Add workspace event with uid 1 for workspace /home/shuvam/Information_Retrieval/
2024-06-20 14:41:57.016 [INFO]: [Language Server (stderr)]:
I0620 14:41:57.015983  4210 lazy_model.go:29] Successfully created faiss index
2024-06-20 14:42:18.051 [INFO]: [Language Server (stderr)]:
I0620 14:42:18.051145  4210 indexing_listener.go:238] Done enqueue workspace with uid 1
2024-06-20 14:47:53.033 [INFO]: [Language Server (stderr)]:
I0620 14:47:53.031439  4210 client_manager.go:248] Pruning inactive client for {954de0ea-e4a4-4ec8-a9d5-03484e212251 ebef2f3d-9592-4d70-bcfa-e696a4c58689}
2024-06-20 16:19:36.653 [INFO]: Completion request was cancelled by token (1750.91ms)
2024-06-20 16:19:38.157 [INFO]: Completion request succeeded (474.44ms)
2024-06-20 16:19:38.159 [INFO]: No completions were generated
2024-06-20 16:19:38.160 [INFO]: provideInlineCompletionItems request succeeded (477.27ms)
2024-06-20 16:22:02.310 [INFO]: Completion request was cancelled by token (46.19ms)
2024-06-20 16:22:03.217 [INFO]: Completion request succeeded (859.41ms)
2024-06-20 16:22:03.218 [INFO]: Generated 3 completions
2024-06-20 16:22:03.220 [INFO]: provideInlineCompletionItems request succeeded (862.81ms)
2024-06-20 16:22:09.800 [INFO]: Completion request succeeded (468.2ms)
2024-06-20 16:22:09.802 [INFO]: No completions were generated
2024-06-20 16:22:09.802 [INFO]: provideInlineCompletionItems request succeeded (470.84ms)
2024-06-20 16:22:11.173 [INFO]: Completion request succeeded (1095.81ms)
2024-06-20 16:22:11.175 [INFO]: Generated 1 completion
2024-06-20 16:22:11.176 [INFO]: provideInlineCompletionItems request succeeded (1099.09ms)
2024-06-20 16:22:12.176 [INFO]: Completion request was cancelled by token (194.03ms)
2024-06-20 16:22:12.809 [INFO]: Completion request was cancelled by token (583.05ms)
2024-06-20 16:22:13.726 [INFO]: Completion request was cancelled by token (869.13ms)
2024-06-20 16:22:14.435 [INFO]: Completion request succeeded (659.22ms)
2024-06-20 16:22:14.436 [INFO]: No completions were generated
2024-06-20 16:22:14.436 [INFO]: provideInlineCompletionItems request succeeded (661.1ms)
2024-06-20 16:22:15.436 [INFO]: Completion request was cancelled by token (57.21ms)
2024-06-20 16:22:15.963 [INFO]: Completion request succeeded (477.32ms)
2024-06-20 16:22:15.964 [INFO]: No completions were generated
2024-06-20 16:22:15.965 [INFO]: provideInlineCompletionItems request succeeded (479.73ms)
2024-06-20 16:22:45.902 [INFO]: Completion request succeeded (832.93ms)
2024-06-20 16:22:45.903 [INFO]: Generated 6 completions
2024-06-20 16:22:45.905 [INFO]: provideInlineCompletionItems request succeeded (836.7ms)
2024-06-20 16:26:54.214 [INFO]: [Language Server (stderr)]:
E0620 16:26:54.213293  4210 unleash.go:60] Unleash error: Get "https://unleash.codeium.com/api/client/features": context deadline exceeded (Client.Timeout exceeded while awaiting headers)
2024-06-20 16:27:54.214 [INFO]: [Language Server (stderr)]:
E0620 16:27:54.212969  4210 unleash.go:60] Unleash error: Get "https://unleash.codeium.com/api/client/features": context deadline exceeded (Client.Timeout exceeded while awaiting headers)
2024-06-20 16:28:53.032 [INFO]: [Language Server (stderr)]:
I0620 16:28:53.031703  4210 client_manager.go:248] Pruning inactive client for {954de0ea-e4a4-4ec8-a9d5-03484e212251 ebef2f3d-9592-4d70-bcfa-e696a4c58689}
2024-06-20 16:29:42.697 [INFO]: Disposing language server process
2024-06-20 16:29:42.697 [INFO]: Deleting manager directory: /tmp/063e7c61-0ed3-42da-9158-1e0443018bf0/codeium/manager
2024-06-20 16:29:42.699 [INFO]: Successfully disposed language server
2024-06-20 16:29:42.719 [INFO]: [Language Server (stderr)]:
W0620 16:29:42.698082  4196 main.go:114] Language server manager got signal terminated, shutting down
2024-06-20 16:29:42.723 [INFO]: [Language Server (stderr)]:
I0620 16:29:42.723215  4210 server.go:703] Exit requested on language server process 4210
I0620 16:29:42.723369  4210 server.go:680] Language server shutting down
