2024-06-20 16:29:47.819 [INFO]: No proxy settings found
2024-06-20 16:29:50.048 [INFO]: Creating manager directory: /tmp/6baf1281-80d6-4287-8edc-a75ecf4e50bf/codeium/manager
2024-06-20 16:29:50.400 [INFO]: Using cached LS with valid crc32: /home/shuvam/.vscode-oss/extensions/codeium.codeium-1.8.64-universal/dist/a449546e0384eb1c5a91cd222eebb296be9a0f91/language_server_linux_x64
2024-06-20 16:29:50.408 [INFO]: Language server started
2024-06-20 16:29:50.527 [INFO]: [Language Server (stderr)]:
I0620 16:29:50.526666 55445 main.go:558] Starting language server manager with pid 55445
I0620 16:29:50.526773 55445 main.go:110] Manager acquired its lock file /tmp/6baf1281-80d6-4287-8edc-a75ecf4e50bf/codeium/manager/locks/manager.lock
2024-06-20 16:29:50.528 [INFO]: [Language Server (stderr)]:
I0620 16:29:50.527373 55445 main.go:248] Waiting for random port file in /tmp/6baf1281-80d6-4287-8edc-a75ecf4e50bf/codeium/manager/child_random_port_1718881190526990460_6979333289127474654 to be created
2024-06-20 16:29:50.651 [INFO]: [Language Server (stderr)]:
I0620 16:29:50.651189 55461 main.go:552] Starting language server process with pid 55461
I0620 16:29:50.651246 55461 server.go:156] Language server will attempt to listen on host 127.0.0.1
I0620 16:29:50.651344 55461 server.go:163] Language server listening on random port at 33155
I0620 16:29:50.651398 55461 proxy.go:113] proxyplease.proxy> No proxy provided. Attempting to infer from system.
I0620 16:29:50.651413 55461 proxy.go:113] proxyplease.proxy> No proxy could be determined. Assuming a direct connection.
2024-06-20 16:29:50.652 [INFO]: [Language Server (stderr)]:
I0620 16:29:50.651436 55461 client.go:589] [DEBUG] GET https://server.codeium.com/exa.api_server_pb.ApiServerService/GetCompletions
2024-06-20 16:29:51.514 [INFO]: [Language Server (stderr)]:
I0620 16:29:51.513986 55461 unleash.go:90] Initializing Unleash
2024-06-20 16:29:52.346 [INFO]: [Language Server (stderr)]:
I0620 16:29:52.345662 55461 unleash.go:110] Successfully initialized Unleash
2024-06-20 16:29:52.357 [INFO]: [Language Server (stderr)]:
E0620 16:29:52.356697 55461 client_manager.go:270] Metadata is nil when trying to refresh user JWT
2024-06-20 16:29:53.141 [INFO]: [Language Server (stderr)]:
I0620 16:29:53.141208 55461 server.go:355] Successfully created API server client
2024-06-20 16:29:53.181 [INFO]: [Language Server (stderr)]:
I0620 16:29:53.180315 55461 server.go:364] Successfully initialized tokenizer
2024-06-20 16:29:53.277 [INFO]: [Language Server (stderr)]:
I0620 16:29:53.276401 55461 server.go:473] Local search is enabled, will index local files.
I0620 16:29:53.276440 55461 server.go:477] Using 3 indexer workers
I0620 16:29:53.276469 55461 search_provider.go:200] Using database at /home/shuvam/.codeium/database/9c0694567290725d9dcba14ade58e297/2/MODEL_EMBED_6591
2024-06-20 16:29:53.291 [INFO]: [Language Server (stderr)]:
I0620 16:29:53.290534 55461 database.go:123] Bad db state detected: false
2024-06-20 16:29:53.291 [INFO]: [Language Server (stderr)]:
I0620 16:29:53.291573 55461 search_provider.go:214] Successfully created embedding search database in 15ms
2024-06-20 16:29:53.292 [INFO]: [Language Server (stderr)]:
I0620 16:29:53.291826 55461 indexer.go:224] Using 12 embed workers
I0620 16:29:53.291877 55461 search_provider.go:239] Successfully created and started indexer
I0620 16:29:53.291916 55461 search_provider.go:265] Successfully created embedding search provider
I0620 16:29:53.291932 55461 server.go:515] Successfully created exact search provider
2024-06-20 16:29:53.325 [INFO]: [Language Server (stderr)]:
I0620 16:29:53.325024 55461 server.go:545] Successfully created completion provider
I0620 16:29:53.325157 55461 server.go:594] Child process attempting to acquire lock file /tmp/6baf1281-80d6-4287-8edc-a75ecf4e50bf/codeium/manager/locks/child_lock_1718881190527015847_4059296507143993604
I0620 16:29:53.325199 55461 server.go:602] Child process acquired lock file /tmp/6baf1281-80d6-4287-8edc-a75ecf4e50bf/codeium/manager/locks/child_lock_1718881190527015847_4059296507143993604
2024-06-20 16:29:53.330 [INFO]: [Language Server (stderr)]:
I0620 16:29:53.329835 55461 server.go:183] LSP listening on random port at 35729
2024-06-20 16:29:53.331 [INFO]: [Language Server (stderr)]:
I0620 16:29:53.330353 55461 web_server.go:239] Chat Web Server listening at ws://127.0.0.1:39509
2024-06-20 16:29:53.339 [INFO]: [Language Server (stdout)]:
35729
2024-06-20 16:29:53.339 [INFO]: [Language Server (stderr)]:
I0620 16:29:53.338788 55445 main.go:284] Language server manager found random server port 33155
I0620 16:29:53.338831 55445 main.go:285] Language server manager found random lsp port 35729
I0620 16:29:53.338855 55445 main.go:292] Language server manager attempting to connect to language server at 127.0.0.1:33155
2024-06-20 16:29:53.362 [INFO]: [Language Server (stderr)]:
I0620 16:29:53.361642 55445 main.go:163] Fixing language server port at 33155
I0620 16:29:53.361667 55445 main.go:343] Language server manager successfully connected to new language server at 127.0.0.1:33155
2024-06-20 16:29:53.429 [INFO]: Found language server running on port 33155
2024-06-20 16:29:53.434 [INFO]: Downloaded binary: /home/shuvam/.codeium/bin/af6b6c543b224d348a8876f0c06245d9ea7929c5/ripgrep_linux_x64
2024-06-20 16:29:53.444 [INFO]: [Language Server (stderr)]:
I0620 16:29:53.442405 55461 rpcs_miscellaneous.go:118] Ripgrep available at /home/shuvam/.codeium/bin/af6b6c543b224d348a8876f0c06245d9ea7929c5/ripgrep_linux_x64
2024-06-20 16:29:53.590 [INFO]: [Language Server (stderr)]:
I0620 16:29:53.589997 55461 rpcs_miscellaneous.go:312] University version is up to date.
2024-06-20 16:29:54.241 [INFO]: [Language Server (stderr)]:
I0620 16:29:54.240686 55461 utils.go:172] Analyzing workspace files for /home/shuvam/Information_Retrieval/
2024-06-20 16:29:55.045 [INFO]: [Language Server (stderr)]:
I0620 16:29:55.044954 55461 utils.go:232] Done analyzing workspace files for /home/shuvam/Information_Retrieval/
I0620 16:29:55.044972 55461 lsp.go:208] Found 31593 files in workspace /home/shuvam/Information_Retrieval/
2024-06-20 16:29:55.990 [INFO]: [Language Server (stderr)]:
I0620 16:29:55.989905 55461 lsp.go:232] Adding workspace listener for [0xc0002d6850]
2024-06-20 16:29:55.993 [INFO]: [Language Server (stderr)]:
I0620 16:29:55.992955 55461 indexing_listener.go:177] Exceeded limit, will only index 5000 files in workspace /home/shuvam/Information_Retrieval/
I0620 16:29:55.992975 55461 indexing_listener.go:198] Add workspace event with uid 1 for workspace /home/shuvam/Information_Retrieval/
2024-06-20 16:29:56.002 [INFO]: [Language Server (stderr)]:
I0620 16:29:56.001531 55461 lazy_model.go:29] Successfully created faiss index
2024-06-20 16:30:09.040 [INFO]: [Language Server (stderr)]:
I0620 16:30:09.038815 55461 indexing_listener.go:238] Done enqueue workspace with uid 1
2024-06-20 16:35:52.358 [INFO]: [Language Server (stderr)]:
I0620 16:35:52.357439 55461 client_manager.go:248] Pruning inactive client for {954de0ea-e4a4-4ec8-a9d5-03484e212251 77acd2b2-4d1b-4dd5-9ffb-6f164e784098}
2024-06-20 17:03:27.793 [INFO]: Completion request succeeded (2309.99ms)
2024-06-20 17:03:27.795 [INFO]: No completions were generated
2024-06-20 17:03:27.795 [INFO]: provideInlineCompletionItems request succeeded (2315.09ms)
2024-06-20 17:04:03.920 [INFO]: Completion request succeeded (484.16ms)
2024-06-20 17:04:03.921 [INFO]: No completions were generated
2024-06-20 17:04:03.921 [INFO]: provideInlineCompletionItems request succeeded (486.52ms)
2024-06-20 17:04:31.704 [INFO]: Completion request succeeded (592.35ms)
2024-06-20 17:04:31.706 [INFO]: Generated 3 completions
2024-06-20 17:04:31.710 [INFO]: provideInlineCompletionItems request succeeded (599.49ms)
2024-06-20 17:06:56.978 [INFO]: Completion request succeeded (960.06ms)
2024-06-20 17:06:56.987 [INFO]: Generated 2 completions
2024-06-20 17:06:56.996 [INFO]: provideInlineCompletionItems request succeeded (987.76ms)
2024-06-20 17:06:59.509 [INFO]: Completion request was cancelled by token (179.81ms)
2024-06-20 17:06:59.577 [INFO]: Skipping completions because autocomplete is open
2024-06-20 17:07:01.025 [INFO]: Completion request succeeded (574.31ms)
2024-06-20 17:07:01.033 [INFO]: Generated 1 completion
2024-06-20 17:07:01.040 [INFO]: provideInlineCompletionItems request succeeded (594.99ms)
2024-06-20 17:07:05.277 [INFO]: Completion request succeeded (1444.7ms)
2024-06-20 17:07:05.284 [INFO]: No completions were generated
2024-06-20 17:07:05.285 [INFO]: provideInlineCompletionItems request succeeded (1460.45ms)
2024-06-20 17:07:08.390 [INFO]: Completion request was cancelled by token (157.71ms)
2024-06-20 17:07:08.860 [INFO]: Completion request was cancelled by token (413.46ms)
2024-06-20 17:07:09.123 [INFO]: Completion request was cancelled by token (80.71ms)
2024-06-20 17:07:09.348 [INFO]: Skipping completions because autocomplete is open
2024-06-20 17:07:16.803 [INFO]: Skipping completions because autocomplete is open
2024-06-20 17:07:16.869 [INFO]: Skipping completions because autocomplete is open
2024-06-20 17:07:18.150 [INFO]: Completion request succeeded (917.46ms)
2024-06-20 17:07:18.151 [INFO]: Generated 3 completions
2024-06-20 17:07:18.152 [INFO]: provideInlineCompletionItems request succeeded (919.92ms)
2024-06-20 17:07:18.349 [INFO]: [Language Server (stderr)]:
E0620 17:07:18.348565 55461 unleash_wrapper.go:58] Error parsing autocomplete model variant: unknown model name MODEL_12471: model not found
2024-06-20 17:07:19.638 [INFO]: Completion request was cancelled by token (1303.98ms)
2024-06-20 17:07:20.992 [INFO]: Completion request was cancelled by token (1317.58ms)
2024-06-20 17:07:23.419 [INFO]: Completion request succeeded (1944.93ms)
2024-06-20 17:07:23.436 [INFO]: Generated 4 completions
2024-06-20 17:07:23.472 [INFO]: provideInlineCompletionItems request succeeded (2009.41ms)
2024-06-20 17:07:25.706 [INFO]: Completion request was cancelled by token (59.12ms)
2024-06-20 17:07:27.416 [INFO]: Completion request succeeded (1669.59ms)
2024-06-20 17:07:27.427 [INFO]: No completions were generated
2024-06-20 17:07:27.433 [INFO]: provideInlineCompletionItems request succeeded (1688.3ms)
2024-06-20 17:08:18.004 [INFO]: Disposing language server process
2024-06-20 17:08:18.006 [INFO]: Deleting manager directory: /tmp/6baf1281-80d6-4287-8edc-a75ecf4e50bf/codeium/manager
2024-06-20 17:08:18.017 [INFO]: Successfully disposed language server
2024-06-20 17:08:18.206 [INFO]: [Language Server (stderr)]:
W0620 17:08:18.008793 55445 main.go:114] Language server manager got signal terminated, shutting down
E0620 17:08:18.026800 55461 server.go:280] Error while locking manager lock file - open /tmp/6baf1281-80d6-4287-8edc-a75ecf4e50bf/codeium/manager/locks/manager.lock: no such file or directory
I0620 17:08:18.026856 55461 server.go:680] Language server shutting down
2024-06-20 17:08:18.222 [ERROR]: [unavailable] connect ECONNREFUSED 127.0.0.1:33155
