[06/03/24, 22:55:13:105] info: 
╔═════════════════════════════════════════════════════════╗
║      Slack 4.38.125, linux 6.9.3-zen1-1-zen on x64      ║
╚═════════════════════════════════════════════════════════╝ 
[06/03/24, 22:55:13:106] info: Configured logger via 
{
  "loggerInstanceCount": 1
}
[06/03/24, 22:55:13:113] info: Predefined values for process 
{
  "NODE_ENV": "production",
  "platform": "linux",
  "type": "browser",
  "timeZone": "Asia/Calcutta",
  "PACKAGE_MANIFEST.productName": "Slack",
  "PACKAGE_MANIFEST.version": "4.38.125",
  "PACKAGE_MANIFEST.commit": "6307452",
  "PACKAGE_MANIFEST.branch": "HEAD"
}
[06/03/24, 22:55:13:223] info: Starting Sentry 
[06/03/24, 22:55:13:223] info: persistUuid:: Generated uuid 
{
  "uuid": "45e61bc9-b7ae-421d-be79-6bf6bfec1851"
}
[06/03/24, 22:55:13:224] info: persistUuid:: Uuid persisted successfully 
[06/03/24, 22:55:13:224] info: getSentryDSN: Setting sentry URL to slack.com 
[06/03/24, 22:55:13:235] info: Could not load previous electron version 
[06/03/24, 22:55:13:606] info: Breadcrumb: electron: app.will-finish-launching 
[06/03/24, 22:55:13:611] info: Breadcrumb: electron: app.ready 
[06/03/24, 22:55:13:617] info: Breadcrumb: electron: app.session-created 
[06/03/24, 22:55:13:618] info: Breadcrumb: electron: app.session-created 
[06/03/24, 22:55:13:631] info: Store: persist/PERSIST 
[06/03/24, 22:55:13:632] info: Store: UPDATE_SETTINGS 
{
  "locale": "en-US"
}
[06/03/24, 22:55:13:634] info: Migrating from redux-persist@v4 
[06/03/24, 22:55:13:634] info: Finished migrating state 
{
  "keys": [
    "_persist"
  ],
  "version": 1
}
[06/03/24, 22:55:13:635] info: Store: persist/REHYDRATE 
{
  "_persist": "Persistence version: 1"
}
[06/03/24, 22:55:13:635] warn: Telemetry queued before configured 
{
  "event": 1001000
}
[06/03/24, 22:55:13:636] info: Store: RECORD_PERFORMANCE_TIMING 
{
  "phase": 0,
  "interval": 7
}
[06/03/24, 22:55:13:637] info: Store: INITIALIZE 
{
  "resourcePath": "/usr/lib/slack/resources/app.asar",
  "silent": true,
  "tsaToken": "[REDACTED]",
  "bootFragments": []
}
[06/03/24, 22:55:13:645] info: Store: SET_SESSION_MODE 
[06/03/24, 22:55:13:646] info: Feature Check: requesting features from https://app.slack.com/api/ 
[06/03/24, 22:55:13:648] info: Breadcrumb: electron: powerMonitor.newListener 
[06/03/24, 22:55:13:648] info: Breadcrumb: electron: powerMonitor.newListener 
[06/03/24, 22:55:13:650] error: Failed to load calls-desktop-interop.WindowBorderPanel 
{
  "error": {
    "name": "Error",
    "stack": "Error: Module did not self-register: '/usr/lib/slack/resources/app.asar.unpacked/node_modules/@tinyspeck/huddles-desktop-utils/build/Release/CallsDesktopInterop.node'.\n    at process.func [as dlopen] (node:electron/js2c/node_init:2:2214)\n    at Module._extensions..node (node:internal/modules/cjs/loader:1489:18)\n    at Object.func [as .node] (node:electron/js2c/node_init:2:2441)\n    at Module.load (node:internal/modules/cjs/loader:1214:32)\n    at Module._load (node:internal/modules/cjs/loader:1030:12)\n    at c._load (node:electron/js2c/node_init:2:13672)\n    at Module.require (node:internal/modules/cjs/loader:1242:19)\n    at require (node:internal/modules/helpers:176:18)\n    at bindings (/usr/lib/slack/resources/app.asar/node_modules/bindings/bindings.js:112:48)\n    at Object.<anonymous> (/usr/lib/slack/resources/app.asar/node_modules/@tinyspeck/huddles-desktop-utils/lib/index.js:1:34)",
    "message": "Module did not self-register: '/usr/lib/slack/resources/app.asar.unpacked/node_modules/@tinyspeck/huddles-desktop-utils/build/Release/CallsDesktopInterop.node'.",
    "code": "ERR_DLOPEN_FAILED"
  }
}
[06/03/24, 22:55:13:669] warn: Failed to install protocol handler for slack:// links 
[06/03/24, 22:55:13:670] info: Startup Display id=33 at (0, 0) [1920 x 1080] 
[06/03/24, 22:55:13:674] info: getLinuxDistro: osInfo 
{
  "stdoutValue": "n/a Garuda \"Garuda Linux Bird of Prey\" Soaring BirdOfPrey\n",
  "osInfo": [
    ""
  ]
}
[06/03/24, 22:55:13:674] warn: Couldn't get Linux distro info from lsb_release, trying fallback to get Linux distro info 
{
  "error": {
    "name": "Error",
    "stack": "Error: Missing OS or release info\n    at XR (/usr/lib/slack/resources/app.asar/dist/main.bundle.js:92:204)",
    "message": "Missing OS or release info"
  }
}
[06/03/24, 22:55:13:687] info: getLinuxDistro: getos 
{
  "res": {
    "os": "linux",
    "dist": "Ubuntu"
  }
}
[06/03/24, 22:55:13:687] info: Store: READY 
{
  "resourcePath": "/usr/lib/slack/resources/app.asar",
  "silent": true,
  "tsaToken": "[REDACTED]",
  "bootFragments": [],
  "appVersion": "4.38.125",
  "arch": "x64",
  "isGpuCompositionAvailable": true,
  "isTitleBarHidden": false,
  "platform": "linux",
  "platformVersion": {
    "major": 6,
    "minor": 9,
    "build": 3
  },
  "developerMenuOverride": false,
  "uuid": "45e61bc9-b7ae-421d-be79-6bf6bfec1851",
  "applicationProcessSessionId": "NDVlNjFiYzktYjdhZS00MjFkLWJlNzktNmJmNmJmZWMxODUxXzE3MTc0MzU1MTM2Mzc=",
  "distribution": "DDL",
  "clientEnvironment": 1000,
  "invokedOnStartup": false,
  "linux": {
    "os": "Ubuntu",
    "name": "Ubuntu ",
    "release": "",
    "codename": "",
    "desktopEnvironment": "Hyprland"
  }
}
[06/03/24, 22:55:13:687] info: initializeApplicationEpic: trying to set ntlm credential domain for session 
{
  "sessionId": "PROD_DEFAULT_SESSION"
}
[06/03/24, 22:55:13:688] info: initializeApplicationEpic: Setting spellcheck dictionary URL 
{
  "dictionaryUrl": "https://spellcheck.slack-edge.com/dictionaries_v2/"
}
[06/03/24, 22:55:13:688] info: initializeApplicationEpic: Welcome to Slack 4.38.125 x64 
[06/03/24, 22:55:13:688] info: Breadcrumb: electron: powerMonitor.newListener 
[06/03/24, 22:55:13:689] info: logExternalConfigEpic: initial external config 
{
  "defaults": {}
}
[06/03/24, 22:55:13:689] info: AutoLoginEpic: Checking for autologin. 
[06/03/24, 22:55:13:690] info: getIsUpdateSupported: Updates are not supported 
{
  "version": "4.38.125",
  "reasons": [
    "using Linux"
  ],
  "distribution": "DDL",
  "executable": "/usr/lib/slack"
}
[06/03/24, 22:55:13:691] info: persistUuid:: Generated uuid 
{
  "uuid": "45da0f5f-69d8-4b63-a42f-8c002995b2b7"
}
[06/03/24, 22:55:13:691] info: persistUuid:: Uuid persisted successfully 
[06/03/24, 22:55:13:697] info: Store: SET_ACCESSIBILITY_SUPPORT_ENABLED 
[06/03/24, 22:55:13:697] info: Store: CREATE_WINDOW 
{
  "type": "main"
}
[06/03/24, 22:55:13:697] info: Store: UPDATE_SETTINGS 
{
  "isSignedIntoSlackOrg": false
}
[06/03/24, 22:55:13:700] info: initialSettingsPayload: trying to invalidate settings 
{
  "payload": {
    "launchOnStartup": false,
    "PrefSSBFileDownloadPath": "/home/[REDACTED]/Downloads",
    "PrefSSBFileDownloadPathDisplayName": "Downloads",
    "hasRunApp": true
  }
}
[06/03/24, 22:55:13:700] info: Store: UPDATE_SETTINGS 
{
  "launchOnStartup": false,
  "PrefSSBFileDownloadPath": "/home/[REDACTED]/Downloads",
  "PrefSSBFileDownloadPathDisplayName": "Downloads",
  "hasRunApp": true
}
[06/03/24, 22:55:13:702] info: Store: SET_UPDATE_SUPPORTED 
[06/03/24, 22:55:13:706] info: Store: TOKEN_FILE_PROCESSED 
[06/03/24, 22:55:13:706] info: AutoLoginEpic: Processing token file for autologin. 
[06/03/24, 22:55:13:706] info: AutoLoginEpic: Completed autologin processing — successfully logged in 0 workspaces. 
[06/03/24, 22:55:13:706] info: AutoLoginEpic: Setting default sign-in team to null 
[06/03/24, 22:55:13:706] info: Store: AUTOLOGIN_TEAMS_COMPLETE 
[06/03/24, 22:55:13:706] info: Store: UPDATE_SETTINGS 
{
  "defaultSigninTeam": null
}
[06/03/24, 22:55:13:741] info: Breadcrumb: electron: app.web-contents-created 
[06/03/24, 22:55:13:741] info: Breadcrumb: electron: app.browser-window-created 
[06/03/24, 22:55:13:763] info: MainWindowEpics: Setting main window ID 
{
  "id": 1
}
[06/03/24, 22:55:13:763] info: getSonicBaseURL: Booting into devEnv 
{
  "url": "https://app.slack.com"
}
[06/03/24, 22:55:13:765] info: Store: WINDOW_CREATED 
{
  "type": "main",
  "webappType": "app",
  "initialLoadURL": "https://app.slack.com/ssb/first?redir=%2Fssb%2Fclient",
  "id": 1,
  "frame": {
    "isHtmlFullScreen": false,
    "isCurrentlyAudible": false,
    "isFullScreen": false,
    "isMinimized": false,
    "isMaximized": false,
    "isVisible": false,
    "isFocused": false,
    "bounds": {
      "x": 560,
      "y": 240,
      "width": 800,
      "height": 600
    },
    "hasVibrancy": false
  }
}
[06/03/24, 22:55:13:767] info: Breadcrumb: electron: powerMonitor.newListener 
[06/03/24, 22:55:13:767] info: Breadcrumb: electron: powerMonitor.newListener 
[06/03/24, 22:55:13:768] info: Watching for keyboard layout changes 
[06/03/24, 22:55:13:769] info: Store: RECORD_PERFORMANCE_TIMING 
{
  "phase": 1,
  "interval": 131
}
[06/03/24, 22:55:13:769] info: Store: UPDATE_SETTINGS 
{
  "keyboardLayout": "us"
}
[06/03/24, 22:55:13:773] info: registerLifeCycleEvents: Registering webContents:1 
[06/03/24, 22:55:13:773] info: registerLifeCycleEvents: webContents:1 is type 'app' 
[06/03/24, 22:55:13:773] info: Store: UPSERT_WEB_CONTENTS 
{
  "id": 1,
  "state": "unloaded",
  "type": "app"
}
[06/03/24, 22:55:13:775] info: getSonicBaseURL: Booting into devEnv 
{
  "url": "https://app.slack.com"
}
[06/03/24, 22:55:13:781] info: Breadcrumb: electron: app.gpu-info-update 
[06/03/24, 22:55:13:785] info: System configuration information 
{
  "info": {
    "total_memory_in_gb": 15,
    "gpuFeatures": {
      "2d_canvas": "disabled_software",
      "canvas_oop_rasterization": "disabled_off",
      "direct_rendering_display_compositor": "disabled_off_ok",
      "gpu_compositing": "disabled_software",
      "multiple_raster_threads": "enabled_on",
      "opengl": "disabled_off",
      "rasterization": "disabled_software",
      "raw_draw": "disabled_off_ok",
      "skia_graphite": "disabled_off",
      "video_decode": "disabled_software",
      "video_encode": "disabled_software",
      "vulkan": "disabled_off",
      "webgl": "disabled_off",
      "webgl2": "disabled_off",
      "webgpu": "disabled_off",
      "webnn": "disabled_off"
    },
    "cpu_model": "12th Gen Intel(R) Core(TM) i5-1235U",
    "cpu_logical_core": 12,
    "cpu_clock_speed": 399,
    "gpuDevice": [
      {
        "active": true,
        "cudaComputeCapabilityMajor": 0,
        "deviceId": 18088,
        "gpuPreference": 0,
        "vendorId": 32902
      }
    ],
    "machine_model_name": "unknown",
    "machine_model_version": "unknown",
    "crash_db_size_kb": 1
  }
}
[06/03/24, 22:55:14:541] info: Breadcrumb: electron.net: undefined 
{
  "url": "https://app.slack.com/api/desktop.features",
  "method": "GET",
  "status_code": 200
}
[06/03/24, 22:55:14:543] info: Feature Check: received experiments 
{
  "ok": true,
  "experiments": [
    {
      "experiment": "",
      "disable_chrome_features": [
        "PostQuantumKyber"
      ],
      "type": "normal"
    }
  ]
}
[06/03/24, 22:55:14:692] info: Finished download of spellcheck dictionary 
{
  "code": "en-US"
}
[06/03/24, 22:55:14:693] info: Spellcheck dictionary initialized 
{
  "code": "en-US"
}
[06/03/24, 22:55:14:780] info: Store: SET_WINDOW_FRAME 
{
  "id": 1,
  "frame": {
    "bounds": {
      "x": 448,
      "y": 156,
      "width": 1024,
      "height": 768
    },
    "isMaximized": false
  },
  "fromEvent": true
}
[06/03/24, 22:55:14:782] info: Store: SET_WINDOW_FRAME 
{
  "id": 1,
  "frame": {
    "bounds": {
      "x": 448,
      "y": 156,
      "width": 1024,
      "height": 768
    },
    "isMaximized": false
  },
  "fromEvent": true
}
[06/03/24, 22:55:15:754] info: Permission check granted: 
{
  "isMainFrame": true,
  "permission": "background-sync",
  "requestingOrigin": "https://app.slack.com/",
  "requestingUrl": "https://app.slack.com/ssb/first?redir=%2Fssb%2Fclient",
  "securityOrigin": null
}
[06/03/24, 22:55:16:542] info: Store: UPDATE_SETTINGS 
{
  "userTheme": "light"
}
[06/03/24, 22:55:16:543] info: Store: UPDATE_SETTINGS 
{
  "systemThemeSyncEnabled": false
}
[06/03/24, 22:55:16:716] info: Breadcrumb: electron: renderer.dom-ready 
{
  "id": 1,
  "url": "https://app.slack.com/ssb/first?redir=%2Fssb%2Fclient"
}
[06/03/24, 22:55:16:716] info: registerLifeCycleEvents: webContents:1 from 'unloaded' to 'loaded' took 2943 ms 
[06/03/24, 22:55:16:716] info: Store: UPSERT_WEB_CONTENTS 
{
  "id": 1,
  "state": "loaded"
}
[06/03/24, 22:55:16:717] info: initializeMainWindowEpic: Showing main window 
{
  "maximized": false,
  "shouldHide": false,
  "fullScreen": false
}
[06/03/24, 22:55:16:718] info: Breadcrumb: electron: window.show 
{
  "id": 1,
  "url": "https://app.slack.com/ssb/first?redir=%2Fssb%2Fclient"
}
[06/03/24, 22:55:16:719] info: Store: RECORD_PERFORMANCE_TIMING 
{
  "phase": 2,
  "interval": 2950
}
[06/03/24, 22:55:16:719] info: Store: SET_WINDOW_FRAME 
{
  "id": 1,
  "frame": {
    "isVisible": true
  },
  "fromEvent": true
}
[06/03/24, 22:55:16:720] info: Store: MAIN_WINDOW_SHOWN 
[06/03/24, 22:55:16:722] info: Store: UPDATE_SETTINGS 
{
  "mainWindowSettings": {
    "fullScreen": false,
    "maximized": false,
    "bounds": {
      "x": 448,
      "y": 156,
      "width": 1024,
      "height": 768
    }
  }
}
[06/03/24, 22:55:16:723] info: Store: CLEAR_NOTIFICATIONS 
[06/03/24, 22:55:16:727] info: Store: SET_NETWORK_STATUS online
[06/03/24, 22:55:16:728] info: waitAuthCookieChange: waiting for auth change for session 
{
  "sessionId": "PROD_DEFAULT_SESSION"
}
[06/03/24, 22:55:16:730] info: Breadcrumb: electron: window.focus 
{
  "id": 1,
  "url": "https://app.slack.com/ssb/first?redir=%2Fssb%2Fclient"
}
[06/03/24, 22:55:16:730] info: Breadcrumb: electron: app.browser-window-focus 
[06/03/24, 22:55:16:731] info: Store: SET_WINDOW_FRAME 
{
  "id": 1,
  "frame": {
    "isFocused": true
  },
  "fromEvent": true
}
[06/03/24, 22:55:16:768] info: Breadcrumb: electron: window.blur 
{
  "id": 1,
  "url": "https://app.slack.com/ssb/first?redir=%2Fssb%2Fclient"
}
[06/03/24, 22:55:16:768] info: Breadcrumb: electron: app.browser-window-blur 
[06/03/24, 22:55:16:768] info: Store: SET_WINDOW_FRAME 
{
  "id": 1,
  "frame": {
    "isFocused": false
  },
  "fromEvent": true
}
[06/03/24, 22:55:16:771] info: Breadcrumb: electron: window.focus 
{
  "id": 1,
  "url": "https://app.slack.com/ssb/first?redir=%2Fssb%2Fclient"
}
[06/03/24, 22:55:16:771] info: Breadcrumb: electron: app.browser-window-focus 
[06/03/24, 22:55:16:772] info: Store: SET_WINDOW_FRAME 
{
  "id": 1,
  "frame": {
    "isFocused": true
  },
  "fromEvent": true
}
[06/03/24, 22:55:16:776] info: Breadcrumb: electron: window.ready-to-show 
{
  "id": 1,
  "url": "https://app.slack.com/ssb/first?redir=%2Fssb%2Fclient"
}
[06/03/24, 22:55:16:803] info: registerLifeCycleEvents: webContents:1 is type 'app' 
[06/03/24, 22:55:16:803] info: Store: UPSERT_WEB_CONTENTS 
{
  "id": 1,
  "type": "app",
  "history": "[REDACTED]"
}
[06/03/24, 22:55:16:804] info: Store: SET_WINDOW_FRAME 
{
  "id": 1,
  "frame": {
    "isVisible": true,
    "isFocused": true
  },
  "fromEvent": true
}
[06/03/24, 22:55:17:768] info: Store: SET_WINDOW_FRAME 
{
  "id": 1,
  "frame": {
    "bounds": {
      "x": 12,
      "y": 567,
      "width": 941,
      "height": 501
    },
    "isMaximized": false
  },
  "fromEvent": true
}
[06/03/24, 22:55:18:630] info: Store: persist/FLUSH 
[06/03/24, 22:55:19:372] info: Store: SET_WINDOW_FRAME 
{
  "id": 1,
  "frame": {
    "bounds": {
      "x": 0,
      "y": 0,
      "width": 1920,
      "height": 1080
    },
    "isMaximized": false
  },
  "fromEvent": true
}
[06/03/24, 22:55:20:036] info: Store: SET_WINDOW_FRAME 
{
  "id": 1,
  "frame": {
    "bounds": {
      "x": 0,
      "y": 0,
      "width": 1920,
      "height": 1080
    },
    "isMaximized": false
  },
  "fromEvent": true
}
[06/03/24, 22:55:20:104] info: Store: UPDATE_SETTINGS 
{
  "mainWindowSettings": {
    "fullScreen": false,
    "maximized": false,
    "bounds": {
      "x": 0,
      "y": 0,
      "width": 1920,
      "height": 1080
    }
  }
}
[06/03/24, 22:55:23:163] info: actionForExternalWindowURL: Opening external window 
[06/03/24, 22:55:23:167] info: openExternal: Successfully opened external URL 
{
  "protocol": "https:",
  "trigger": 0
}
[06/03/24, 22:55:27:298] info: actionForExternalWindowURL: Opening external window 
[06/03/24, 22:55:27:301] info: openExternal: Successfully opened external URL 
{
  "protocol": "https:",
  "trigger": 0
}
[06/03/24, 22:55:29:529] info: actionForExternalWindowURL: Opening external window 
[06/03/24, 22:55:29:532] info: openExternal: Successfully opened external URL 
{
  "protocol": "https:",
  "trigger": 0
}
[06/03/24, 22:55:32:585] info: Store: SET_WINDOW_FRAME 
{
  "id": 1,
  "frame": {
    "bounds": {
      "x": 12,
      "y": 567,
      "width": 941,
      "height": 501
    },
    "isMaximized": false
  },
  "fromEvent": true
}
[06/03/24, 22:55:32:814] info: Breadcrumb: electron: window.blur 
{
  "id": 1,
  "url": "https://app.slack.com/ssb/first?redir=%2Fssb%2Fclient"
}
[06/03/24, 22:55:32:815] info: Breadcrumb: electron: app.browser-window-blur 
[06/03/24, 22:55:32:815] info: Store: SET_WINDOW_FRAME 
{
  "id": 1,
  "frame": {
    "isFocused": false
  },
  "fromEvent": true
}
[06/03/24, 22:55:33:254] info: Store: SET_WINDOW_FRAME 
{
  "id": 1,
  "frame": {
    "bounds": {
      "x": 12,
      "y": 567,
      "width": 941,
      "height": 501
    },
    "isMaximized": false
  },
  "fromEvent": true
}
[06/03/24, 22:55:33:320] info: Store: UPDATE_SETTINGS 
{
  "mainWindowSettings": {
    "fullScreen": false,
    "maximized": false,
    "bounds": {
      "x": 12,
      "y": 567,
      "width": 941,
      "height": 501
    }
  }
}
[06/03/24, 22:55:36:874] info: Store: SET_WINDOW_FRAME 
{
  "id": 1,
  "frame": {
    "bounds": {
      "x": 12,
      "y": 567,
      "width": 1896,
      "height": 501
    },
    "isMaximized": false
  },
  "fromEvent": true
}
[06/03/24, 22:55:36:942] info: Store: UPDATE_SETTINGS 
{
  "mainWindowSettings": {
    "fullScreen": false,
    "maximized": false,
    "bounds": {
      "x": 12,
      "y": 567,
      "width": 1896,
      "height": 501
    }
  }
}
[06/03/24, 22:55:38:488] info: Breadcrumb: electron: window.focus 
{
  "id": 1,
  "url": "https://app.slack.com/ssb/first?redir=%2Fssb%2Fclient"
}
[06/03/24, 22:55:38:488] info: Breadcrumb: electron: app.browser-window-focus 
[06/03/24, 22:55:38:488] info: Store: SET_WINDOW_FRAME 
{
  "id": 1,
  "frame": {
    "isFocused": true
  },
  "fromEvent": true
}
[06/03/24, 22:55:39:499] info: Store: SET_WINDOW_FRAME 
{
  "id": 1,
  "frame": {
    "bounds": {
      "x": 12,
      "y": 52,
      "width": 1896,
      "height": 1016
    },
    "isMaximized": false
  },
  "fromEvent": true
}
[06/03/24, 22:55:39:967] info: actionForExternalWindowURL: Opening external window 
[06/03/24, 22:55:39:971] info: openExternal: Successfully opened external URL 
{
  "protocol": "https:",
  "trigger": 0
}
[06/03/24, 22:55:40:188] info: Store: SET_WINDOW_FRAME 
{
  "id": 1,
  "frame": {
    "bounds": {
      "x": 12,
      "y": 52,
      "width": 1896,
      "height": 1016
    },
    "isMaximized": false
  },
  "fromEvent": true
}
[06/03/24, 22:55:40:257] info: Store: UPDATE_SETTINGS 
{
  "mainWindowSettings": {
    "fullScreen": false,
    "maximized": false,
    "bounds": {
      "x": 12,
      "y": 52,
      "width": 1896,
      "height": 1016
    }
  }
}
[06/03/24, 22:55:42:221] info: actionForExternalWindowURL: Opening external window 
[06/03/24, 22:55:42:226] info: openExternal: Successfully opened external URL 
{
  "protocol": "https:",
  "trigger": 0
}
[06/03/24, 22:55:42:392] info: actionForExternalWindowURL: Opening external window 
[06/03/24, 22:55:42:394] info: openExternal: Successfully opened external URL 
{
  "protocol": "https:",
  "trigger": 0
}
[06/03/24, 22:55:42:611] info: actionForExternalWindowURL: Opening external window 
[06/03/24, 22:55:42:617] info: openExternal: Successfully opened external URL 
{
  "protocol": "https:",
  "trigger": 0
}
[06/03/24, 22:55:43:766] info: Breadcrumb: electron: window.close 
{
  "id": 1,
  "url": "https://app.slack.com/ssb/first?redir=%2Fssb%2Fclient"
}
[06/03/24, 22:55:43:767] info: Main window closed, consider it a quit action 
{
  "runFromTray": true,
  "keepAppInTaskbar": false
}
[06/03/24, 22:55:43:767] info: Store: QUIT_APP 
[06/03/24, 22:55:43:769] info: Breadcrumb: electron: window.hide 
{
  "id": 1,
  "url": "https://app.slack.com/ssb/first?redir=%2Fssb%2Fclient"
}
[06/03/24, 22:55:43:769] info: EpicHelpers: Flushing cookie store for session 
{
  "sessionId": "PROD_DEFAULT_SESSION"
}
[06/03/24, 22:55:43:770] info: Disposing MC… 
[06/03/24, 22:55:43:770] info: Disposing VC… 
[06/03/24, 22:55:43:770] info: Disposing hg… 
[06/03/24, 22:55:43:770] info: Store: DOWNLOADS_CLEANED_UP 
[06/03/24, 22:55:43:771] info: Store: SET_WINDOW_FRAME 
{
  "id": 1,
  "frame": {
    "isVisible": false
  },
  "fromEvent": true
}
[06/03/24, 22:55:43:776] info: Breadcrumb: electron: window.blur 
{
  "id": 1,
  "url": "https://app.slack.com/ssb/first?redir=%2Fssb%2Fclient"
}
[06/03/24, 22:55:43:776] info: Breadcrumb: electron: app.browser-window-blur 
[06/03/24, 22:55:43:776] info: Store: SET_WINDOW_FRAME 
{
  "id": 1,
  "frame": {
    "isFocused": false
  },
  "fromEvent": true
}
[06/03/24, 22:55:43:781] info: registerLifeCycleEvents: webContents:1 from 'loaded' to 'page-closed' took 26978 ms 
[06/03/24, 22:55:43:781] info: Store: UPSERT_WEB_CONTENTS 
{
  "id": 1,
  "state": "page-closed"
}
[06/03/24, 22:55:43:782] info: Breadcrumb: electron: renderer.destroyed 
{
  "id": 1,
  "url": "https://app.slack.com/ssb/first?redir=%2Fssb%2Fclient"
}
[06/03/24, 22:55:43:783] info: Store: REMOVE_WEB_CONTENTS 
{
  "id": 1
}
[06/03/24, 22:55:43:786] info: Breadcrumb: electron: window.closed 
{
  "id": 1,
  "url": "https://app.slack.com/ssb/first?redir=%2Fssb%2Fclient"
}
[06/03/24, 22:55:43:787] info: Store: REMOVE_WINDOW 1
[06/03/24, 22:55:43:788] info: Breadcrumb: electron: app.window-all-closed 
[06/03/24, 22:55:43:788] info: Breadcrumb: electron: app.before-quit 
[06/03/24, 22:55:43:788] info: Telling native-keymap to ignore all future events as we are quitting 
[06/03/24, 22:55:43:788] info: Breadcrumb: electron: app.will-quit 
[06/03/24, 22:55:43:947] info: flushLocalSettings: Flushing local-settings.json 
{
  "keys": [
    "useHwAcceleration",
    "rxLogging"
  ]
}
[06/03/24, 22:55:43:948] info: LocalSettings: updating values 
{
  "key": "useHwAcceleration",
  "value": true
}
[06/03/24, 22:55:43:949] info: Store: persist/FLUSH 
[06/03/24, 22:55:43:951] error: Tried to close the main window but it does not exist 
[06/03/24, 22:55:43:953] info: 
+-------------------+--------------+
| FLUSH_COOKIES     | 177.794804ms |
|-------------------+--------------+
| FLUSH_STORE       | 0.54969ms    |
|-------------------+--------------+
| REMOVE_DICT       | 0.290017ms   |
|-------------------+--------------+
| FLUSH_TELEMETRY   | 1.057925ms   |
|-------------------+--------------+
| CLOSE_MAIN_WINDOW | 0.149974ms   |
|-------------------+--------------+
| TOTAL             | 183.123258ms |
+-------------------+--------------+ 
[06/03/24, 22:55:43:953] info: quitApplicationEpic: Finished, calling app.quit 
[06/03/24, 22:55:43:953] info: Breadcrumb: electron: app.before-quit 
[06/03/24, 22:55:43:953] info: Telling native-keymap to ignore all future events as we are quitting 
[06/03/24, 22:55:43:953] info: Breadcrumb: electron: app.will-quit 
[06/03/24, 22:55:44:064] info: Breadcrumb: electron: app.quit 
[06/03/24, 22:55:49:035] info: 
╔═════════════════════════════════════════════════════════╗
║      Slack 4.38.125, linux 6.9.3-zen1-1-zen on x64      ║
╚═════════════════════════════════════════════════════════╝ 
[06/03/24, 22:55:49:036] info: Configured logger via 
{
  "loggerInstanceCount": 1
}
[06/03/24, 22:55:49:042] info: Predefined values for process 
{
  "NODE_ENV": "production",
  "platform": "linux",
  "type": "browser",
  "timeZone": "Asia/Calcutta",
  "PACKAGE_MANIFEST.productName": "Slack",
  "PACKAGE_MANIFEST.version": "4.38.125",
  "PACKAGE_MANIFEST.commit": "6307452",
  "PACKAGE_MANIFEST.branch": "HEAD"
}
[06/03/24, 22:55:49:116] info: Starting Sentry 
[06/03/24, 22:55:49:116] info: makeUuidFactory:: Read existing uuid for instance from persisted location:  
{
  "uuid": "45e61bc9-b7ae-421d-be79-6bf6bfec1851"
}
[06/03/24, 22:55:49:116] info: getSentryDSN: Setting sentry URL to slack.com 
[06/03/24, 22:55:49:379] info: Breadcrumb: electron: app.will-finish-launching 
[06/03/24, 22:55:49:382] info: Breadcrumb: electron: app.ready 
[06/03/24, 22:55:49:387] info: Breadcrumb: electron: app.session-created 
[06/03/24, 22:55:49:388] info: Breadcrumb: electron: app.session-created 
[06/03/24, 22:55:49:402] info: Store: persist/PERSIST 
[06/03/24, 22:55:49:404] info: Store: UPDATE_SETTINGS 
{
  "locale": "en-US"
}
[06/03/24, 22:55:49:406] info: Store: persist/REHYDRATE 
{
  "appTeams": "[DEPRECATED]",
  "bookmarks": "[REDACTED]",
  "downloads": "No downloads",
  "enterprise": "No Enterprise orgs",
  "settings": {
    "isSignedIntoSlackOrg": false,
    "locale": "en-US",
    "notificationMethod": null,
    "releaseChannelOverride": null
  },
  "teams": "[DEPRECATED]",
  "webapp": "[REDACTED]",
  "workspaces": "Not signed in to any workspaces",
  "workspacesMeta": "Selected workspace: null",
  "_persist": "Persistence version: 1"
}
[06/03/24, 22:55:49:407] warn: Telemetry queued before configured 
{
  "event": 1001000
}
[06/03/24, 22:55:49:407] info: Store: RECORD_PERFORMANCE_TIMING 
{
  "phase": 0,
  "interval": 7
}
[06/03/24, 22:55:49:408] info: Store: INITIALIZE 
{
  "resourcePath": "/usr/lib/slack/resources/app.asar",
  "silent": true,
  "tsaToken": "[REDACTED]",
  "bootFragments": []
}
[06/03/24, 22:55:49:416] info: Store: SET_SESSION_MODE 
[06/03/24, 22:55:49:417] info: Feature Check: requesting features from https://app.slack.com/api/ 
[06/03/24, 22:55:49:418] info: Breadcrumb: electron: powerMonitor.newListener 
[06/03/24, 22:55:49:419] info: Breadcrumb: electron: powerMonitor.newListener 
[06/03/24, 22:55:49:420] error: Failed to load calls-desktop-interop.WindowBorderPanel 
{
  "error": {
    "name": "Error",
    "stack": "Error: Module did not self-register: '/usr/lib/slack/resources/app.asar.unpacked/node_modules/@tinyspeck/huddles-desktop-utils/build/Release/CallsDesktopInterop.node'.\n    at process.func [as dlopen] (node:electron/js2c/node_init:2:2214)\n    at Module._extensions..node (node:internal/modules/cjs/loader:1489:18)\n    at Object.func [as .node] (node:electron/js2c/node_init:2:2441)\n    at Module.load (node:internal/modules/cjs/loader:1214:32)\n    at Module._load (node:internal/modules/cjs/loader:1030:12)\n    at c._load (node:electron/js2c/node_init:2:13672)\n    at Module.require (node:internal/modules/cjs/loader:1242:19)\n    at require (node:internal/modules/helpers:176:18)\n    at bindings (/usr/lib/slack/resources/app.asar/node_modules/bindings/bindings.js:112:48)\n    at Object.<anonymous> (/usr/lib/slack/resources/app.asar/node_modules/@tinyspeck/huddles-desktop-utils/lib/index.js:1:34)",
    "message": "Module did not self-register: '/usr/lib/slack/resources/app.asar.unpacked/node_modules/@tinyspeck/huddles-desktop-utils/build/Release/CallsDesktopInterop.node'.",
    "code": "ERR_DLOPEN_FAILED"
  }
}
[06/03/24, 22:55:49:437] warn: Failed to install protocol handler for slack:// links 
[06/03/24, 22:55:49:437] info: Startup Display id=33 at (0, 0) [1920 x 1080] 
[06/03/24, 22:55:49:441] info: getLinuxDistro: osInfo 
{
  "stdoutValue": "n/a Garuda \"Garuda Linux Bird of Prey\" Soaring BirdOfPrey\n",
  "osInfo": [
    ""
  ]
}
[06/03/24, 22:55:49:441] warn: Couldn't get Linux distro info from lsb_release, trying fallback to get Linux distro info 
{
  "error": {
    "name": "Error",
    "stack": "Error: Missing OS or release info\n    at XR (/usr/lib/slack/resources/app.asar/dist/main.bundle.js:92:204)",
    "message": "Missing OS or release info"
  }
}
[06/03/24, 22:55:49:450] info: getLinuxDistro: getos 
{
  "res": {
    "os": "linux",
    "dist": "Ubuntu"
  }
}
[06/03/24, 22:55:49:451] info: Store: READY 
{
  "resourcePath": "/usr/lib/slack/resources/app.asar",
  "silent": true,
  "tsaToken": "[REDACTED]",
  "bootFragments": [],
  "appVersion": "4.38.125",
  "arch": "x64",
  "isGpuCompositionAvailable": true,
  "isTitleBarHidden": false,
  "platform": "linux",
  "platformVersion": {
    "major": 6,
    "minor": 9,
    "build": 3
  },
  "developerMenuOverride": false,
  "uuid": "45e61bc9-b7ae-421d-be79-6bf6bfec1851",
  "applicationProcessSessionId": "NDVlNjFiYzktYjdhZS00MjFkLWJlNzktNmJmNmJmZWMxODUxXzE3MTc0MzU1NDk0MDk=",
  "distribution": "DDL",
  "clientEnvironment": 1000,
  "invokedOnStartup": false,
  "linux": {
    "os": "Ubuntu",
    "name": "Ubuntu ",
    "release": "",
    "codename": "",
    "desktopEnvironment": "Hyprland"
  }
}
[06/03/24, 22:55:49:451] info: initializeApplicationEpic: trying to set ntlm credential domain for session 
{
  "sessionId": "PROD_DEFAULT_SESSION"
}
[06/03/24, 22:55:49:451] info: initializeApplicationEpic: Setting spellcheck dictionary URL 
{
  "dictionaryUrl": "https://spellcheck.slack-edge.com/dictionaries_v2/"
}
[06/03/24, 22:55:49:451] info: initializeApplicationEpic: Welcome to Slack 4.38.125 x64 
[06/03/24, 22:55:49:451] info: Breadcrumb: electron: powerMonitor.newListener 
[06/03/24, 22:55:49:453] info: logExternalConfigEpic: initial external config 
{
  "defaults": {}
}
[06/03/24, 22:55:49:453] info: AutoLoginEpic: Checking for autologin. 
[06/03/24, 22:55:49:454] info: getIsUpdateSupported: Updates are not supported 
{
  "version": "4.38.125",
  "reasons": [
    "using Linux"
  ],
  "distribution": "DDL",
  "executable": "/usr/lib/slack"
}
[06/03/24, 22:55:49:456] info: makeUuidFactory:: Read existing uuid for tray from persisted location:  
{
  "uuid": "45da0f5f-69d8-4b63-a42f-8c002995b2b7"
}
[06/03/24, 22:55:49:461] info: Store: SET_ACCESSIBILITY_SUPPORT_ENABLED 
[06/03/24, 22:55:49:461] info: Store: CREATE_WINDOW 
{
  "type": "main"
}
[06/03/24, 22:55:49:461] info: Store: UPDATE_SETTINGS 
{
  "isSignedIntoSlackOrg": false
}
[06/03/24, 22:55:49:463] info: initialSettingsPayload: trying to invalidate settings 
{
  "payload": {}
}
[06/03/24, 22:55:49:463] info: Store: SET_UPDATE_SUPPORTED 
[06/03/24, 22:55:49:467] info: Store: TOKEN_FILE_PROCESSED 
[06/03/24, 22:55:49:467] info: AutoLoginEpic: Processing token file for autologin. 
[06/03/24, 22:55:49:467] info: AutoLoginEpic: Completed autologin processing — successfully logged in 0 workspaces. 
[06/03/24, 22:55:49:467] info: AutoLoginEpic: Setting default sign-in team to null 
[06/03/24, 22:55:49:467] info: Store: AUTOLOGIN_TEAMS_COMPLETE 
[06/03/24, 22:55:49:467] info: Store: UPDATE_SETTINGS 
{
  "defaultSigninTeam": null
}
[06/03/24, 22:55:49:500] info: Breadcrumb: electron: app.web-contents-created 
[06/03/24, 22:55:49:500] info: Breadcrumb: electron: app.browser-window-created 
[06/03/24, 22:55:49:523] info: MainWindowEpics: Setting main window ID 
{
  "id": 1
}
[06/03/24, 22:55:49:523] info: getSonicBaseURL: Booting into devEnv 
{
  "url": "https://app.slack.com"
}
[06/03/24, 22:55:49:525] info: Store: WINDOW_CREATED 
{
  "type": "main",
  "webappType": "app",
  "initialLoadURL": "https://app.slack.com/ssb/first?redir=%2Fssb%2Fclient",
  "id": 1,
  "frame": {
    "isHtmlFullScreen": false,
    "isCurrentlyAudible": false,
    "isFullScreen": false,
    "isMinimized": false,
    "isMaximized": false,
    "isVisible": false,
    "isFocused": false,
    "bounds": {
      "x": 12,
      "y": 52,
      "width": 1896,
      "height": 1016
    },
    "hasVibrancy": false
  }
}
[06/03/24, 22:55:49:527] info: Breadcrumb: electron: powerMonitor.newListener 
[06/03/24, 22:55:49:527] info: Breadcrumb: electron: powerMonitor.newListener 
[06/03/24, 22:55:49:527] info: Watching for keyboard layout changes 
[06/03/24, 22:55:49:528] info: Store: RECORD_PERFORMANCE_TIMING 
{
  "phase": 1,
  "interval": 119
}
[06/03/24, 22:55:49:531] info: registerLifeCycleEvents: Registering webContents:1 
[06/03/24, 22:55:49:531] info: registerLifeCycleEvents: webContents:1 is type 'app' 
[06/03/24, 22:55:49:531] info: Store: UPSERT_WEB_CONTENTS 
{
  "id": 1,
  "state": "unloaded",
  "type": "app"
}
[06/03/24, 22:55:49:533] info: getSonicBaseURL: Booting into devEnv 
{
  "url": "https://app.slack.com"
}
[06/03/24, 22:55:49:538] info: Breadcrumb: electron: app.gpu-info-update 
[06/03/24, 22:55:49:541] info: System configuration information 
{
  "info": {
    "total_memory_in_gb": 15,
    "gpuFeatures": {
      "2d_canvas": "disabled_software",
      "canvas_oop_rasterization": "disabled_off",
      "direct_rendering_display_compositor": "disabled_off_ok",
      "gpu_compositing": "disabled_software",
      "multiple_raster_threads": "enabled_on",
      "opengl": "disabled_off",
      "rasterization": "disabled_software",
      "raw_draw": "disabled_off_ok",
      "skia_graphite": "disabled_off",
      "video_decode": "disabled_software",
      "video_encode": "disabled_software",
      "vulkan": "disabled_off",
      "webgl": "disabled_off",
      "webgl2": "disabled_off",
      "webgpu": "disabled_off",
      "webnn": "disabled_off"
    },
    "cpu_model": "12th Gen Intel(R) Core(TM) i5-1235U",
    "cpu_logical_core": 12,
    "cpu_clock_speed": 998,
    "gpuDevice": [
      {
        "active": true,
        "cudaComputeCapabilityMajor": 0,
        "deviceId": 18088,
        "gpuPreference": 0,
        "vendorId": 32902
      }
    ],
    "machine_model_name": "unknown",
    "machine_model_version": "unknown",
    "crash_db_size_kb": 1
  }
}
[06/03/24, 22:55:49:764] info: Finished download of spellcheck dictionary 
{
  "code": "en-US"
}
[06/03/24, 22:55:49:767] info: Spellcheck dictionary initialized 
{
  "code": "en-US"
}
[06/03/24, 22:55:49:984] info: Breadcrumb: electron.net: undefined 
{
  "url": "https://app.slack.com/api/desktop.features",
  "method": "GET",
  "status_code": 200
}
[06/03/24, 22:55:49:988] info: Feature Check: received experiments 
{
  "ok": true,
  "experiments": [
    {
      "experiment": "",
      "disable_chrome_features": [
        "PostQuantumKyber"
      ],
      "type": "normal"
    }
  ]
}
[06/03/24, 22:55:50:538] info: Store: SET_WINDOW_FRAME 
{
  "id": 1,
  "frame": {
    "bounds": {
      "x": 12,
      "y": 52,
      "width": 1896,
      "height": 1016
    },
    "isMaximized": false
  },
  "fromEvent": true
}
[06/03/24, 22:55:50:815] info: Store: UPDATE_SETTINGS 
{
  "userTheme": "light"
}
[06/03/24, 22:55:50:817] info: Store: UPDATE_SETTINGS 
{
  "systemThemeSyncEnabled": false
}
[06/03/24, 22:55:50:971] info: Breadcrumb: electron: renderer.dom-ready 
{
  "id": 1,
  "url": "https://app.slack.com/ssb/first?redir=%2Fssb%2Fclient"
}
[06/03/24, 22:55:50:971] info: registerLifeCycleEvents: webContents:1 from 'unloaded' to 'loaded' took 1440 ms 
[06/03/24, 22:55:50:971] info: Store: UPSERT_WEB_CONTENTS 
{
  "id": 1,
  "state": "loaded"
}
[06/03/24, 22:55:50:973] info: initializeMainWindowEpic: Showing main window 
{
  "maximized": false,
  "shouldHide": false,
  "fullScreen": false
}
[06/03/24, 22:55:50:973] info: Breadcrumb: electron: window.show 
{
  "id": 1,
  "url": "https://app.slack.com/ssb/first?redir=%2Fssb%2Fclient"
}
[06/03/24, 22:55:50:974] info: Store: RECORD_PERFORMANCE_TIMING 
{
  "phase": 2,
  "interval": 1446
}
[06/03/24, 22:55:50:975] info: Store: SET_WINDOW_FRAME 
{
  "id": 1,
  "frame": {
    "isVisible": true
  },
  "fromEvent": true
}
[06/03/24, 22:55:50:975] info: Store: MAIN_WINDOW_SHOWN 
[06/03/24, 22:55:50:978] info: Store: UPDATE_SETTINGS 
{
  "mainWindowSettings": {
    "fullScreen": false,
    "maximized": false,
    "bounds": {
      "x": 12,
      "y": 52,
      "width": 1896,
      "height": 1016
    }
  }
}
[06/03/24, 22:55:50:979] info: Store: CLEAR_NOTIFICATIONS 
[06/03/24, 22:55:50:986] info: waitAuthCookieChange: waiting for auth change for session 
{
  "sessionId": "PROD_DEFAULT_SESSION"
}
[06/03/24, 22:55:50:990] info: Breadcrumb: electron: window.focus 
{
  "id": 1,
  "url": "https://app.slack.com/ssb/first?redir=%2Fssb%2Fclient"
}
[06/03/24, 22:55:50:990] info: Breadcrumb: electron: app.browser-window-focus 
[06/03/24, 22:55:50:991] info: Store: SET_WINDOW_FRAME 
{
  "id": 1,
  "frame": {
    "isFocused": true
  },
  "fromEvent": true
}
[06/03/24, 22:55:51:001] info: Permission check granted: 
{
  "isMainFrame": true,
  "permission": "background-sync",
  "requestingOrigin": "https://app.slack.com/",
  "requestingUrl": "https://app.slack.com/ssb/first?redir=%2Fssb%2Fclient",
  "securityOrigin": null
}
[06/03/24, 22:55:51:002] info: registerLifeCycleEvents: webContents:1 is type 'app' 
[06/03/24, 22:55:51:003] info: Store: UPSERT_WEB_CONTENTS 
{
  "id": 1,
  "type": "app",
  "history": "[REDACTED]"
}
[06/03/24, 22:55:51:004] info: Store: SET_WINDOW_FRAME 
{
  "id": 1,
  "frame": {
    "isVisible": true,
    "isFocused": true
  },
  "fromEvent": true
}
[06/03/24, 22:55:51:013] info: Breadcrumb: electron: window.ready-to-show 
{
  "id": 1,
  "url": "https://app.slack.com/ssb/first?redir=%2Fssb%2Fclient"
}
[06/03/24, 22:55:51:502] info: Store: SET_NETWORK_STATUS online
[06/03/24, 22:55:51:996] info: Store: SET_WINDOW_FRAME 
{
  "id": 1,
  "frame": {
    "bounds": {
      "x": 12,
      "y": 52,
      "width": 1896,
      "height": 1016
    },
    "isMaximized": false
  },
  "fromEvent": true
}
[06/03/24, 22:55:52:689] info: Store: SET_WINDOW_FRAME 
{
  "id": 1,
  "frame": {
    "bounds": {
      "x": 12,
      "y": 52,
      "width": 1896,
      "height": 1016
    },
    "isMaximized": false
  },
  "fromEvent": true
}
[06/03/24, 22:55:52:758] info: Store: UPDATE_SETTINGS 
{
  "mainWindowSettings": {
    "fullScreen": false,
    "maximized": false,
    "bounds": {
      "x": 12,
      "y": 52,
      "width": 1896,
      "height": 1016
    }
  }
}
[06/03/24, 22:55:53:729] info: actionForExternalWindowURL: Opening external window 
[06/03/24, 22:55:53:733] info: openExternal: Successfully opened external URL 
{
  "protocol": "https:",
  "trigger": 0
}
[06/03/24, 22:55:54:408] info: Store: persist/FLUSH 
[06/03/24, 22:56:01:944] info: actionForExternalWindowURL: Opening external window 
[06/03/24, 22:56:01:949] info: openExternal: Successfully opened external URL 
{
  "protocol": "https:",
  "trigger": 0
}
[06/03/24, 22:56:03:179] info: actionForExternalWindowURL: Opening external window 
[06/03/24, 22:56:03:182] info: openExternal: Successfully opened external URL 
{
  "protocol": "https:",
  "trigger": 0
}
[06/03/24, 22:56:03:362] info: actionForExternalWindowURL: Opening external window 
[06/03/24, 22:56:03:365] info: openExternal: Successfully opened external URL 
{
  "protocol": "https:",
  "trigger": 0
}
[06/03/24, 22:56:03:533] info: actionForExternalWindowURL: Opening external window 
[06/03/24, 22:56:03:538] info: openExternal: Successfully opened external URL 
{
  "protocol": "https:",
  "trigger": 0
}
[06/03/24, 22:56:06:531] info: Breadcrumb: electron: window.blur 
{
  "id": 1,
  "url": "https://app.slack.com/ssb/first?redir=%2Fssb%2Fclient"
}
[06/03/24, 22:56:06:532] info: Breadcrumb: electron: app.browser-window-blur 
[06/03/24, 22:56:06:532] info: Store: SET_WINDOW_FRAME 
{
  "id": 1,
  "frame": {
    "isFocused": false
  },
  "fromEvent": true
}
[06/03/24, 22:56:16:010] info: Breadcrumb: electron: window.focus 
{
  "id": 1,
  "url": "https://app.slack.com/ssb/first?redir=%2Fssb%2Fclient"
}
[06/03/24, 22:56:16:011] info: Breadcrumb: electron: app.browser-window-focus 
[06/03/24, 22:56:16:011] info: Store: SET_WINDOW_FRAME 
{
  "id": 1,
  "frame": {
    "isFocused": true
  },
  "fromEvent": true
}
[06/03/24, 22:56:17:367] info: actionForExternalWindowURL: Opening external window 
[06/03/24, 22:56:17:372] info: openExternal: Successfully opened external URL 
{
  "protocol": "https:",
  "trigger": 0
}
[06/03/24, 22:56:18:356] info: Breadcrumb: electron: window.blur 
{
  "id": 1,
  "url": "https://app.slack.com/ssb/first?redir=%2Fssb%2Fclient"
}
[06/03/24, 22:56:18:356] info: Breadcrumb: electron: app.browser-window-blur 
[06/03/24, 22:56:18:356] info: Store: SET_WINDOW_FRAME 
{
  "id": 1,
  "frame": {
    "isFocused": false
  },
  "fromEvent": true
}
[06/03/24, 22:56:19:521] info: Store: SET_WINDOW_FRAME 
{
  "id": 1,
  "frame": {
    "bounds": {
      "x": 967,
      "y": 52,
      "width": 941,
      "height": 1016
    },
    "isMaximized": false
  },
  "fromEvent": true
}
[06/03/24, 22:56:20:039] info: Store: SET_WINDOW_FRAME 
{
  "id": 1,
  "frame": {
    "bounds": {
      "x": 967,
      "y": 52,
      "width": 941,
      "height": 1016
    },
    "isMaximized": false
  },
  "fromEvent": true
}
[06/03/24, 22:56:20:105] info: Store: UPDATE_SETTINGS 
{
  "mainWindowSettings": {
    "fullScreen": false,
    "maximized": false,
    "bounds": {
      "x": 967,
      "y": 52,
      "width": 941,
      "height": 1016
    }
  }
}
[06/03/24, 22:56:49:453] info: Store: UPDATE_SETTINGS 
{
  "lastClogForProxyInfo": 1717435609453
}
[06/03/24, 22:56:59:872] info: Breadcrumb: electron.net: undefined 
{
  "url": "https://app.slack.com/clog/track/",
  "method": "POST",
  "status_code": 200
}
[06/03/24, 22:57:00:249] info: Breadcrumb: electron.net: undefined 
{
  "url": "https://app.slack.com/clog/track/",
  "method": "POST",
  "status_code": 200
}
[06/03/24, 22:57:00:649] info: Breadcrumb: electron.net: undefined 
{
  "url": "https://app.slack.com/clog/track/",
  "method": "POST",
  "status_code": 200
}
[06/03/24, 22:57:00:955] info: Breadcrumb: electron.net: undefined 
{
  "url": "https://app.slack.com/clog/track/",
  "method": "POST",
  "status_code": 200
}
[06/03/24, 22:57:11:314] info: Breadcrumb: electron: window.focus 
{
  "id": 1,
  "url": "https://app.slack.com/ssb/first?redir=%2Fssb%2Fclient"
}
[06/03/24, 22:57:11:315] info: Breadcrumb: electron: app.browser-window-focus 
[06/03/24, 22:57:11:315] info: Store: SET_WINDOW_FRAME 
{
  "id": 1,
  "frame": {
    "isFocused": true
  },
  "fromEvent": true
}
[06/03/24, 22:57:12:614] info: Breadcrumb: electron: window.blur 
{
  "id": 1,
  "url": "https://app.slack.com/ssb/first?redir=%2Fssb%2Fclient"
}
[06/03/24, 22:57:12:614] info: Breadcrumb: electron: app.browser-window-blur 
[06/03/24, 22:57:12:615] info: Store: SET_WINDOW_FRAME 
{
  "id": 1,
  "frame": {
    "isFocused": false
  },
  "fromEvent": true
}
[06/03/24, 22:57:13:451] info: Breadcrumb: electron: window.focus 
{
  "id": 1,
  "url": "https://app.slack.com/ssb/first?redir=%2Fssb%2Fclient"
}
[06/03/24, 22:57:13:451] info: Breadcrumb: electron: app.browser-window-focus 
[06/03/24, 22:57:13:452] info: Store: SET_WINDOW_FRAME 
{
  "id": 1,
  "frame": {
    "isFocused": true
  },
  "fromEvent": true
}
[06/03/24, 22:57:13:772] info: Breadcrumb: electron: window.blur 
{
  "id": 1,
  "url": "https://app.slack.com/ssb/first?redir=%2Fssb%2Fclient"
}
[06/03/24, 22:57:13:773] info: Breadcrumb: electron: app.browser-window-blur 
[06/03/24, 22:57:13:773] info: Store: SET_WINDOW_FRAME 
{
  "id": 1,
  "frame": {
    "isFocused": false
  },
  "fromEvent": true
}
[06/03/24, 22:58:24:773] info: Breadcrumb: electron: app.second-instance 
[06/03/24, 22:58:24:773] info: secondInstanceEpic: Received deep link protocol activation 
[06/03/24, 22:58:24:774] info: Store: HANDLE_DEEP_LINK 
{
  "url": "slack://T076QBAJSMP/magic-login/7238508857872-86ee1fd0e61722b1fc5d2aed67d8cfddde1e72a4190e81d204e0424ddfd2647b?id=1"
}
[06/03/24, 22:58:24:776] info: Breadcrumb: electron: app.web-contents-created 
[06/03/24, 22:58:24:776] info: Breadcrumb: electron: app.browser-window-created 
[06/03/24, 22:58:24:777] info: MagicLogin: Making magic login API request to https://app.slack.com/api/ 
[06/03/24, 22:58:24:778] info: Store: FOCUS_WINDOW 
[06/03/24, 22:58:24:779] info: Store: MAGIC_LOGIN_IN_PROGRESS true
[06/03/24, 22:58:24:781] info: registerLifeCycleEvents: Registering webContents:2 
[06/03/24, 22:58:24:781] info: Store: UPSERT_WEB_CONTENTS 
{
  "id": 2,
  "state": "unloaded"
}
[06/03/24, 22:58:25:437] info: authCookieBreadcrumb: change to auth cookie 
{
  "sessionId": "PROD_DEFAULT_SESSION",
  "cause": "explicit",
  "removed": false,
  "cookie_name": "d",
  "domain": ".slack.com",
  "expiration": 1751995705.435784
}
[06/03/24, 22:58:25:457] info: Store: UPSERT_WEB_CONTENTS 
{
  "id": 1,
  "history": "[REDACTED]"
}
[06/03/24, 22:58:25:646] info: Breadcrumb: electron: renderer.dom-ready 
{
  "id": 2,
  "url": "https://app.slack.com/api/auth.loginMagicBulk?magic_tokens=z-app-T076QBAJSMP-7238508857872-86ee1fd0e61722b1fc5d2aed67d8cfddde1e72a4190e81d204e0424ddfd2647b&ssb=1"
}
[06/03/24, 22:58:25:647] info: registerLifeCycleEvents: webContents:2 from 'unloaded' to 'loaded' took 866 ms 
[06/03/24, 22:58:25:647] info: Store: UPSERT_WEB_CONTENTS 
{
  "id": 2,
  "state": "loaded"
}
[06/03/24, 22:58:25:652] info: registerLifeCycleEvents: webContents:2 is type 'auth' 
[06/03/24, 22:58:25:652] info: Store: UPSERT_WEB_CONTENTS 
{
  "id": 2,
  "type": "auth",
  "history": "[REDACTED]"
}
[06/03/24, 22:58:25:654] info: Breadcrumb: electron: window.ready-to-show 
{
  "id": 2,
  "url": "https://app.slack.com/api/auth.loginMagicBulk?magic_tokens=z-app-T076QBAJSMP-7238508857872-86ee1fd0e61722b1fc5d2aed67d8cfddde1e72a4190e81d204e0424ddfd2647b&ssb=1"
}
[06/03/24, 22:58:25:656] info: Breadcrumb: electron: window.close 
{
  "id": 2,
  "url": "https://app.slack.com/api/auth.loginMagicBulk?magic_tokens=z-app-T076QBAJSMP-7238508857872-86ee1fd0e61722b1fc5d2aed67d8cfddde1e72a4190e81d204e0424ddfd2647b&ssb=1"
}
[06/03/24, 22:58:25:656] info: registerLifeCycleEvents: webContents:2 from 'loaded' to 'page-closed' took 4 ms 
[06/03/24, 22:58:25:656] info: Store: UPSERT_WEB_CONTENTS 
{
  "id": 2,
  "state": "page-closed"
}
[06/03/24, 22:58:25:656] info: Store: MAGIC_LOGIN_IN_PROGRESS 
[06/03/24, 22:58:25:659] info: Breadcrumb: electron: renderer.destroyed 
{
  "id": 2,
  "url": "https://app.slack.com/api/auth.loginMagicBulk?magic_tokens=z-app-T076QBAJSMP-7238508857872-86ee1fd0e61722b1fc5d2aed67d8cfddde1e72a4190e81d204e0424ddfd2647b&ssb=1"
}
[06/03/24, 22:58:25:659] info: Store: REMOVE_WEB_CONTENTS 
{
  "id": 2
}
[06/03/24, 22:58:25:668] info: Breadcrumb: electron: window.closed 
{
  "id": 2,
  "url": "https://app.slack.com/api/auth.loginMagicBulk?magic_tokens=z-app-T076QBAJSMP-7238508857872-86ee1fd0e61722b1fc5d2aed67d8cfddde1e72a4190e81d204e0424ddfd2647b&ssb=1"
}
[06/03/24, 22:58:26:471] info: Breadcrumb: electron: renderer.dom-ready 
{
  "id": 1,
  "url": "https://app.slack.com/client"
}
[06/03/24, 22:58:26:471] info: registerLifeCycleEvents: webContents:1 from 'loaded' to 'loaded' took 1014 ms 
[06/03/24, 22:58:26:471] info: Store: UPSERT_WEB_CONTENTS 
{
  "id": 1,
  "state": "loaded"
}
[06/03/24, 22:58:26:538] info: Breadcrumb: electron: window.ready-to-show 
{
  "id": 1,
  "url": "https://app.slack.com/client"
}
[06/03/24, 22:58:26:966] info: Store: UPDATE_SETTINGS 
{
  "userTheme": "dark"
}
[06/03/24, 22:58:26:967] info: Store: UPDATE_SETTINGS 
{
  "systemThemeSyncEnabled": true
}
[06/03/24, 22:58:27:078] info: waitAuthCookieChange: waiting for auth change for session 
{
  "sessionId": "PROD_DEFAULT_SESSION"
}
[06/03/24, 22:58:27:079] info: Permission check granted: 
{
  "isMainFrame": true,
  "permission": "background-sync",
  "requestingOrigin": "https://app.slack.com/",
  "requestingUrl": "https://app.slack.com/client",
  "securityOrigin": null
}
[06/03/24, 22:58:27:392] info: Store: SET_NETWORK_STATUS online
[06/03/24, 22:58:27:422] info: Store: SELECTION_CHANGED T076QBAJSMP
[06/03/24, 22:58:28:549] info: Store: REDUX_UPDATE_FROM_WEBAPP (T076QBAJSMP) Changed keys [theme,notificationPrefs,connectivityPrefs,featureFlags,unreads,locale,version,userId]
[06/03/24, 22:58:28:870] info: Store: REDUX_UPDATE_FROM_WEBAPP (T076QBAJSMP) Changed keys [userId]
[06/03/24, 22:58:28:875] info: Store: REDUX_UPDATE_FROM_WEBAPP (T076QBAJSMP) Changed keys [notificationPrefs,unreads]
[06/03/24, 22:58:28:877] info: Store: REDUX_UPDATE_FROM_WEBAPP (T076QBAJSMP) Changed keys [connectivityPrefs]
[06/03/24, 22:58:28:913] info: Store: STORE_USER_WORKSPACES 
{
  "userTeamId": "T076QBAJSMP",
  "workspaceIds": [
    "T076QBAJSMP"
  ]
}
[06/03/24, 22:58:28:920] info: Store: SELECTION_CHANGED T076QBAJSMP
[06/03/24, 22:58:29:003] info: Store: EXTEND_MENU global: menucategory-file,menucategory-view,menucategory-jump-to
[06/03/24, 22:58:29:008] info: Store: EXTEND_MENU T076QBAJSMP: menucategory-file,menucategory-view,menucategory-edit,menucategory-help
[06/03/24, 22:58:29:043] info: Store: EXTEND_MENU global: menucategory-file,menucategory-view,menucategory-jump-to
[06/03/24, 22:58:29:122] info: Store: SYNC Synced 1 workspaces with IDs [T076QBAJSMP]
[06/03/24, 22:58:29:126] info: registerLifeCycleEvents: webContents:1 from 'loaded' to 'webapp-loaded' took 2655 ms 
[06/03/24, 22:58:29:126] info: Store: UPSERT_WEB_CONTENTS 
{
  "id": 1,
  "state": "webapp-loaded"
}
[06/03/24, 22:58:29:129] info: Store: RECORD_PERFORMANCE_TIMING 
{
  "phase": 3,
  "interval": 158157
}
[06/03/24, 22:58:29:743] info: Breadcrumb: electron: window.focus 
{
  "id": 1,
  "url": "https://app.slack.com/client/T076QBAJSMP"
}
[06/03/24, 22:58:29:743] info: Breadcrumb: electron: app.browser-window-focus 
[06/03/24, 22:58:29:743] info: Store: SET_WINDOW_FRAME 
{
  "id": 1,
  "frame": {
    "isFocused": true
  },
  "fromEvent": true
}
[06/03/24, 22:58:34:010] info: Permission check granted: 
{
  "isMainFrame": true,
  "permission": "media",
  "requestingOrigin": "https://app.slack.com/client/T076QBAJSMP",
  "requestingUrl": "https://app.slack.com/client/T076QBAJSMP",
  "securityOrigin": "https://app.slack.com/",
  "mediaType": "audio"
}
[06/03/24, 22:58:34:011] info: Permission check granted: 
{
  "isMainFrame": true,
  "permission": "speaker-selection",
  "requestingOrigin": "https://app.slack.com/",
  "requestingUrl": "https://app.slack.com/client/T076QBAJSMP",
  "securityOrigin": null
}
[06/03/24, 22:58:34:011] info: Permission check granted: 
{
  "isMainFrame": true,
  "permission": "media",
  "requestingOrigin": "https://app.slack.com/client/T076QBAJSMP",
  "requestingUrl": "https://app.slack.com/client/T076QBAJSMP",
  "securityOrigin": "https://app.slack.com/",
  "mediaType": "audio"
}
[06/03/24, 22:58:34:049] info: Store: EXTEND_MENU T076QBAJSMP: menucategory-file,menucategory-view,menucategory-edit,menucategory-help
[06/03/24, 22:58:34:123] info: Store: persist/FLUSH 
[06/03/24, 22:59:07:426] info: actionForExternalWindowURL: Opening external window 
[06/03/24, 22:59:07:428] info: openExternal: Successfully opened external URL 
{
  "protocol": "https:",
  "trigger": 0
}
[06/03/24, 22:59:08:551] info: Breadcrumb: electron: window.blur 
{
  "id": 1,
  "url": "https://app.slack.com/client/T076QBAJSMP"
}
[06/03/24, 22:59:08:551] info: Breadcrumb: electron: app.browser-window-blur 
[06/03/24, 22:59:08:552] info: Store: SET_WINDOW_FRAME 
{
  "id": 1,
  "frame": {
    "isFocused": false
  },
  "fromEvent": true
}
[06/03/24, 22:59:11:423] info: Breadcrumb: electron: window.focus 
{
  "id": 1,
  "url": "https://app.slack.com/client/T076QBAJSMP"
}
[06/03/24, 22:59:11:423] info: Breadcrumb: electron: app.browser-window-focus 
[06/03/24, 22:59:11:424] info: Store: SET_WINDOW_FRAME 
{
  "id": 1,
  "frame": {
    "isFocused": true
  },
  "fromEvent": true
}
[06/03/24, 22:59:12:958] info: Breadcrumb: electron: window.blur 
{
  "id": 1,
  "url": "https://app.slack.com/client/T076QBAJSMP"
}
[06/03/24, 22:59:12:958] info: Breadcrumb: electron: app.browser-window-blur 
[06/03/24, 22:59:12:958] info: Store: SET_WINDOW_FRAME 
{
  "id": 1,
  "frame": {
    "isFocused": false
  },
  "fromEvent": true
}
[06/03/24, 22:59:19:736] info: Breadcrumb: electron.net: undefined 
{
  "url": "https://app.slack.com/clog/track/",
  "method": "POST",
  "status_code": 200
}
[06/03/24, 22:59:21:697] info: Breadcrumb: electron: app.second-instance 
[06/03/24, 22:59:21:697] info: secondInstanceEpic: Received deep link protocol activation 
[06/03/24, 22:59:21:697] info: Store: HANDLE_DEEP_LINK 
{
  "url": "slack://T076QBAJSMP/magic-login/7201163358807-86eeed7737c6836c2a704de9a24e089a751039fcd4e43e3f14f6a2f33a0c1fcc?source=ssb&id=1"
}
[06/03/24, 22:59:21:700] info: Breadcrumb: electron: app.web-contents-created 
[06/03/24, 22:59:21:700] info: Breadcrumb: electron: app.browser-window-created 
[06/03/24, 22:59:21:701] info: MagicLogin: Making magic login API request to https://app.slack.com/api/ 
[06/03/24, 22:59:21:702] info: Store: FOCUS_WINDOW 
[06/03/24, 22:59:21:703] info: Store: MAGIC_LOGIN_IN_PROGRESS true
[06/03/24, 22:59:21:707] info: registerLifeCycleEvents: Registering webContents:3 
[06/03/24, 22:59:21:707] info: Store: UPSERT_WEB_CONTENTS 
{
  "id": 3,
  "state": "unloaded"
}
[06/03/24, 22:59:22:000] info: Breadcrumb: electron: window.focus 
{
  "id": 1,
  "url": "https://app.slack.com/client/T076QBAJSMP"
}
[06/03/24, 22:59:22:000] info: Breadcrumb: electron: app.browser-window-focus 
[06/03/24, 22:59:22:000] info: Store: SET_WINDOW_FRAME 
{
  "id": 1,
  "frame": {
    "isFocused": true
  },
  "fromEvent": true
}
[06/03/24, 22:59:22:077] info: authCookieBreadcrumb: change to auth cookie 
{
  "sessionId": "PROD_DEFAULT_SESSION",
  "cause": "overwrite",
  "removed": true,
  "cookie_name": "d",
  "domain": ".slack.com",
  "expiration": 1751995705.435784
}
[06/03/24, 22:59:22:077] info: authCookieBreadcrumb: change to auth cookie 
{
  "sessionId": "PROD_DEFAULT_SESSION",
  "cause": "explicit",
  "removed": false,
  "cookie_name": "d",
  "domain": ".slack.com",
  "expiration": 1751995762.076543
}
[06/03/24, 22:59:22:097] info: Breadcrumb: electron: renderer.dom-ready 
{
  "id": 3,
  "url": "https://app.slack.com/api/auth.loginMagicBulk?magic_tokens=z-app-T076QBAJSMP-7201163358807-86eeed7737c6836c2a704de9a24e089a751039fcd4e43e3f14f6a2f33a0c1fcc&ssb=1"
}
[06/03/24, 22:59:22:097] info: registerLifeCycleEvents: webContents:3 from 'unloaded' to 'loaded' took 390 ms 
[06/03/24, 22:59:22:097] info: Store: UPSERT_WEB_CONTENTS 
{
  "id": 3,
  "state": "loaded"
}
[06/03/24, 22:59:22:101] info: waitAuthCookieChange: waiting for auth change for session 
{
  "sessionId": "PROD_DEFAULT_SESSION"
}
[06/03/24, 22:59:22:101] info: registerLifeCycleEvents: webContents:3 is type 'auth' 
[06/03/24, 22:59:22:102] info: Store: UPSERT_WEB_CONTENTS 
{
  "id": 3,
  "type": "auth",
  "history": "[REDACTED]"
}
[06/03/24, 22:59:22:103] info: Breadcrumb: electron: window.ready-to-show 
{
  "id": 3,
  "url": "https://app.slack.com/api/auth.loginMagicBulk?magic_tokens=z-app-T076QBAJSMP-7201163358807-86eeed7737c6836c2a704de9a24e089a751039fcd4e43e3f14f6a2f33a0c1fcc&ssb=1"
}
[06/03/24, 22:59:22:106] info: Breadcrumb: electron: window.close 
{
  "id": 3,
  "url": "https://app.slack.com/api/auth.loginMagicBulk?magic_tokens=z-app-T076QBAJSMP-7201163358807-86eeed7737c6836c2a704de9a24e089a751039fcd4e43e3f14f6a2f33a0c1fcc&ssb=1"
}
[06/03/24, 22:59:22:106] info: registerLifeCycleEvents: webContents:3 from 'loaded' to 'page-closed' took 5 ms 
[06/03/24, 22:59:22:106] info: Store: UPSERT_WEB_CONTENTS 
{
  "id": 3,
  "state": "page-closed"
}
[06/03/24, 22:59:22:107] info: Store: MAGIC_LOGIN_IN_PROGRESS 
[06/03/24, 22:59:22:110] info: Breadcrumb: electron: renderer.destroyed 
{
  "id": 3,
  "url": "https://app.slack.com/api/auth.loginMagicBulk?magic_tokens=z-app-T076QBAJSMP-7201163358807-86eeed7737c6836c2a704de9a24e089a751039fcd4e43e3f14f6a2f33a0c1fcc&ssb=1"
}
[06/03/24, 22:59:22:111] info: Store: REMOVE_WEB_CONTENTS 
{
  "id": 3
}
[06/03/24, 22:59:22:115] info: Breadcrumb: electron: window.closed 
{
  "id": 3,
  "url": "https://app.slack.com/api/auth.loginMagicBulk?magic_tokens=z-app-T076QBAJSMP-7201163358807-86eeed7737c6836c2a704de9a24e089a751039fcd4e43e3f14f6a2f33a0c1fcc&ssb=1"
}
[06/03/24, 22:59:22:441] info: Store: EXTEND_MENU global: menucategory-file,menucategory-view,menucategory-jump-to
[06/03/24, 22:59:22:447] info: Store: EXTEND_MENU T076QBAJSMP: menucategory-file,menucategory-view,menucategory-edit,menucategory-help
[06/03/24, 22:59:31:863] info: Breadcrumb: electron: window.blur 
{
  "id": 1,
  "url": "https://app.slack.com/client/T076QBAJSMP"
}
[06/03/24, 22:59:31:864] info: Breadcrumb: electron: app.browser-window-blur 
[06/03/24, 22:59:31:864] info: Store: SET_WINDOW_FRAME 
{
  "id": 1,
  "frame": {
    "isFocused": false
  },
  "fromEvent": true
}
[06/03/24, 22:59:36:791] info: Breadcrumb: electron: window.focus 
{
  "id": 1,
  "url": "https://app.slack.com/client/T076QBAJSMP"
}
[06/03/24, 22:59:36:792] info: Breadcrumb: electron: app.browser-window-focus 
[06/03/24, 22:59:36:792] info: Store: SET_WINDOW_FRAME 
{
  "id": 1,
  "frame": {
    "isFocused": true
  },
  "fromEvent": true
}
[06/03/24, 22:59:40:643] info: actionForExternalWindowURL: Opening external window 
[06/03/24, 22:59:40:649] info: openExternal: Successfully opened external URL 
{
  "protocol": "https:",
  "trigger": 0
}
[06/03/24, 22:59:41:710] info: Breadcrumb: electron: window.blur 
{
  "id": 1,
  "url": "https://app.slack.com/client/T076QBAJSMP"
}
[06/03/24, 22:59:41:710] info: Breadcrumb: electron: app.browser-window-blur 
[06/03/24, 22:59:41:710] info: Store: SET_WINDOW_FRAME 
{
  "id": 1,
  "frame": {
    "isFocused": false
  },
  "fromEvent": true
}
[06/03/24, 22:59:54:973] info: Breadcrumb: electron: app.second-instance 
[06/03/24, 22:59:54:973] info: secondInstanceEpic: Received deep link protocol activation 
[06/03/24, 22:59:54:973] info: Store: HANDLE_DEEP_LINK 
{
  "url": "slack://T076QBAJSMP/magic-login/7209096513798-e0b6f97c223fdc8fef11153d58c22cd0612f7bf8a4f69fe1590db1bc141bc079?source=ssb&id=1"
}
[06/03/24, 22:59:54:975] info: Breadcrumb: electron: app.web-contents-created 
[06/03/24, 22:59:54:975] info: Breadcrumb: electron: app.browser-window-created 
[06/03/24, 22:59:54:975] info: MagicLogin: Making magic login API request to https://app.slack.com/api/ 
[06/03/24, 22:59:54:977] info: Store: FOCUS_WINDOW 
[06/03/24, 22:59:54:977] info: Store: MAGIC_LOGIN_IN_PROGRESS true
[06/03/24, 22:59:54:981] info: registerLifeCycleEvents: Registering webContents:4 
[06/03/24, 22:59:54:981] info: Store: UPSERT_WEB_CONTENTS 
{
  "id": 4,
  "state": "unloaded"
}
[06/03/24, 22:59:55:376] info: authCookieBreadcrumb: change to auth cookie 
{
  "sessionId": "PROD_DEFAULT_SESSION",
  "cause": "overwrite",
  "removed": true,
  "cookie_name": "d",
  "domain": ".slack.com",
  "expiration": 1751995762.076543
}
[06/03/24, 22:59:55:377] info: authCookieBreadcrumb: change to auth cookie 
{
  "sessionId": "PROD_DEFAULT_SESSION",
  "cause": "explicit",
  "removed": false,
  "cookie_name": "d",
  "domain": ".slack.com",
  "expiration": 1751995795.375429
}
[06/03/24, 22:59:55:389] info: waitAuthCookieChange: waiting for auth change for session 
{
  "sessionId": "PROD_DEFAULT_SESSION"
}
[06/03/24, 22:59:55:399] info: Breadcrumb: electron: renderer.dom-ready 
{
  "id": 4,
  "url": "https://app.slack.com/api/auth.loginMagicBulk?magic_tokens=z-app-T076QBAJSMP-7209096513798-e0b6f97c223fdc8fef11153d58c22cd0612f7bf8a4f69fe1590db1bc141bc079&ssb=1"
}
[06/03/24, 22:59:55:399] info: registerLifeCycleEvents: webContents:4 from 'unloaded' to 'loaded' took 418 ms 
[06/03/24, 22:59:55:399] info: Store: UPSERT_WEB_CONTENTS 
{
  "id": 4,
  "state": "loaded"
}
[06/03/24, 22:59:55:401] info: registerLifeCycleEvents: webContents:4 is type 'auth' 
[06/03/24, 22:59:55:401] info: Store: UPSERT_WEB_CONTENTS 
{
  "id": 4,
  "type": "auth",
  "history": "[REDACTED]"
}
[06/03/24, 22:59:55:402] info: Breadcrumb: electron: window.ready-to-show 
{
  "id": 4,
  "url": "https://app.slack.com/api/auth.loginMagicBulk?magic_tokens=z-app-T076QBAJSMP-7209096513798-e0b6f97c223fdc8fef11153d58c22cd0612f7bf8a4f69fe1590db1bc141bc079&ssb=1"
}
[06/03/24, 22:59:55:405] info: Breadcrumb: electron: window.close 
{
  "id": 4,
  "url": "https://app.slack.com/api/auth.loginMagicBulk?magic_tokens=z-app-T076QBAJSMP-7209096513798-e0b6f97c223fdc8fef11153d58c22cd0612f7bf8a4f69fe1590db1bc141bc079&ssb=1"
}
[06/03/24, 22:59:55:406] info: registerLifeCycleEvents: webContents:4 from 'loaded' to 'page-closed' took 5 ms 
[06/03/24, 22:59:55:406] info: Store: UPSERT_WEB_CONTENTS 
{
  "id": 4,
  "state": "page-closed"
}
[06/03/24, 22:59:55:406] info: Store: MAGIC_LOGIN_IN_PROGRESS 
[06/03/24, 22:59:55:409] info: Breadcrumb: electron: renderer.destroyed 
{
  "id": 4,
  "url": "https://app.slack.com/api/auth.loginMagicBulk?magic_tokens=z-app-T076QBAJSMP-7209096513798-e0b6f97c223fdc8fef11153d58c22cd0612f7bf8a4f69fe1590db1bc141bc079&ssb=1"
}
[06/03/24, 22:59:55:409] info: Store: REMOVE_WEB_CONTENTS 
{
  "id": 4
}
[06/03/24, 22:59:55:412] info: Breadcrumb: electron: window.closed 
{
  "id": 4,
  "url": "https://app.slack.com/api/auth.loginMagicBulk?magic_tokens=z-app-T076QBAJSMP-7209096513798-e0b6f97c223fdc8fef11153d58c22cd0612f7bf8a4f69fe1590db1bc141bc079&ssb=1"
}
[06/03/24, 22:59:55:615] info: Breadcrumb: electron: window.focus 
{
  "id": 1,
  "url": "https://app.slack.com/client/T076QBAJSMP"
}
[06/03/24, 22:59:55:616] info: Breadcrumb: electron: app.browser-window-focus 
[06/03/24, 22:59:55:616] info: Store: SET_WINDOW_FRAME 
{
  "id": 1,
  "frame": {
    "isFocused": true
  },
  "fromEvent": true
}
[06/03/24, 22:59:55:777] info: Store: EXTEND_MENU global: menucategory-file,menucategory-view,menucategory-jump-to
[06/03/24, 22:59:55:783] info: Store: EXTEND_MENU T076QBAJSMP: menucategory-file,menucategory-view,menucategory-edit,menucategory-help
[06/03/24, 23:00:02:042] info: Breadcrumb: electron: window.blur 
{
  "id": 1,
  "url": "https://app.slack.com/client/T076QBAJSMP"
}
[06/03/24, 23:00:02:043] info: Breadcrumb: electron: app.browser-window-blur 
[06/03/24, 23:00:02:043] info: Store: SET_WINDOW_FRAME 
{
  "id": 1,
  "frame": {
    "isFocused": false
  },
  "fromEvent": true
}
[06/03/24, 23:00:07:015] info: Breadcrumb: electron: window.focus 
{
  "id": 1,
  "url": "https://app.slack.com/client/T076QBAJSMP"
}
[06/03/24, 23:00:07:016] info: Breadcrumb: electron: app.browser-window-focus 
[06/03/24, 23:00:07:016] info: Store: SET_WINDOW_FRAME 
{
  "id": 1,
  "frame": {
    "isFocused": true
  },
  "fromEvent": true
}
[06/03/24, 23:00:26:769] info: Breadcrumb: electron: window.blur 
{
  "id": 1,
  "url": "https://app.slack.com/client/T076QBAJSMP"
}
[06/03/24, 23:00:26:769] info: Breadcrumb: electron: app.browser-window-blur 
[06/03/24, 23:00:26:769] info: Store: SET_WINDOW_FRAME 
{
  "id": 1,
  "frame": {
    "isFocused": false
  },
  "fromEvent": true
}
[06/03/24, 23:00:29:843] info: Breadcrumb: electron.net: undefined 
{
  "url": "https://app.slack.com/clog/track/",
  "method": "POST",
  "status_code": 200
}
[06/03/24, 23:00:32:984] info: Breadcrumb: electron: window.focus 
{
  "id": 1,
  "url": "https://app.slack.com/client/T076QBAJSMP"
}
[06/03/24, 23:00:32:985] info: Breadcrumb: electron: app.browser-window-focus 
[06/03/24, 23:00:32:986] info: Store: SET_WINDOW_FRAME 
{
  "id": 1,
  "frame": {
    "isFocused": true
  },
  "fromEvent": true
}
[06/03/24, 23:00:33:665] info: Breadcrumb: electron: window.blur 
{
  "id": 1,
  "url": "https://app.slack.com/client/T076QBAJSMP"
}
[06/03/24, 23:00:33:665] info: Breadcrumb: electron: app.browser-window-blur 
[06/03/24, 23:00:33:666] info: Store: SET_WINDOW_FRAME 
{
  "id": 1,
  "frame": {
    "isFocused": false
  },
  "fromEvent": true
}
[06/03/24, 23:00:47:364] info: Permission check granted: 
{
  "isMainFrame": false,
  "permission": "background-sync",
  "requestingOrigin": "https://[REDACTED].slack.com/",
  "requestingUrl": null,
  "securityOrigin": null
}
[06/03/24, 23:00:51:112] info: Breadcrumb: electron: window.focus 
{
  "id": 1,
  "url": "https://app.slack.com/client/T076QBAJSMP"
}
[06/03/24, 23:00:51:112] info: Breadcrumb: electron: app.browser-window-focus 
[06/03/24, 23:00:51:113] info: Store: SET_WINDOW_FRAME 
{
  "id": 1,
  "frame": {
    "isFocused": true
  },
  "fromEvent": true
}
[06/03/24, 23:00:51:399] info: Breadcrumb: electron: window.blur 
{
  "id": 1,
  "url": "https://app.slack.com/client/T076QBAJSMP"
}
[06/03/24, 23:00:51:400] info: Breadcrumb: electron: app.browser-window-blur 
[06/03/24, 23:00:51:400] info: Store: SET_WINDOW_FRAME 
{
  "id": 1,
  "frame": {
    "isFocused": false
  },
  "fromEvent": true
}
[06/03/24, 23:00:51:793] info: Breadcrumb: electron: window.focus 
{
  "id": 1,
  "url": "https://app.slack.com/client/T076QBAJSMP"
}
[06/03/24, 23:00:51:794] info: Breadcrumb: electron: app.browser-window-focus 
[06/03/24, 23:00:51:794] info: Store: SET_WINDOW_FRAME 
{
  "id": 1,
  "frame": {
    "isFocused": true
  },
  "fromEvent": true
}
[06/03/24, 23:01:47:366] info: Permission check granted: 
{
  "isMainFrame": false,
  "permission": "background-sync",
  "requestingOrigin": "https://app.slack.com/",
  "requestingUrl": null,
  "securityOrigin": null
}
[06/03/24, 23:02:17:201] info: Breadcrumb: electron: window.blur 
{
  "id": 1,
  "url": "https://app.slack.com/client/T076QBAJSMP/C076E5NLZ28"
}
[06/03/24, 23:02:17:201] info: Breadcrumb: electron: app.browser-window-blur 
[06/03/24, 23:02:17:202] info: Store: SET_WINDOW_FRAME 
{
  "id": 1,
  "frame": {
    "isFocused": false
  },
  "fromEvent": true
}
[06/03/24, 23:02:29:282] info: Breadcrumb: electron: window.focus 
{
  "id": 1,
  "url": "https://app.slack.com/client/T076QBAJSMP/C076E5NLZ28"
}
[06/03/24, 23:02:29:282] info: Breadcrumb: electron: app.browser-window-focus 
[06/03/24, 23:02:29:283] info: Store: SET_WINDOW_FRAME 
{
  "id": 1,
  "frame": {
    "isFocused": true
  },
  "fromEvent": true
}
[06/03/24, 23:02:32:320] info: Breadcrumb: electron: window.close 
{
  "id": 1,
  "url": "https://app.slack.com/client/T076QBAJSMP/C076E5NLZ28"
}
[06/03/24, 23:02:32:321] info: Attempted to close the window, hiding due to run from tray 
[06/03/24, 23:02:32:322] info: Breadcrumb: electron: window.hide 
{
  "id": 1,
  "url": "https://app.slack.com/client/T076QBAJSMP/C076E5NLZ28"
}
[06/03/24, 23:02:32:322] info: Store: SET_WINDOW_FRAME 
{
  "id": 1,
  "frame": {
    "isVisible": false
  },
  "fromEvent": true
}
[06/03/24, 23:02:32:323] info: Store: UPDATE_SETTINGS 
{
  "hasRunFromTray": true
}
[06/03/24, 23:02:32:326] info: Store: SHOW_TRAY_BALLOON 
{
  "title": "Why didn’t Slack quit?",
  "content": "Slack’s set to stay running in the notification area. To change this, visit Preferences > Advanced."
}
[06/03/24, 23:02:32:326] info: Tray Handler: Showing a tray balloon with title: Why didn’t Slack quit? 
[06/03/24, 23:02:32:332] info: Breadcrumb: electron: window.blur 
{
  "id": 1,
  "url": "https://app.slack.com/client/T076QBAJSMP/C076E5NLZ28"
}
[06/03/24, 23:02:32:332] info: Breadcrumb: electron: app.browser-window-blur 
[06/03/24, 23:02:32:333] info: Store: SET_WINDOW_FRAME 
{
  "id": 1,
  "frame": {
    "isFocused": false
  },
  "fromEvent": true
}
[06/18/24, 18:55:10:018] info: 
╔═════════════════════════════════════════════════════════╗
║      Slack 4.38.125, linux 6.9.5-zen1-1-zen on x64      ║
╚═════════════════════════════════════════════════════════╝ 
[06/18/24, 18:55:10:020] info: Configured logger via 
{
  "loggerInstanceCount": 1
}
[06/18/24, 18:55:10:033] info: Predefined values for process 
{
  "NODE_ENV": "production",
  "platform": "linux",
  "type": "browser",
  "timeZone": "Asia/Calcutta",
  "PACKAGE_MANIFEST.productName": "Slack",
  "PACKAGE_MANIFEST.version": "4.38.125",
  "PACKAGE_MANIFEST.commit": "6307452",
  "PACKAGE_MANIFEST.branch": "HEAD"
}
[06/18/24, 18:55:10:212] info: Starting Sentry 
[06/18/24, 18:55:10:213] info: makeUuidFactory:: Read existing uuid for instance from persisted location:  
{
  "uuid": "45e61bc9-b7ae-421d-be79-6bf6bfec1851"
}
[06/18/24, 18:55:10:214] info: getSentryDSN: Setting sentry URL to slack.com 
[06/18/24, 18:55:10:399] info: Breadcrumb: electron: app.will-finish-launching 
[06/18/24, 18:55:10:414] info: Breadcrumb: electron: app.ready 
[06/18/24, 18:55:10:425] info: Breadcrumb: electron: app.session-created 
[06/18/24, 18:55:10:428] info: Breadcrumb: electron: app.session-created 
[06/18/24, 18:55:10:453] info: Store: persist/PERSIST 
[06/18/24, 18:55:10:464] info: Store: UPDATE_SETTINGS 
{
  "locale": "en-US"
}
[06/18/24, 18:55:10:472] info: Store: persist/REHYDRATE 
{
  "appTeams": "[DEPRECATED]",
  "bookmarks": "[REDACTED]",
  "downloads": "No downloads",
  "enterprise": "No Enterprise orgs",
  "settings": {
    "isSignedIntoSlackOrg": false,
    "locale": "en-US",
    "notificationMethod": null,
    "releaseChannelOverride": null
  },
  "teams": "[DEPRECATED]",
  "webapp": "[REDACTED]",
  "workspaces": "1 workspaces: T076QBAJSMP",
  "workspacesMeta": "Selected workspace: T076QBAJSMP",
  "_persist": "Persistence version: 1"
}
[06/18/24, 18:55:10:474] warn: Telemetry queued before configured 
{
  "event": 1001000
}
[06/18/24, 18:55:10:474] info: Store: RECORD_PERFORMANCE_TIMING 
{
  "phase": 0,
  "interval": 26
}
[06/18/24, 18:55:10:476] info: Store: INITIALIZE 
{
  "resourcePath": "/usr/lib/slack/resources/app.asar",
  "silent": true,
  "tsaToken": "[REDACTED]",
  "bootFragments": []
}
[06/18/24, 18:55:10:490] info: Store: SET_SESSION_MODE 
[06/18/24, 18:55:10:494] info: Feature Check: requesting features from https://app.slack.com/api/ 
[06/18/24, 18:55:10:499] info: Breadcrumb: electron: powerMonitor.newListener 
[06/18/24, 18:55:10:500] info: Breadcrumb: electron: powerMonitor.newListener 
[06/18/24, 18:55:10:504] error: Failed to load calls-desktop-interop.WindowBorderPanel 
{
  "error": {
    "name": "Error",
    "stack": "Error: Module did not self-register: '/usr/lib/slack/resources/app.asar.unpacked/node_modules/@tinyspeck/huddles-desktop-utils/build/Release/CallsDesktopInterop.node'.\n    at process.func [as dlopen] (node:electron/js2c/node_init:2:2214)\n    at Module._extensions..node (node:internal/modules/cjs/loader:1489:18)\n    at Object.func [as .node] (node:electron/js2c/node_init:2:2441)\n    at Module.load (node:internal/modules/cjs/loader:1214:32)\n    at Module._load (node:internal/modules/cjs/loader:1030:12)\n    at c._load (node:electron/js2c/node_init:2:13672)\n    at Module.require (node:internal/modules/cjs/loader:1242:19)\n    at require (node:internal/modules/helpers:176:18)\n    at bindings (/usr/lib/slack/resources/app.asar/node_modules/bindings/bindings.js:112:48)\n    at Object.<anonymous> (/usr/lib/slack/resources/app.asar/node_modules/@tinyspeck/huddles-desktop-utils/lib/index.js:1:34)",
    "message": "Module did not self-register: '/usr/lib/slack/resources/app.asar.unpacked/node_modules/@tinyspeck/huddles-desktop-utils/build/Release/CallsDesktopInterop.node'.",
    "code": "ERR_DLOPEN_FAILED"
  }
}
[06/18/24, 18:55:10:543] warn: Failed to install protocol handler for slack:// links 
[06/18/24, 18:55:10:544] info: Startup Display id=33 at (0, 0) [1920 x 1080] 
[06/18/24, 18:55:10:544] info: Startup Display id=1 at (1920, 0) [1366 x 768] 
[06/18/24, 18:55:10:557] info: getLinuxDistro: osInfo 
{
  "stdoutValue": "n/a Garuda \"Garuda Linux Bird of Prey\" Soaring BirdOfPrey\n",
  "osInfo": [
    ""
  ]
}
[06/18/24, 18:55:10:557] warn: Couldn't get Linux distro info from lsb_release, trying fallback to get Linux distro info 
{
  "error": {
    "name": "Error",
    "stack": "Error: Missing OS or release info\n    at XR (/usr/lib/slack/resources/app.asar/dist/main.bundle.js:92:204)",
    "message": "Missing OS or release info"
  }
}
[06/18/24, 18:55:10:598] info: getLinuxDistro: getos 
{
  "res": {
    "os": "linux",
    "dist": "Ubuntu"
  }
}
[06/18/24, 18:55:10:599] info: Store: READY 
{
  "resourcePath": "/usr/lib/slack/resources/app.asar",
  "silent": true,
  "tsaToken": "[REDACTED]",
  "bootFragments": [],
  "appVersion": "4.38.125",
  "arch": "x64",
  "isGpuCompositionAvailable": true,
  "isTitleBarHidden": false,
  "platform": "linux",
  "platformVersion": {
    "major": 6,
    "minor": 9,
    "build": 5
  },
  "developerMenuOverride": false,
  "uuid": "45e61bc9-b7ae-421d-be79-6bf6bfec1851",
  "applicationProcessSessionId": "NDVlNjFiYzktYjdhZS00MjFkLWJlNzktNmJmNmJmZWMxODUxXzE3MTg3MTcxMTA0Nzc=",
  "distribution": "DDL",
  "clientEnvironment": 1000,
  "invokedOnStartup": false,
  "linux": {
    "os": "Ubuntu",
    "name": "Ubuntu ",
    "release": "",
    "codename": "",
    "desktopEnvironment": "Hyprland"
  }
}
[06/18/24, 18:55:10:600] info: initializeApplicationEpic: trying to set ntlm credential domain for session 
{
  "sessionId": "PROD_DEFAULT_SESSION"
}
[06/18/24, 18:55:10:601] info: initializeApplicationEpic: Setting spellcheck dictionary URL 
{
  "dictionaryUrl": "https://spellcheck.slack-edge.com/dictionaries_v2/"
}
[06/18/24, 18:55:10:601] info: initializeApplicationEpic: Welcome to Slack 4.38.125 x64 
[06/18/24, 18:55:10:601] info: Breadcrumb: electron: powerMonitor.newListener 
[06/18/24, 18:55:10:603] info: logExternalConfigEpic: initial external config 
{
  "defaults": {}
}
[06/18/24, 18:55:10:603] info: AutoLoginEpic: Checking for autologin. 
[06/18/24, 18:55:10:604] info: getIsUpdateSupported: Updates are not supported 
{
  "version": "4.38.125",
  "reasons": [
    "using Linux"
  ],
  "distribution": "DDL",
  "executable": "/usr/lib/slack"
}
[06/18/24, 18:55:10:607] info: makeUuidFactory:: Read existing uuid for tray from persisted location:  
{
  "uuid": "45da0f5f-69d8-4b63-a42f-8c002995b2b7"
}
[06/18/24, 18:55:10:622] info: Store: SET_ACCESSIBILITY_SUPPORT_ENABLED 
[06/18/24, 18:55:10:623] info: Store: CREATE_WINDOW 
{
  "type": "main"
}
[06/18/24, 18:55:10:623] info: Store: UPDATE_SETTINGS 
{
  "isSignedIntoSlackOrg": false
}
[06/18/24, 18:55:10:629] info: initialSettingsPayload: trying to invalidate settings 
{
  "payload": {}
}
[06/18/24, 18:55:10:629] info: Store: SET_UPDATE_SUPPORTED 
[06/18/24, 18:55:10:647] info: Store: TOKEN_FILE_PROCESSED 
[06/18/24, 18:55:10:648] info: AutoLoginEpic: Processing token file for autologin. 
[06/18/24, 18:55:10:649] info: AutoLoginEpic: Completed autologin processing — successfully logged in 0 workspaces. 
[06/18/24, 18:55:10:649] info: AutoLoginEpic: Setting default sign-in team to null 
[06/18/24, 18:55:10:649] info: Store: AUTOLOGIN_TEAMS_COMPLETE 
[06/18/24, 18:55:10:650] info: Store: UPDATE_SETTINGS 
{
  "defaultSigninTeam": null
}
[06/18/24, 18:55:10:746] info: Breadcrumb: electron: app.web-contents-created 
[06/18/24, 18:55:10:747] info: Breadcrumb: electron: app.browser-window-created 
[06/18/24, 18:55:10:797] info: MainWindowEpics: Setting main window ID 
{
  "id": 1
}
[06/18/24, 18:55:10:798] info: getSonicBaseURL: Booting into devEnv 
{
  "url": "https://app.slack.com"
}
[06/18/24, 18:55:10:800] info: Store: WINDOW_CREATED 
{
  "type": "main",
  "webappType": "app",
  "initialLoadURL": "https://app.slack.com/client/T076QBAJSMP",
  "id": 1,
  "frame": {
    "isHtmlFullScreen": false,
    "isCurrentlyAudible": false,
    "isFullScreen": false,
    "isMinimized": false,
    "isMaximized": false,
    "isVisible": false,
    "isFocused": false,
    "bounds": {
      "x": 967,
      "y": 52,
      "width": 941,
      "height": 1016
    },
    "hasVibrancy": false
  }
}
[06/18/24, 18:55:10:803] info: Breadcrumb: electron: powerMonitor.newListener 
[06/18/24, 18:55:10:804] info: Breadcrumb: electron: powerMonitor.newListener 
[06/18/24, 18:55:10:805] info: Watching for keyboard layout changes 
[06/18/24, 18:55:10:808] info: Store: RECORD_PERFORMANCE_TIMING 
{
  "phase": 1,
  "interval": 328
}
[06/18/24, 18:55:10:814] info: registerLifeCycleEvents: Registering webContents:1 
[06/18/24, 18:55:10:815] info: registerLifeCycleEvents: webContents:1 is type 'app' 
[06/18/24, 18:55:10:815] info: Store: UPSERT_WEB_CONTENTS 
{
  "id": 1,
  "state": "unloaded",
  "type": "app"
}
[06/18/24, 18:55:10:820] info: getSonicBaseURL: Booting into devEnv 
{
  "url": "https://app.slack.com"
}
[06/18/24, 18:55:10:862] info: Breadcrumb: electron: app.gpu-info-update 
[06/18/24, 18:55:10:876] info: System configuration information 
{
  "info": {
    "total_memory_in_gb": 15,
    "gpuFeatures": {
      "2d_canvas": "disabled_software",
      "canvas_oop_rasterization": "disabled_off",
      "direct_rendering_display_compositor": "disabled_off_ok",
      "gpu_compositing": "disabled_software",
      "multiple_raster_threads": "enabled_on",
      "opengl": "disabled_off",
      "rasterization": "disabled_software",
      "raw_draw": "disabled_off_ok",
      "skia_graphite": "disabled_off",
      "video_decode": "disabled_software",
      "video_encode": "disabled_software",
      "vulkan": "disabled_off",
      "webgl": "disabled_off",
      "webgl2": "disabled_off",
      "webgpu": "disabled_off",
      "webnn": "disabled_off"
    },
    "cpu_model": "12th Gen Intel(R) Core(TM) i5-1235U",
    "cpu_logical_core": 12,
    "cpu_clock_speed": 1400,
    "gpuDevice": [
      {
        "active": true,
        "cudaComputeCapabilityMajor": 0,
        "deviceId": 18088,
        "gpuPreference": 0,
        "vendorId": 32902
      }
    ],
    "machine_model_name": "unknown",
    "machine_model_version": "unknown",
    "crash_db_size_kb": 1
  }
}
[06/18/24, 18:55:11:252] info: Breadcrumb: electron.net: undefined 
{
  "url": "https://app.slack.com/api/desktop.features",
  "method": "GET",
  "status_code": 200
}
[06/18/24, 18:55:11:264] info: Feature Check: received experiments 
{
  "ok": true,
  "experiments": [
    {
      "experiment": "",
      "disable_chrome_features": [
        "PostQuantumKyber"
      ],
      "type": "normal"
    }
  ]
}
[06/18/24, 18:55:11:518] info: Breadcrumb: electron: renderer.dom-ready 
{
  "id": 1,
  "url": "https://app.slack.com/client/T076QBAJSMP"
}
[06/18/24, 18:55:11:519] info: registerLifeCycleEvents: webContents:1 from 'unloaded' to 'loaded' took 704 ms 
[06/18/24, 18:55:11:519] info: Store: UPSERT_WEB_CONTENTS 
{
  "id": 1,
  "state": "loaded"
}
[06/18/24, 18:55:11:520] info: initializeMainWindowEpic: Showing main window 
{
  "maximized": false,
  "shouldHide": false,
  "fullScreen": false
}
[06/18/24, 18:55:11:536] info: Breadcrumb: electron: window.show 
{
  "id": 1,
  "url": "https://app.slack.com/client/T076QBAJSMP"
}
[06/18/24, 18:55:11:539] info: Store: RECORD_PERFORMANCE_TIMING 
{
  "phase": 2,
  "interval": 718
}
[06/18/24, 18:55:11:540] info: Store: SET_WINDOW_FRAME 
{
  "id": 1,
  "frame": {
    "isVisible": true
  },
  "fromEvent": true
}
[06/18/24, 18:55:11:541] info: Store: MAIN_WINDOW_SHOWN 
[06/18/24, 18:55:11:546] info: Store: UPDATE_SETTINGS 
{
  "mainWindowSettings": {
    "fullScreen": false,
    "maximized": false,
    "bounds": {
      "x": 967,
      "y": 52,
      "width": 941,
      "height": 1016
    }
  }
}
[06/18/24, 18:55:11:553] info: Store: CLEAR_NOTIFICATIONS 
[06/18/24, 18:55:11:595] info: Breadcrumb: electron: window.focus 
{
  "id": 1,
  "url": "https://app.slack.com/client/T076QBAJSMP"
}
[06/18/24, 18:55:11:596] info: Breadcrumb: electron: app.browser-window-focus 
[06/18/24, 18:55:11:596] info: Store: SET_WINDOW_FRAME 
{
  "id": 1,
  "frame": {
    "isFocused": true
  },
  "fromEvent": true
}
[06/18/24, 18:55:11:619] info: Breadcrumb: electron: window.ready-to-show 
{
  "id": 1,
  "url": "https://app.slack.com/client/T076QBAJSMP"
}
[06/18/24, 18:55:11:984] info: Breadcrumb: electron: window.blur 
{
  "id": 1,
  "url": "https://app.slack.com/client/T076QBAJSMP"
}
[06/18/24, 18:55:11:987] info: Breadcrumb: electron: app.browser-window-blur 
[06/18/24, 18:55:11:987] info: Store: SET_WINDOW_FRAME 
{
  "id": 1,
  "frame": {
    "isFocused": false
  },
  "fromEvent": true
}
[06/18/24, 18:55:12:034] info: Permission check granted: 
{
  "isMainFrame": true,
  "permission": "background-sync",
  "requestingOrigin": "https://app.slack.com/",
  "requestingUrl": "https://app.slack.com/client/T076QBAJSMP",
  "securityOrigin": null
}
[06/18/24, 18:55:12:057] info: Breadcrumb: electron: window.focus 
{
  "id": 1,
  "url": "https://app.slack.com/client/T076QBAJSMP"
}
[06/18/24, 18:55:12:058] info: Breadcrumb: electron: app.browser-window-focus 
[06/18/24, 18:55:12:058] info: Store: SET_WINDOW_FRAME 
{
  "id": 1,
  "frame": {
    "isFocused": true
  },
  "fromEvent": true
}
[06/18/24, 18:55:12:723] info: Store: UPDATE_SETTINGS 
{
  "userTheme": "dark"
}
[06/18/24, 18:55:12:727] info: Store: UPDATE_SETTINGS 
{
  "systemThemeSyncEnabled": true
}
[06/18/24, 18:55:13:148] info: waitAuthCookieChange: waiting for auth change for session 
{
  "sessionId": "PROD_DEFAULT_SESSION"
}
[06/18/24, 18:55:13:187] info: Store: SELECTION_CHANGED T076QBAJSMP
[06/18/24, 18:55:13:249] info: Store: SET_NETWORK_STATUS online
[06/18/24, 18:55:13:870] info: Store: SET_WINDOW_FRAME 
{
  "id": 1,
  "frame": {
    "bounds": {
      "x": 1920,
      "y": 0,
      "width": 1366,
      "height": 768
    },
    "isMaximized": false
  },
  "fromEvent": true
}
[06/18/24, 18:55:13:871] info: Main window moved to display 
{
  "id": 1
}
[06/18/24, 18:55:13:979] info: authCookieBreadcrumb: change to auth cookie 
{
  "sessionId": "PROD_DEFAULT_SESSION",
  "cause": "overwrite",
  "removed": true,
  "cookie_name": "d",
  "domain": ".slack.com",
  "expiration": 1751995795.375429
}
[06/18/24, 18:55:13:979] info: authCookieBreadcrumb: change to auth cookie 
{
  "sessionId": "PROD_DEFAULT_SESSION",
  "cause": "explicit",
  "removed": false,
  "cookie_name": "d",
  "domain": ".slack.com",
  "expiration": 1753277113.978252
}
[06/18/24, 18:55:14:105] info: authCookieBreadcrumb: change to auth cookie 
{
  "sessionId": "PROD_DEFAULT_SESSION",
  "cause": "overwrite",
  "removed": true,
  "cookie_name": "d",
  "domain": ".slack.com",
  "expiration": 1753277113.978252
}
[06/18/24, 18:55:14:106] info: authCookieBreadcrumb: change to auth cookie 
{
  "sessionId": "PROD_DEFAULT_SESSION",
  "cause": "explicit",
  "removed": false,
  "cookie_name": "d",
  "domain": ".slack.com",
  "expiration": 1753277114.104329
}
[06/18/24, 18:55:14:112] info: authCookieBreadcrumb: change to auth cookie 
{
  "sessionId": "PROD_DEFAULT_SESSION",
  "cause": "overwrite",
  "removed": true,
  "cookie_name": "d",
  "domain": ".slack.com",
  "expiration": 1753277114.104329
}
[06/18/24, 18:55:14:113] info: authCookieBreadcrumb: change to auth cookie 
{
  "sessionId": "PROD_DEFAULT_SESSION",
  "cause": "explicit",
  "removed": false,
  "cookie_name": "d",
  "domain": ".slack.com",
  "expiration": 1753277114.112057
}
[06/18/24, 18:55:14:569] info: Store: SET_WINDOW_FRAME 
{
  "id": 1,
  "frame": {
    "bounds": {
      "x": 1920,
      "y": 0,
      "width": 1366,
      "height": 768
    },
    "isMaximized": false
  },
  "fromEvent": true
}
[06/18/24, 18:55:14:635] info: Store: UPDATE_SETTINGS 
{
  "mainWindowSettings": {
    "fullScreen": false,
    "maximized": false,
    "bounds": {
      "x": 1920,
      "y": 0,
      "width": 1366,
      "height": 768
    }
  }
}
[06/18/24, 18:55:15:432] info: Store: REDUX_UPDATE_FROM_WEBAPP (T076QBAJSMP) Changed keys [theme,notificationPrefs,connectivityPrefs,featureFlags,unreads,locale,version,userId]
[06/18/24, 18:55:15:444] info: registerLifeCycleEvents: webContents:1 is type 'app' 
[06/18/24, 18:55:15:444] info: Store: UPSERT_WEB_CONTENTS 
{
  "id": 1,
  "type": "app",
  "history": "[REDACTED]"
}
[06/18/24, 18:55:15:445] info: Store: SET_WINDOW_FRAME 
{
  "id": 1,
  "frame": {
    "isVisible": true,
    "isFocused": true
  },
  "fromEvent": true
}
[06/18/24, 18:55:15:475] info: Store: persist/FLUSH 
[06/18/24, 18:55:15:732] info: Store: REDUX_UPDATE_FROM_WEBAPP (T076QBAJSMP) Changed keys [userId]
[06/18/24, 18:55:15:744] info: Store: REDUX_UPDATE_FROM_WEBAPP (T076QBAJSMP) Changed keys [notificationPrefs,unreads]
[06/18/24, 18:55:15:746] info: Store: REDUX_UPDATE_FROM_WEBAPP (T076QBAJSMP) Changed keys [connectivityPrefs]
[06/18/24, 18:55:15:893] info: Store: STORE_USER_WORKSPACES 
{
  "userTeamId": "T076QBAJSMP",
  "workspaceIds": [
    "T076QBAJSMP"
  ]
}
[06/18/24, 18:55:15:906] info: Store: SELECTION_CHANGED T076QBAJSMP
[06/18/24, 18:55:16:162] info: Store: EXTEND_MENU global: menucategory-file,menucategory-view,menucategory-jump-to
[06/18/24, 18:55:16:176] info: Store: EXTEND_MENU T076QBAJSMP: menucategory-file,menucategory-view,menucategory-edit,menucategory-help
[06/18/24, 18:55:16:270] info: Store: EXTEND_MENU global: menucategory-file,menucategory-view,menucategory-jump-to
[06/18/24, 18:55:16:605] info: Store: SYNC Synced 1 workspaces with IDs [T076QBAJSMP]
[06/18/24, 18:55:16:614] info: registerLifeCycleEvents: webContents:1 from 'loaded' to 'webapp-loaded' took 1170 ms 
[06/18/24, 18:55:16:614] info: Store: UPSERT_WEB_CONTENTS 
{
  "id": 1,
  "state": "webapp-loaded"
}
[06/18/24, 18:55:16:619] info: Store: RECORD_PERFORMANCE_TIMING 
{
  "phase": 3,
  "interval": 5099
}
[06/18/24, 18:55:16:816] info: Permission check granted: 
{
  "isMainFrame": false,
  "permission": "background-sync",
  "requestingOrigin": "https://app.slack.com/",
  "requestingUrl": null,
  "securityOrigin": null
}
[06/18/24, 18:55:21:159] info: Permission check granted: 
{
  "isMainFrame": true,
  "permission": "media",
  "requestingOrigin": "https://app.slack.com/client/T076QBAJSMP/C0770FQ62RW",
  "requestingUrl": "https://app.slack.com/client/T076QBAJSMP/C0770FQ62RW",
  "securityOrigin": "https://app.slack.com/",
  "mediaType": "audio"
}
[06/18/24, 18:55:21:160] info: Permission check granted: 
{
  "isMainFrame": true,
  "permission": "speaker-selection",
  "requestingOrigin": "https://app.slack.com/",
  "requestingUrl": "https://app.slack.com/client/T076QBAJSMP/C0770FQ62RW",
  "securityOrigin": null
}
[06/18/24, 18:55:21:160] info: Permission check granted: 
{
  "isMainFrame": true,
  "permission": "media",
  "requestingOrigin": "https://app.slack.com/client/T076QBAJSMP/C0770FQ62RW",
  "requestingUrl": "https://app.slack.com/client/T076QBAJSMP/C0770FQ62RW",
  "securityOrigin": "https://app.slack.com/",
  "mediaType": "audio"
}
[06/18/24, 18:55:21:280] info: Store: EXTEND_MENU T076QBAJSMP: menucategory-file,menucategory-view,menucategory-edit,menucategory-help
[06/18/24, 18:55:21:608] info: Store: persist/FLUSH 
[06/18/24, 18:55:37:874] info: Store: EXTEND_MENU global: menucategory-file,menucategory-view,menucategory-jump-to
[06/18/24, 18:55:45:517] info: Store: EXTEND_MENU global: menucategory-file,menucategory-view,menucategory-jump-to
[06/18/24, 18:56:00:270] info: Breadcrumb: electron: window.close 
{
  "id": 1,
  "url": "https://app.slack.com/client/T076QBAJSMP/C0770FQ62RW"
}
[06/18/24, 18:56:00:272] info: Attempted to close the window, hiding due to run from tray 
[06/18/24, 18:56:00:273] info: Breadcrumb: electron: window.hide 
{
  "id": 1,
  "url": "https://app.slack.com/client/T076QBAJSMP/C0770FQ62RW"
}
[06/18/24, 18:56:00:274] info: Store: SET_WINDOW_FRAME 
{
  "id": 1,
  "frame": {
    "isVisible": false
  },
  "fromEvent": true
}
[06/18/24, 18:56:00:282] info: Breadcrumb: electron: window.blur 
{
  "id": 1,
  "url": "https://app.slack.com/client/T076QBAJSMP/C0770FQ62RW"
}
[06/18/24, 18:56:00:282] info: Breadcrumb: electron: app.browser-window-blur 
[06/18/24, 18:56:00:283] info: Store: SET_WINDOW_FRAME 
{
  "id": 1,
  "frame": {
    "isFocused": false
  },
  "fromEvent": true
}
[06/18/24, 18:56:01:310] info: Store: SET_WINDOW_FRAME 
{
  "id": 1,
  "frame": {
    "bounds": {
      "x": 1920,
      "y": 0,
      "width": 1366,
      "height": 768
    },
    "isMaximized": false
  },
  "fromEvent": true
}
[06/18/24, 18:56:01:380] info: Store: UPDATE_SETTINGS 
{
  "mainWindowSettings": {
    "fullScreen": false,
    "maximized": false,
    "bounds": {
      "x": 1920,
      "y": 0,
      "width": 1366,
      "height": 768
    }
  }
}
[06/18/24, 18:56:10:603] info: Store: UPDATE_SETTINGS 
{
  "lastClogForProxyInfo": 1718717170602
}
[06/18/24, 18:56:16:817] info: Permission check granted: 
{
  "isMainFrame": false,
  "permission": "background-sync",
  "requestingOrigin": "https://app.slack.com/",
  "requestingUrl": null,
  "securityOrigin": null
}
[06/18/24, 18:56:20:884] info: Breadcrumb: electron.net: undefined 
{
  "url": "https://app.slack.com/clog/track/",
  "method": "POST",
  "status_code": 200
}
[06/18/24, 18:56:21:133] info: Breadcrumb: electron.net: undefined 
{
  "url": "https://app.slack.com/clog/track/",
  "method": "POST",
  "status_code": 200
}
[06/18/24, 18:56:21:514] info: Breadcrumb: electron.net: undefined 
{
  "url": "https://app.slack.com/clog/track/",
  "method": "POST",
  "status_code": 200
}
[06/18/24, 18:57:16:818] info: Permission check granted: 
{
  "isMainFrame": false,
  "permission": "background-sync",
  "requestingOrigin": "https://app.slack.com/",
  "requestingUrl": null,
  "securityOrigin": null
}
[06/18/24, 19:55:10:504] info: Feature Check: requesting features from https://app.slack.com/api/ 
[06/18/24, 19:55:11:048] info: Breadcrumb: electron.net: undefined 
{
  "url": "https://app.slack.com/api/desktop.features",
  "method": "GET",
  "status_code": 200
}
[06/18/24, 19:55:11:053] info: Feature Check: received experiments 
{
  "ok": true,
  "experiments": [
    {
      "experiment": "",
      "disable_chrome_features": [
        "PostQuantumKyber"
      ],
      "type": "normal"
    }
  ]
}
[06/18/24, 20:52:09:001] info: authCookieBreadcrumb: change to auth cookie 
{
  "sessionId": "PROD_DEFAULT_SESSION",
  "cause": "overwrite",
  "removed": true,
  "cookie_name": "d",
  "domain": ".slack.com",
  "expiration": 1753277114.112057
}
[06/18/24, 20:52:09:001] info: authCookieBreadcrumb: change to auth cookie 
{
  "sessionId": "PROD_DEFAULT_SESSION",
  "cause": "explicit",
  "removed": false,
  "cookie_name": "d",
  "domain": ".slack.com",
  "expiration": 1753284129.000092
}
[06/18/24, 20:55:10:514] info: Feature Check: requesting features from https://app.slack.com/api/ 
[06/18/24, 20:55:10:967] info: Breadcrumb: electron.net: undefined 
{
  "url": "https://app.slack.com/api/desktop.features",
  "method": "GET",
  "status_code": 200
}
[06/18/24, 20:55:10:973] info: Feature Check: received experiments 
{
  "ok": true,
  "experiments": [
    {
      "experiment": "",
      "disable_chrome_features": [
        "PostQuantumKyber"
      ],
      "type": "normal"
    }
  ]
}
