2024-06-20 19:30:26.727 [INFO]: No proxy settings found
2024-06-20 19:30:29.135 [INFO]: Creating manager directory: /tmp/651cb25b-f5cb-4659-821c-8a87f93829d7/codeium/manager
2024-06-20 19:30:29.585 [INFO]: Using cached LS with valid crc32: /home/shuvam/.vscode-oss/extensions/codeium.codeium-1.8.64-universal/dist/a449546e0384eb1c5a91cd222eebb296be9a0f91/language_server_linux_x64
2024-06-20 19:30:29.592 [INFO]: Language server started
2024-06-20 19:30:29.713 [INFO]: [Language Server (stderr)]:
I0620 19:30:29.712710  2694 main.go:558] Starting language server manager with pid 2694
I0620 19:30:29.712842  2694 main.go:110] Manager acquired its lock file /tmp/651cb25b-f5cb-4659-821c-8a87f93829d7/codeium/manager/locks/manager.lock
2024-06-20 19:30:29.714 [INFO]: [Language Server (stderr)]:
I0620 19:30:29.713454  2694 main.go:248] Waiting for random port file in /tmp/651cb25b-f5cb-4659-821c-8a87f93829d7/codeium/manager/child_random_port_1718892029713004890_4148209810733598311 to be created
2024-06-20 19:30:29.834 [INFO]: [Language Server (stderr)]:
I0620 19:30:29.833939  2707 main.go:552] Starting language server process with pid 2707
I0620 19:30:29.833985  2707 server.go:156] Language server will attempt to listen on host 127.0.0.1
2024-06-20 19:30:29.834 [INFO]: [Language Server (stderr)]:
I0620 19:30:29.834085  2707 server.go:163] Language server listening on random port at 39147
I0620 19:30:29.834131  2707 proxy.go:113] proxyplease.proxy> No proxy provided. Attempting to infer from system.
I0620 19:30:29.834144  2707 proxy.go:113] proxyplease.proxy> No proxy could be determined. Assuming a direct connection.
I0620 19:30:29.834158  2707 client.go:589] [DEBUG] GET https://server.codeium.com/exa.api_server_pb.ApiServerService/GetCompletions
2024-06-20 19:30:30.706 [INFO]: [Language Server (stderr)]:
I0620 19:30:30.705568  2707 unleash.go:90] Initializing Unleash
2024-06-20 19:30:31.524 [INFO]: [Language Server (stderr)]:
I0620 19:30:31.524037  2707 unleash.go:110] Successfully initialized Unleash
2024-06-20 19:30:31.533 [INFO]: [Language Server (stderr)]:
E0620 19:30:31.532647  2707 client_manager.go:270] Metadata is nil when trying to refresh user JWT
2024-06-20 19:30:32.320 [INFO]: [Language Server (stderr)]:
I0620 19:30:32.319355  2707 server.go:355] Successfully created API server client
2024-06-20 19:30:32.357 [INFO]: [Language Server (stderr)]:
I0620 19:30:32.356441  2707 server.go:364] Successfully initialized tokenizer
2024-06-20 19:30:32.455 [INFO]: [Language Server (stderr)]:
I0620 19:30:32.455212  2707 server.go:473] Local search is enabled, will index local files.
I0620 19:30:32.455242  2707 server.go:477] Using 3 indexer workers
I0620 19:30:32.455279  2707 search_provider.go:200] Using database at /home/shuvam/.codeium/database/9c0694567290725d9dcba14ade58e297/2/MODEL_EMBED_6591
2024-06-20 19:30:32.467 [INFO]: [Language Server (stderr)]:
I0620 19:30:32.466740  2707 database.go:123] Bad db state detected: false
2024-06-20 19:30:32.468 [INFO]: [Language Server (stderr)]:
I0620 19:30:32.467697  2707 search_provider.go:214] Successfully created embedding search database in 12ms
2024-06-20 19:30:32.468 [INFO]: [Language Server (stderr)]:
I0620 19:30:32.468151  2707 indexer.go:224] Using 12 embed workers
I0620 19:30:32.468192  2707 search_provider.go:239] Successfully created and started indexer
I0620 19:30:32.468228  2707 search_provider.go:265] Successfully created embedding search provider
I0620 19:30:32.468245  2707 server.go:515] Successfully created exact search provider
2024-06-20 19:30:32.501 [INFO]: [Language Server (stderr)]:
I0620 19:30:32.501013  2707 server.go:545] Successfully created completion provider
2024-06-20 19:30:32.502 [INFO]: [Language Server (stderr)]:
I0620 19:30:32.501522  2707 server.go:594] Child process attempting to acquire lock file /tmp/651cb25b-f5cb-4659-821c-8a87f93829d7/codeium/manager/locks/child_lock_1718892029713055337_7172304436118998776
I0620 19:30:32.501588  2707 server.go:602] Child process acquired lock file /tmp/651cb25b-f5cb-4659-821c-8a87f93829d7/codeium/manager/locks/child_lock_1718892029713055337_7172304436118998776
2024-06-20 19:30:32.507 [INFO]: [Language Server (stderr)]:
I0620 19:30:32.506445  2707 server.go:183] LSP listening on random port at 42657
2024-06-20 19:30:32.507 [INFO]: [Language Server (stderr)]:
I0620 19:30:32.506885  2707 web_server.go:239] Chat Web Server listening at ws://127.0.0.1:45795
2024-06-20 19:30:32.523 [INFO]: [Language Server (stdout)]:
42657
2024-06-20 19:30:32.524 [INFO]: [Language Server (stderr)]:
I0620 19:30:32.523279  2694 main.go:284] Language server manager found random server port 39147
I0620 19:30:32.523324  2694 main.go:285] Language server manager found random lsp port 42657
I0620 19:30:32.523351  2694 main.go:292] Language server manager attempting to connect to language server at 127.0.0.1:39147
2024-06-20 19:30:32.547 [INFO]: [Language Server (stderr)]:
I0620 19:30:32.546681  2694 main.go:163] Fixing language server port at 39147
I0620 19:30:32.546705  2694 main.go:343] Language server manager successfully connected to new language server at 127.0.0.1:39147
2024-06-20 19:30:32.611 [INFO]: Found language server running on port 39147
2024-06-20 19:30:32.615 [INFO]: Downloaded binary: /home/shuvam/.codeium/bin/af6b6c543b224d348a8876f0c06245d9ea7929c5/ripgrep_linux_x64
2024-06-20 19:30:32.622 [INFO]: [Language Server (stderr)]:
I0620 19:30:32.621966  2707 rpcs_miscellaneous.go:118] Ripgrep available at /home/shuvam/.codeium/bin/af6b6c543b224d348a8876f0c06245d9ea7929c5/ripgrep_linux_x64
2024-06-20 19:30:32.803 [INFO]: [Language Server (stderr)]:
I0620 19:30:32.802346  2707 rpcs_miscellaneous.go:312] University version is up to date.
2024-06-20 19:30:33.762 [INFO]: [Language Server (stderr)]:
I0620 19:30:33.762116  2707 utils.go:172] Analyzing workspace files for /home/shuvam/Information_Retrieval/
2024-06-20 19:30:34.377 [INFO]: [Language Server (stderr)]:
I0620 19:30:34.376657  2707 utils.go:232] Done analyzing workspace files for /home/shuvam/Information_Retrieval/
I0620 19:30:34.376679  2707 lsp.go:208] Found 31038 files in workspace /home/shuvam/Information_Retrieval/
2024-06-20 19:30:35.269 [INFO]: [Language Server (stderr)]:
I0620 19:30:35.268419  2707 lsp.go:232] Adding workspace listener for [0xc000296c40]
2024-06-20 19:30:35.272 [INFO]: [Language Server (stderr)]:
I0620 19:30:35.271932  2707 indexing_listener.go:177] Exceeded limit, will only index 5000 files in workspace /home/shuvam/Information_Retrieval/
I0620 19:30:35.271954  2707 indexing_listener.go:198] Add workspace event with uid 1 for workspace /home/shuvam/Information_Retrieval/
2024-06-20 19:30:35.284 [INFO]: [Language Server (stderr)]:
I0620 19:30:35.284263  2707 lazy_model.go:29] Successfully created faiss index
2024-06-20 19:30:48.059 [INFO]: [Language Server (stderr)]:
I0620 19:30:47.937531  2707 indexing_listener.go:238] Done enqueue workspace with uid 1
2024-06-20 19:36:31.642 [INFO]: [Language Server (stderr)]:
I0620 19:36:31.533277  2707 client_manager.go:248] Pruning inactive client for {954de0ea-e4a4-4ec8-a9d5-03484e212251 9fcaa6c8-de1b-437c-a6f5-c0d74d941b60}
