2024-06-20 19:37:56.275 [INFO]: No proxy settings found
2024-06-20 19:37:58.519 [INFO]: Creating manager directory: /tmp/77ed57a5-a085-4813-bdc1-cb9608644331/codeium/manager
2024-06-20 19:37:58.873 [INFO]: Using cached LS with valid crc32: /home/shuvam/.vscode-oss/extensions/codeium.codeium-1.8.64-universal/dist/a449546e0384eb1c5a91cd222eebb296be9a0f91/language_server_linux_x64
2024-06-20 19:37:58.879 [INFO]: Language server started
2024-06-20 19:37:58.997 [INFO]: [Language Server (stderr)]:
I0620 19:37:58.996886 11398 main.go:558] Starting language server manager with pid 11398
I0620 19:37:58.997005 11398 main.go:110] Manager acquired its lock file /tmp/77ed57a5-a085-4813-bdc1-cb9608644331/codeium/manager/locks/manager.lock
2024-06-20 19:37:58.998 [INFO]: [Language Server (stderr)]:
I0620 19:37:58.997614 11398 main.go:248] Waiting for random port file in /tmp/77ed57a5-a085-4813-bdc1-cb9608644331/codeium/manager/child_random_port_1718892478997154085_621206484207424403 to be created
2024-06-20 19:37:59.117 [INFO]: [Language Server (stderr)]:
I0620 19:37:59.116656 11412 main.go:552] Starting language server process with pid 11412
I0620 19:37:59.116715 11412 server.go:156] Language server will attempt to listen on host 127.0.0.1
I0620 19:37:59.116823 11412 server.go:163] Language server listening on random port at 34459
I0620 19:37:59.116877 11412 proxy.go:113] proxyplease.proxy> No proxy provided. Attempting to infer from system.
I0620 19:37:59.116889 11412 proxy.go:113] proxyplease.proxy> No proxy could be determined. Assuming a direct connection.
I0620 19:37:59.116907 11412 client.go:589] [DEBUG] GET https://server.codeium.com/exa.api_server_pb.ApiServerService/GetCompletions
2024-06-20 19:37:59.985 [INFO]: [Language Server (stderr)]:
I0620 19:37:59.985201 11412 unleash.go:90] Initializing Unleash
2024-06-20 19:38:00.798 [INFO]: [Language Server (stderr)]:
I0620 19:38:00.797740 11412 unleash.go:110] Successfully initialized Unleash
2024-06-20 19:38:00.808 [INFO]: [Language Server (stderr)]:
E0620 19:38:00.807427 11412 client_manager.go:270] Metadata is nil when trying to refresh user JWT
2024-06-20 19:38:01.641 [INFO]: [Language Server (stderr)]:
I0620 19:38:01.641089 11412 server.go:355] Successfully created API server client
2024-06-20 19:38:01.693 [INFO]: [Language Server (stderr)]:
I0620 19:38:01.692987 11412 server.go:364] Successfully initialized tokenizer
2024-06-20 19:38:01.789 [INFO]: [Language Server (stderr)]:
I0620 19:38:01.788621 11412 server.go:473] Local search is enabled, will index local files.
I0620 19:38:01.788665 11412 server.go:477] Using 3 indexer workers
I0620 19:38:01.788732 11412 search_provider.go:200] Using database at /home/shuvam/.codeium/database/9c0694567290725d9dcba14ade58e297/2/MODEL_EMBED_6591
2024-06-20 19:38:01.791 [INFO]: [Language Server (stderr)]:
I0620 19:38:01.790619 11412 database.go:123] Bad db state detected: false
2024-06-20 19:38:01.791 [INFO]: [Language Server (stderr)]:
I0620 19:38:01.791456 11412 search_provider.go:214] Successfully created embedding search database in 2ms
2024-06-20 19:38:01.792 [INFO]: [Language Server (stderr)]:
I0620 19:38:01.791975 11412 indexer.go:224] Using 12 embed workers
I0620 19:38:01.792029 11412 search_provider.go:239] Successfully created and started indexer
I0620 19:38:01.792055 11412 search_provider.go:265] Successfully created embedding search provider
I0620 19:38:01.792062 11412 server.go:515] Successfully created exact search provider
2024-06-20 19:38:01.831 [INFO]: [Language Server (stderr)]:
I0620 19:38:01.830326 11412 server.go:545] Successfully created completion provider
2024-06-20 19:38:01.831 [INFO]: [Language Server (stderr)]:
I0620 19:38:01.831033 11412 server.go:594] Child process attempting to acquire lock file /tmp/77ed57a5-a085-4813-bdc1-cb9608644331/codeium/manager/locks/child_lock_1718892478997210887_5878799385803416699
I0620 19:38:01.831074 11412 server.go:602] Child process acquired lock file /tmp/77ed57a5-a085-4813-bdc1-cb9608644331/codeium/manager/locks/child_lock_1718892478997210887_5878799385803416699
2024-06-20 19:38:01.835 [INFO]: [Language Server (stderr)]:
I0620 19:38:01.835209 11412 server.go:183] LSP listening on random port at 34519
2024-06-20 19:38:01.836 [INFO]: [Language Server (stderr)]:
I0620 19:38:01.835740 11412 web_server.go:239] Chat Web Server listening at ws://127.0.0.1:46349
2024-06-20 19:38:01.910 [INFO]: [Language Server (stdout)]:
34519
2024-06-20 19:38:01.911 [INFO]: [Language Server (stderr)]:
I0620 19:38:01.910148 11398 main.go:284] Language server manager found random server port 34459
I0620 19:38:01.910194 11398 main.go:285] Language server manager found random lsp port 34519
I0620 19:38:01.910213 11398 main.go:292] Language server manager attempting to connect to language server at 127.0.0.1:34459
2024-06-20 19:38:01.935 [INFO]: [Language Server (stderr)]:
I0620 19:38:01.934424 11398 main.go:163] Fixing language server port at 34459
I0620 19:38:01.934459 11398 main.go:343] Language server manager successfully connected to new language server at 127.0.0.1:34459
2024-06-20 19:38:01.993 [INFO]: Found language server running on port 34459
2024-06-20 19:38:01.997 [INFO]: Downloaded binary: /home/shuvam/.codeium/bin/af6b6c543b224d348a8876f0c06245d9ea7929c5/ripgrep_linux_x64
2024-06-20 19:38:02.006 [INFO]: [Language Server (stderr)]:
I0620 19:38:02.005777 11412 rpcs_miscellaneous.go:118] Ripgrep available at /home/shuvam/.codeium/bin/af6b6c543b224d348a8876f0c06245d9ea7929c5/ripgrep_linux_x64
2024-06-20 19:38:02.256 [INFO]: [Language Server (stderr)]:
I0620 19:38:02.255654 11412 rpcs_miscellaneous.go:312] University version is up to date.
2024-06-20 19:38:03.096 [INFO]: [Language Server (stderr)]:
I0620 19:38:03.095877 11412 utils.go:172] Analyzing workspace files for /home/shuvam/Information_Retrieval/
2024-06-20 19:38:03.836 [INFO]: [Language Server (stderr)]:
I0620 19:38:03.836529 11412 utils.go:232] Done analyzing workspace files for /home/shuvam/Information_Retrieval/
I0620 19:38:03.836555 11412 lsp.go:208] Found 31038 files in workspace /home/shuvam/Information_Retrieval/
2024-06-20 19:38:04.778 [INFO]: [Language Server (stderr)]:
I0620 19:38:04.778353 11412 lsp.go:232] Adding workspace listener for [0xc000120c40]
2024-06-20 19:38:04.782 [INFO]: [Language Server (stderr)]:
I0620 19:38:04.782148 11412 indexing_listener.go:177] Exceeded limit, will only index 5000 files in workspace /home/shuvam/Information_Retrieval/
I0620 19:38:04.782177 11412 indexing_listener.go:198] Add workspace event with uid 1 for workspace /home/shuvam/Information_Retrieval/
2024-06-20 19:38:04.791 [INFO]: [Language Server (stderr)]:
I0620 19:38:04.790908 11412 lazy_model.go:29] Successfully created faiss index
2024-06-20 19:38:18.202 [INFO]: [Language Server (stderr)]:
I0620 19:38:18.200177 11412 indexing_listener.go:238] Done enqueue workspace with uid 1
2024-06-20 19:40:53.684 [INFO]: Completion request succeeded (1279.52ms)
2024-06-20 19:40:53.690 [INFO]: Generated 2 completions
2024-06-20 19:40:53.693 [INFO]: provideInlineCompletionItems request succeeded (1292.07ms)
2024-06-20 19:47:00.809 [INFO]: [Language Server (stderr)]:
I0620 19:47:00.807991 11412 client_manager.go:248] Pruning inactive client for {954de0ea-e4a4-4ec8-a9d5-03484e212251 eed0a1e7-d584-4706-b760-c0c313314f9f}
2024-06-21 16:06:55.612 [INFO]: [Language Server (stderr)]:
E0621 16:06:55.608390 11412 unleash.go:60] Unleash error: Get "https://unleash.codeium.com/api/client/features": context deadline exceeded (Client.Timeout exceeded while awaiting headers)
2024-06-21 16:07:33.937 [INFO]: [Language Server (stderr)]:
E0621 16:07:33.936499 11412 unleash.go:60] Unleash error: Get "https://unleash.codeium.com/api/client/features": context deadline exceeded (Client.Timeout exceeded while awaiting headers)
2024-06-21 16:08:24.893 [INFO]: [Language Server (stderr)]:
E0621 16:08:24.888505 11412 interceptor.go:40] /exa.language_server_pb.LanguageServerService/RefreshContextForIdeAction: file %!s(MISSING) is too large to parse
2024-06-21 16:08:24.896 [ERROR]: [unknown] file %!s(MISSING) is too large to parse
2024-06-21 16:08:31.505 [INFO]: [Language Server (stderr)]:
E0621 16:08:31.503788 11412 embedding.go:34] GetEmbeddings error: unavailable: dial tcp: lookup inference.codeium.com: Temporary failure in name resolution
E0621 16:08:31.503838 11412 embedding.go:34] GetEmbeddings error: unavailable: dial tcp: lookup inference.codeium.com: Temporary failure in name resolution
E0621 16:08:31.503897 11412 embedding.go:34] GetEmbeddings error: unavailable: dial tcp: lookup inference.codeium.com: Temporary failure in name resolution
E0621 16:08:31.503897 11412 embedding.go:34] GetEmbeddings error: unavailable: dial tcp: lookup inference.codeium.com: Temporary failure in name resolution
2024-06-21 16:08:33.938 [INFO]: [Language Server (stderr)]:
E0621 16:08:33.937394 11412 unleash.go:60] Unleash error: Post "https://unleash.codeium.com/api/client/metrics": context deadline exceeded (Client.Timeout exceeded while awaiting headers)
E0621 16:08:33.937528 11412 unleash.go:60] Unleash error: Get "https://unleash.codeium.com/api/client/features": context deadline exceeded (Client.Timeout exceeded while awaiting headers)
2024-06-21 16:08:46.865 [INFO]: [Language Server (stderr)]:
E0621 16:08:46.863973 11412 embedding.go:34] GetEmbeddings error: unavailable: dial tcp: lookup inference.codeium.com: Temporary failure in name resolution
E0621 16:08:46.864041 11412 embedding.go:34] GetEmbeddings error: unavailable: dial tcp: lookup inference.codeium.com: Temporary failure in name resolution
E0621 16:08:46.863999 11412 embedding.go:34] GetEmbeddings error: unavailable: dial tcp: lookup inference.codeium.com: Temporary failure in name resolution
2024-06-21 16:16:08.939 [INFO]: Disposing language server process
2024-06-21 16:16:08.939 [INFO]: Deleting manager directory: /tmp/77ed57a5-a085-4813-bdc1-cb9608644331/codeium/manager
2024-06-21 16:16:08.942 [INFO]: Successfully disposed language server
2024-06-21 16:16:08.978 [INFO]: [Language Server (stderr)]:
W0621 16:16:08.939630 11398 main.go:114] Language server manager got signal terminated, shutting down
E0621 16:16:08.953026 11398 main.go:357] Failed to acquire lock on /tmp/77ed57a5-a085-4813-bdc1-cb9608644331/codeium/manager/locks/child_lock_1718892478997210887_5878799385803416699: open /tmp/77ed57a5-a085-4813-bdc1-cb9608644331/codeium/manager/locks/child_lock_1718892478997210887_5878799385803416699: no such file or directory
I0621 16:16:08.954760 11412 server.go:703] Exit requested on language server process 11412
I0621 16:16:08.954953 11412 server.go:680] Language server shutting down
E0621 16:16:08.976813 11412 server.go:280] Error while locking manager lock file - open /tmp/77ed57a5-a085-4813-bdc1-cb9608644331/codeium/manager/locks/manager.lock: no such file or directory
2024-06-21 16:16:08.985 [INFO]: [Language Server (stderr)]:
I0621 16:16:08.984730 11412 server.go:703] Exit requested on language server process 11412
