2024-06-20 18:57:23.159 [INFO]: No proxy settings found
2024-06-20 18:57:25.562 [INFO]: Creating manager directory: /tmp/0f1a500f-d030-42a0-9045-e60e79c7a647/codeium/manager
2024-06-20 18:57:26.117 [INFO]: Using cached LS with valid crc32: /home/shuvam/.vscode-oss/extensions/codeium.codeium-1.8.64-universal/dist/a449546e0384eb1c5a91cd222eebb296be9a0f91/language_server_linux_x64
2024-06-20 18:57:26.126 [INFO]: Language server started
2024-06-20 18:57:26.347 [INFO]: [Language Server (stderr)]:
I0620 18:57:26.346441 24161 main.go:558] Starting language server manager with pid 24161
I0620 18:57:26.346579 24161 main.go:110] Manager acquired its lock file /tmp/0f1a500f-d030-42a0-9045-e60e79c7a647/codeium/manager/locks/manager.lock
2024-06-20 18:57:26.348 [INFO]: [Language Server (stderr)]:
I0620 18:57:26.347697 24161 main.go:248] Waiting for random port file in /tmp/0f1a500f-d030-42a0-9045-e60e79c7a647/codeium/manager/child_random_port_1718890046347169903_8483566191969627250 to be created
2024-06-20 18:57:26.564 [INFO]: [Language Server (stderr)]:
I0620 18:57:26.563615 24175 main.go:552] Starting language server process with pid 24175
2024-06-20 18:57:26.568 [INFO]: [Language Server (stderr)]:
I0620 18:57:26.565947 24175 server.go:156] Language server will attempt to listen on host 127.0.0.1
2024-06-20 18:57:26.568 [INFO]: [Language Server (stderr)]:
I0620 18:57:26.567795 24175 server.go:163] Language server listening on random port at 41397
I0620 18:57:26.567927 24175 proxy.go:113] proxyplease.proxy> No proxy provided. Attempting to infer from system.
I0620 18:57:26.567956 24175 proxy.go:113] proxyplease.proxy> No proxy could be determined. Assuming a direct connection.
I0620 18:57:26.568002 24175 client.go:589] [DEBUG] GET https://server.codeium.com/exa.api_server_pb.ApiServerService/GetCompletions
2024-06-20 18:57:27.595 [INFO]: [Language Server (stderr)]:
I0620 18:57:27.594140 24175 unleash.go:90] Initializing Unleash
2024-06-20 18:57:28.523 [INFO]: [Language Server (stderr)]:
I0620 18:57:28.522321 24175 unleash.go:110] Successfully initialized Unleash
2024-06-20 18:57:28.548 [INFO]: [Language Server (stderr)]:
E0620 18:57:28.547214 24175 client_manager.go:270] Metadata is nil when trying to refresh user JWT
2024-06-20 18:57:29.441 [INFO]: [Language Server (stderr)]:
I0620 18:57:29.440423 24175 server.go:355] Successfully created API server client
2024-06-20 18:57:29.508 [INFO]: [Language Server (stderr)]:
I0620 18:57:29.507250 24175 server.go:364] Successfully initialized tokenizer
2024-06-20 18:57:29.618 [INFO]: [Language Server (stderr)]:
I0620 18:57:29.618085 24175 server.go:473] Local search is enabled, will index local files.
I0620 18:57:29.618124 24175 server.go:477] Using 3 indexer workers
I0620 18:57:29.618169 24175 search_provider.go:200] Using database at /home/shuvam/.codeium/database/9c0694567290725d9dcba14ade58e297/2/MODEL_EMBED_6591
2024-06-20 18:57:29.649 [INFO]: [Language Server (stderr)]:
I0620 18:57:29.648697 24175 database.go:123] Bad db state detected: false
2024-06-20 18:57:29.650 [INFO]: [Language Server (stderr)]:
I0620 18:57:29.649930 24175 search_provider.go:214] Successfully created embedding search database in 31ms
2024-06-20 18:57:29.650 [INFO]: [Language Server (stderr)]:
I0620 18:57:29.650252 24175 indexer.go:224] Using 12 embed workers
I0620 18:57:29.650295 24175 search_provider.go:239] Successfully created and started indexer
I0620 18:57:29.650330 24175 search_provider.go:265] Successfully created embedding search provider
I0620 18:57:29.650348 24175 server.go:515] Successfully created exact search provider
2024-06-20 18:57:29.695 [INFO]: [Language Server (stderr)]:
I0620 18:57:29.694568 24175 server.go:545] Successfully created completion provider
2024-06-20 18:57:29.696 [INFO]: [Language Server (stderr)]:
I0620 18:57:29.695010 24175 server.go:594] Child process attempting to acquire lock file /tmp/0f1a500f-d030-42a0-9045-e60e79c7a647/codeium/manager/locks/child_lock_1718890046347246992_2774628320374708869
I0620 18:57:29.695063 24175 server.go:602] Child process acquired lock file /tmp/0f1a500f-d030-42a0-9045-e60e79c7a647/codeium/manager/locks/child_lock_1718890046347246992_2774628320374708869
2024-06-20 18:57:29.701 [INFO]: [Language Server (stderr)]:
I0620 18:57:29.700555 24175 server.go:183] LSP listening on random port at 37349
2024-06-20 18:57:29.701 [INFO]: [Language Server (stderr)]:
I0620 18:57:29.701161 24175 web_server.go:239] Chat Web Server listening at ws://127.0.0.1:35883
2024-06-20 18:57:29.768 [INFO]: [Language Server (stdout)]:
37349
2024-06-20 18:57:29.769 [INFO]: [Language Server (stderr)]:
I0620 18:57:29.767578 24161 main.go:284] Language server manager found random server port 41397
I0620 18:57:29.767645 24161 main.go:285] Language server manager found random lsp port 37349
I0620 18:57:29.767676 24161 main.go:292] Language server manager attempting to connect to language server at 127.0.0.1:41397
2024-06-20 18:57:29.820 [INFO]: [Language Server (stderr)]:
I0620 18:57:29.818596 24161 main.go:163] Fixing language server port at 41397
I0620 18:57:29.818661 24161 main.go:343] Language server manager successfully connected to new language server at 127.0.0.1:41397
2024-06-20 18:57:29.859 [INFO]: Found language server running on port 41397
2024-06-20 18:57:29.871 [INFO]: Downloaded binary: /home/shuvam/.codeium/bin/af6b6c543b224d348a8876f0c06245d9ea7929c5/ripgrep_linux_x64
2024-06-20 18:57:29.899 [INFO]: [Language Server (stderr)]:
I0620 18:57:29.891950 24175 rpcs_miscellaneous.go:118] Ripgrep available at /home/shuvam/.codeium/bin/af6b6c543b224d348a8876f0c06245d9ea7929c5/ripgrep_linux_x64
2024-06-20 18:57:30.014 [INFO]: [Language Server (stderr)]:
I0620 18:57:30.012999 24175 rpcs_miscellaneous.go:312] University version is up to date.
2024-06-20 18:57:36.293 [INFO]: Disposing language server process
2024-06-20 18:57:36.293 [INFO]: Deleting manager directory: /tmp/0f1a500f-d030-42a0-9045-e60e79c7a647/codeium/manager
2024-06-20 18:57:36.296 [INFO]: Successfully disposed language server
