2024-06-20 16:29:47.858 [info] Log level: Info
2024-06-20 16:29:47.858 [info] Validating found git in: "git"
2024-06-20 16:29:47.858 [info] Using git "2.45.2" from "git"
2024-06-20 16:29:47.858 [info] > git rev-parse --show-toplevel [3ms]
2024-06-20 16:29:47.858 [info] fatal: not a git repository (or any parent up to mount point /)
Stopping at filesystem boundary (GIT_DISCOVERY_ACROSS_FILESYSTEM not set).
2024-06-20 16:29:47.858 [info] > git rev-parse --show-toplevel [2ms]
2024-06-20 16:29:47.858 [info] fatal: not a git repository (or any parent up to mount point /)
Stopping at filesystem boundary (GIT_DISCOVERY_ACROSS_FILESYSTEM not set).
2024-06-20 16:29:47.858 [info] > git rev-parse --show-toplevel [35ms]
2024-06-20 16:29:47.858 [info] fatal: not a git repository (or any parent up to mount point /)
Stopping at filesystem boundary (GIT_DISCOVERY_ACROSS_FILESYSTEM not set).
2024-06-20 16:29:47.859 [info] > git rev-parse --show-toplevel [2ms]
2024-06-20 16:29:47.859 [info] fatal: not a git repository (or any parent up to mount point /)
Stopping at filesystem boundary (GIT_DISCOVERY_ACROSS_FILESYSTEM not set).
2024-06-20 16:29:47.865 [info] > git rev-parse --show-toplevel [1ms]
2024-06-20 16:29:47.865 [info] fatal: not a git repository (or any parent up to mount point /)
Stopping at filesystem boundary (GIT_DISCOVERY_ACROSS_FILESYSTEM not set).
2024-06-20 16:29:47.872 [info] > git rev-parse --show-toplevel [2ms]
2024-06-20 16:29:47.872 [info] fatal: not a git repository (or any parent up to mount point /)
Stopping at filesystem boundary (GIT_DISCOVERY_ACROSS_FILESYSTEM not set).
2024-06-20 16:29:47.878 [info] > git rev-parse --show-toplevel [2ms]
2024-06-20 16:29:47.878 [info] fatal: not a git repository (or any parent up to mount point /)
Stopping at filesystem boundary (GIT_DISCOVERY_ACROSS_FILESYSTEM not set).
2024-06-20 16:29:47.884 [info] > git rev-parse --show-toplevel [1ms]
2024-06-20 16:29:47.884 [info] fatal: not a git repository (or any parent up to mount point /)
Stopping at filesystem boundary (GIT_DISCOVERY_ACROSS_FILESYSTEM not set).
2024-06-20 16:29:47.919 [info] > git rev-parse --show-toplevel [28ms]
2024-06-20 16:29:47.926 [info] > git rev-parse --git-dir --git-common-dir [1ms]
2024-06-20 16:29:47.931 [info] Open repository: /home/shuvam/Information_Retrieval/TREC_ToT_NEO
2024-06-20 16:29:47.943 [info] > git config --get commit.template [7ms]
2024-06-20 16:29:47.944 [info] > git rev-parse --show-toplevel [3ms]
2024-06-20 16:29:47.944 [info] fatal: not a git repository (or any parent up to mount point /)
Stopping at filesystem boundary (GIT_DISCOVERY_ACROSS_FILESYSTEM not set).
2024-06-20 16:29:47.950 [info] No remotes found in the git config file.
2024-06-20 16:29:47.960 [info] > git rev-parse --show-toplevel [4ms]
2024-06-20 16:29:47.960 [info] fatal: not a git repository (or any parent up to mount point /)
Stopping at filesystem boundary (GIT_DISCOVERY_ACROSS_FILESYSTEM not set).
2024-06-20 16:29:47.961 [info] > git for-each-ref --format=%(refname)%00%(upstream:short)%00%(objectname)%00%(upstream:track)%00%(upstream:remotename)%00%(upstream:remoteref) refs/heads/master refs/remotes/master [11ms]
2024-06-20 16:29:47.961 [warning] No such branch: master.
2024-06-20 16:29:47.970 [info] > git rev-parse --show-toplevel [1ms]
2024-06-20 16:29:47.970 [info] fatal: not a git repository (or any parent up to mount point /)
Stopping at filesystem boundary (GIT_DISCOVERY_ACROSS_FILESYSTEM not set).
2024-06-20 16:29:47.977 [info] > git status -z -uall [12ms]
2024-06-20 16:29:48.027 [info] > git rev-parse --show-toplevel [52ms]
2024-06-20 16:29:48.027 [info] fatal: not a git repository (or any parent up to mount point /)
Stopping at filesystem boundary (GIT_DISCOVERY_ACROSS_FILESYSTEM not set).
2024-06-20 16:29:48.201 [info] > git config --get commit.template [174ms]
2024-06-20 16:29:48.204 [info] > git rev-parse --show-toplevel [4ms]
2024-06-20 16:29:48.204 [info] fatal: not a git repository (or any parent up to mount point /)
Stopping at filesystem boundary (GIT_DISCOVERY_ACROSS_FILESYSTEM not set).
2024-06-20 16:29:48.208 [info] No remotes found in the git config file.
2024-06-20 16:29:48.213 [info] > git for-each-ref --format=%(refname)%00%(upstream:short)%00%(objectname)%00%(upstream:track)%00%(upstream:remotename)%00%(upstream:remoteref) refs/heads/master refs/remotes/master [5ms]
2024-06-20 16:29:48.213 [warning] No such branch: master.
2024-06-20 16:29:48.219 [info] > git rev-parse --show-toplevel [5ms]
2024-06-20 16:29:48.219 [info] fatal: not a git repository (or any parent up to mount point /)
Stopping at filesystem boundary (GIT_DISCOVERY_ACROSS_FILESYSTEM not set).
2024-06-20 16:29:48.225 [info] > git rev-parse --show-toplevel [1ms]
2024-06-20 16:29:48.225 [info] fatal: not a git repository (or any parent up to mount point /)
Stopping at filesystem boundary (GIT_DISCOVERY_ACROSS_FILESYSTEM not set).
2024-06-20 16:29:48.231 [info] > git status -z -uall [13ms]
2024-06-20 16:29:48.260 [info] > git rev-parse --show-toplevel [30ms]
2024-06-20 16:29:48.260 [info] fatal: not a git repository (or any parent up to mount point /)
Stopping at filesystem boundary (GIT_DISCOVERY_ACROSS_FILESYSTEM not set).
2024-06-20 16:29:48.983 [info] > git rev-parse --show-toplevel [1ms]
2024-06-20 16:29:48.983 [info] fatal: not a git repository (or any parent up to mount point /)
Stopping at filesystem boundary (GIT_DISCOVERY_ACROSS_FILESYSTEM not set).
2024-06-20 16:40:29.786 [info] > git rev-parse --show-toplevel [7ms]
2024-06-20 16:40:29.786 [info] fatal: not a git repository (or any parent up to mount point /)
Stopping at filesystem boundary (GIT_DISCOVERY_ACROSS_FILESYSTEM not set).
2024-06-20 16:40:31.090 [info] > git rev-parse --show-toplevel [9ms]
2024-06-20 16:40:31.090 [info] fatal: not a git repository (or any parent up to mount point /)
Stopping at filesystem boundary (GIT_DISCOVERY_ACROSS_FILESYSTEM not set).
2024-06-20 16:50:31.953 [info] > git rev-parse --show-toplevel [3ms]
2024-06-20 16:50:31.953 [info] fatal: not a git repository (or any parent up to mount point /)
Stopping at filesystem boundary (GIT_DISCOVERY_ACROSS_FILESYSTEM not set).
2024-06-20 16:50:35.564 [info] > git rev-parse --show-toplevel [2ms]
2024-06-20 16:50:35.564 [info] fatal: not a git repository (or any parent up to mount point /)
Stopping at filesystem boundary (GIT_DISCOVERY_ACROSS_FILESYSTEM not set).
2024-06-20 17:01:01.492 [info] > git check-ignore -v -z --stdin [3ms]
2024-06-20 17:01:03.828 [info] > git check-ignore -v -z --stdin [2ms]
2024-06-20 17:02:18.529 [info] > git rev-parse --show-toplevel [3ms]
2024-06-20 17:02:18.529 [info] fatal: not a git repository (or any parent up to mount point /)
Stopping at filesystem boundary (GIT_DISCOVERY_ACROSS_FILESYSTEM not set).
2024-06-20 17:07:39.967 [info] > git rev-parse --show-toplevel [8ms]
2024-06-20 17:07:39.968 [info] fatal: not a git repository (or any parent up to mount point /)
Stopping at filesystem boundary (GIT_DISCOVERY_ACROSS_FILESYSTEM not set).
