2024-06-20 19:09:49.152 [INFO]: No proxy settings found
2024-06-20 19:09:51.554 [INFO]: Creating manager directory: /tmp/54f4f0a7-15cb-4dcb-a115-ae184a3902a7/codeium/manager
2024-06-20 19:09:51.940 [INFO]: Using cached LS with valid crc32: /home/shuvam/.vscode-oss/extensions/codeium.codeium-1.8.64-universal/dist/a449546e0384eb1c5a91cd222eebb296be9a0f91/language_server_linux_x64
2024-06-20 19:09:51.947 [INFO]: Language server started
2024-06-20 19:09:52.062 [INFO]: [Language Server (stderr)]:
I0620 19:09:52.061550 29178 main.go:558] Starting language server manager with pid 29178
I0620 19:09:52.061649 29178 main.go:110] Manager acquired its lock file /tmp/54f4f0a7-15cb-4dcb-a115-ae184a3902a7/codeium/manager/locks/manager.lock
2024-06-20 19:09:52.063 [INFO]: [Language Server (stderr)]:
I0620 19:09:52.062383 29178 main.go:248] Waiting for random port file in /tmp/54f4f0a7-15cb-4dcb-a115-ae184a3902a7/codeium/manager/child_random_port_1718890792061771900_6316415594512763452 to be created
2024-06-20 19:09:52.179 [INFO]: [Language Server (stderr)]:
I0620 19:09:52.178438 29192 main.go:552] Starting language server process with pid 29192
I0620 19:09:52.178497 29192 server.go:156] Language server will attempt to listen on host 127.0.0.1
I0620 19:09:52.178647 29192 server.go:163] Language server listening on random port at 38095
2024-06-20 19:09:52.179 [INFO]: [Language Server (stderr)]:
I0620 19:09:52.178706 29192 proxy.go:113] proxyplease.proxy> No proxy provided. Attempting to infer from system.
I0620 19:09:52.178725 29192 proxy.go:113] proxyplease.proxy> No proxy could be determined. Assuming a direct connection.
I0620 19:09:52.178742 29192 client.go:589] [DEBUG] GET https://server.codeium.com/exa.api_server_pb.ApiServerService/GetCompletions
2024-06-20 19:09:53.100 [INFO]: [Language Server (stderr)]:
I0620 19:09:53.099592 29192 unleash.go:90] Initializing Unleash
2024-06-20 19:09:54.260 [INFO]: [Language Server (stderr)]:
I0620 19:09:54.119563 29192 unleash.go:110] Successfully initialized Unleash
E0620 19:09:54.136452 29192 client_manager.go:270] Metadata is nil when trying to refresh user JWT
2024-06-20 19:09:55.026 [INFO]: [Language Server (stderr)]:
I0620 19:09:55.025425 29192 server.go:355] Successfully created API server client
2024-06-20 19:09:55.067 [INFO]: [Language Server (stderr)]:
I0620 19:09:55.066502 29192 server.go:364] Successfully initialized tokenizer
2024-06-20 19:09:55.163 [INFO]: [Language Server (stderr)]:
I0620 19:09:55.163221 29192 server.go:473] Local search is enabled, will index local files.
I0620 19:09:55.163253 29192 server.go:477] Using 3 indexer workers
I0620 19:09:55.163282 29192 search_provider.go:200] Using database at /home/shuvam/.codeium/database/9c0694567290725d9dcba14ade58e297/2/MODEL_EMBED_6591
2024-06-20 19:09:55.165 [INFO]: [Language Server (stderr)]:
I0620 19:09:55.164763 29192 database.go:123] Bad db state detected: false
2024-06-20 19:09:55.166 [INFO]: [Language Server (stderr)]:
I0620 19:09:55.165616 29192 search_provider.go:214] Successfully created embedding search database in 2ms
2024-06-20 19:09:55.166 [INFO]: [Language Server (stderr)]:
I0620 19:09:55.165996 29192 indexer.go:224] Using 12 embed workers
I0620 19:09:55.166027 29192 search_provider.go:239] Successfully created and started indexer
I0620 19:09:55.166053 29192 search_provider.go:265] Successfully created embedding search provider
I0620 19:09:55.166066 29192 server.go:515] Successfully created exact search provider
2024-06-20 19:09:55.212 [INFO]: [Language Server (stderr)]:
I0620 19:09:55.211496 29192 server.go:545] Successfully created completion provider
2024-06-20 19:09:55.212 [INFO]: [Language Server (stderr)]:
I0620 19:09:55.212076 29192 server.go:594] Child process attempting to acquire lock file /tmp/54f4f0a7-15cb-4dcb-a115-ae184a3902a7/codeium/manager/locks/child_lock_1718890792061830103_3228068518958588115
I0620 19:09:55.212159 29192 server.go:602] Child process acquired lock file /tmp/54f4f0a7-15cb-4dcb-a115-ae184a3902a7/codeium/manager/locks/child_lock_1718890792061830103_3228068518958588115
2024-06-20 19:09:55.217 [INFO]: [Language Server (stderr)]:
I0620 19:09:55.216443 29192 server.go:183] LSP listening on random port at 41565
2024-06-20 19:09:55.217 [INFO]: [Language Server (stderr)]:
I0620 19:09:55.216922 29192 web_server.go:239] Chat Web Server listening at ws://127.0.0.1:39705
2024-06-20 19:09:55.276 [INFO]: [Language Server (stdout)]:
41565
2024-06-20 19:09:55.277 [INFO]: [Language Server (stderr)]:
I0620 19:09:55.276272 29178 main.go:284] Language server manager found random server port 38095
I0620 19:09:55.276311 29178 main.go:285] Language server manager found random lsp port 41565
I0620 19:09:55.276333 29178 main.go:292] Language server manager attempting to connect to language server at 127.0.0.1:38095
2024-06-20 19:09:55.306 [INFO]: [Language Server (stderr)]:
I0620 19:09:55.305626 29178 main.go:163] Fixing language server port at 38095
I0620 19:09:55.305654 29178 main.go:343] Language server manager successfully connected to new language server at 127.0.0.1:38095
2024-06-20 19:09:55.382 [INFO]: Found language server running on port 38095
2024-06-20 19:09:55.388 [INFO]: Downloaded binary: /home/shuvam/.codeium/bin/af6b6c543b224d348a8876f0c06245d9ea7929c5/ripgrep_linux_x64
2024-06-20 19:09:55.397 [INFO]: [Language Server (stderr)]:
I0620 19:09:55.396395 29192 rpcs_miscellaneous.go:118] Ripgrep available at /home/shuvam/.codeium/bin/af6b6c543b224d348a8876f0c06245d9ea7929c5/ripgrep_linux_x64
2024-06-20 19:09:55.540 [INFO]: [Language Server (stderr)]:
I0620 19:09:55.539870 29192 rpcs_miscellaneous.go:312] University version is up to date.
2024-06-20 19:09:56.522 [INFO]: [Language Server (stderr)]:
I0620 19:09:56.521833 29192 utils.go:172] Analyzing workspace files for /home/shuvam/Information_Retrieval/
2024-06-20 19:09:57.155 [INFO]: [Language Server (stderr)]:
I0620 19:09:57.154750 29192 utils.go:232] Done analyzing workspace files for /home/shuvam/Information_Retrieval/
I0620 19:09:57.154774 29192 lsp.go:208] Found 31038 files in workspace /home/shuvam/Information_Retrieval/
2024-06-20 19:09:58.125 [INFO]: [Language Server (stderr)]:
I0620 19:09:58.124278 29192 lsp.go:232] Adding workspace listener for [0xc000419030]
2024-06-20 19:09:58.128 [INFO]: [Language Server (stderr)]:
I0620 19:09:58.127770 29192 indexing_listener.go:177] Exceeded limit, will only index 5000 files in workspace /home/shuvam/Information_Retrieval/
I0620 19:09:58.127793 29192 indexing_listener.go:198] Add workspace event with uid 1 for workspace /home/shuvam/Information_Retrieval/
2024-06-20 19:09:58.134 [INFO]: [Language Server (stderr)]:
I0620 19:09:58.134234 29192 lazy_model.go:29] Successfully created faiss index
2024-06-20 19:10:11.954 [INFO]: [Language Server (stderr)]:
I0620 19:10:11.953461 29192 indexing_listener.go:238] Done enqueue workspace with uid 1
2024-06-20 19:11:57.818 [INFO]: Completion request was cancelled by token (590.2ms)
2024-06-20 19:11:57.926 [INFO]: Completion request was cancelled by token (61.48ms)
2024-06-20 19:11:57.977 [INFO]: Skipping completions because autocomplete is open
2024-06-20 19:11:58.057 [INFO]: Skipping completions because autocomplete is open
2024-06-20 19:11:59.506 [INFO]: Completion request succeeded (854.51ms)
2024-06-20 19:11:59.510 [INFO]: Generated 2 completions
2024-06-20 19:11:59.513 [INFO]: provideInlineCompletionItems request succeeded (862.69ms)
2024-06-20 19:12:00.930 [INFO]: Completion request succeeded (491.32ms)
2024-06-20 19:12:00.933 [INFO]: No completions were generated
2024-06-20 19:12:00.934 [INFO]: provideInlineCompletionItems request succeeded (495.78ms)
2024-06-20 19:16:46.070 [INFO]: Completion request succeeded (487.9ms)
2024-06-20 19:16:46.072 [INFO]: No completions were generated
2024-06-20 19:16:46.073 [INFO]: provideInlineCompletionItems request succeeded (497.7ms)
2024-06-20 19:19:10.598 [INFO]: Completion request succeeded (469.33ms)
2024-06-20 19:19:10.601 [INFO]: No completions were generated
2024-06-20 19:19:10.602 [INFO]: provideInlineCompletionItems request succeeded (474.23ms)
2024-06-20 19:24:54.145 [INFO]: [Language Server (stderr)]:
I0620 19:24:54.143757 29192 client_manager.go:248] Pruning inactive client for {954de0ea-e4a4-4ec8-a9d5-03484e212251 fa1f9be0-3fe5-4866-9ab3-1f98ec904950}
