2024-06-20 19:28:05.872 [INFO]: No proxy settings found
2024-06-20 19:28:08.262 [INFO]: Creating manager directory: /tmp/8d967c28-9124-4359-973c-4bf4b1db33b1/codeium/manager
2024-06-20 19:28:08.723 [INFO]: Using cached LS with valid crc32: /home/shuvam/.vscode-oss/extensions/codeium.codeium-1.8.64-universal/dist/a449546e0384eb1c5a91cd222eebb296be9a0f91/language_server_linux_x64
2024-06-20 19:28:08.732 [INFO]: Language server started
2024-06-20 19:28:08.855 [INFO]: [Language Server (stderr)]:
I0620 19:28:08.854606 42446 main.go:558] Starting language server manager with pid 42446
I0620 19:28:08.854716 42446 main.go:110] Manager acquired its lock file /tmp/8d967c28-9124-4359-973c-4bf4b1db33b1/codeium/manager/locks/manager.lock
2024-06-20 19:28:08.856 [INFO]: [Language Server (stderr)]:
I0620 19:28:08.855560 42446 main.go:248] Waiting for random port file in /tmp/8d967c28-9124-4359-973c-4bf4b1db33b1/codeium/manager/child_random_port_1718891888855004046_3232510588034539617 to be created
2024-06-20 19:28:08.977 [INFO]: [Language Server (stderr)]:
I0620 19:28:08.976708 42460 main.go:552] Starting language server process with pid 42460
I0620 19:28:08.976779 42460 server.go:156] Language server will attempt to listen on host 127.0.0.1
I0620 19:28:08.976890 42460 server.go:163] Language server listening on random port at 39277
I0620 19:28:08.976943 42460 proxy.go:113] proxyplease.proxy> No proxy provided. Attempting to infer from system.
I0620 19:28:08.976954 42460 proxy.go:113] proxyplease.proxy> No proxy could be determined. Assuming a direct connection.
2024-06-20 19:28:08.978 [INFO]: [Language Server (stderr)]:
I0620 19:28:08.976981 42460 client.go:589] [DEBUG] GET https://server.codeium.com/exa.api_server_pb.ApiServerService/GetCompletions
2024-06-20 19:28:09.999 [INFO]: [Language Server (stderr)]:
I0620 19:28:09.998637 42460 unleash.go:90] Initializing Unleash
2024-06-20 19:28:10.916 [INFO]: [Language Server (stderr)]:
I0620 19:28:10.915610 42460 unleash.go:110] Successfully initialized Unleash
2024-06-20 19:28:10.930 [INFO]: [Language Server (stderr)]:
E0620 19:28:10.929587 42460 client_manager.go:270] Metadata is nil when trying to refresh user JWT
2024-06-20 19:28:11.835 [INFO]: [Language Server (stderr)]:
I0620 19:28:11.835228 42460 server.go:355] Successfully created API server client
2024-06-20 19:28:11.874 [INFO]: [Language Server (stderr)]:
I0620 19:28:11.874184 42460 server.go:364] Successfully initialized tokenizer
2024-06-20 19:28:11.968 [INFO]: [Language Server (stderr)]:
I0620 19:28:11.968159 42460 server.go:473] Local search is enabled, will index local files.
I0620 19:28:11.968194 42460 server.go:477] Using 3 indexer workers
I0620 19:28:11.968224 42460 search_provider.go:200] Using database at /home/shuvam/.codeium/database/9c0694567290725d9dcba14ade58e297/2/MODEL_EMBED_6591
2024-06-20 19:28:11.969 [INFO]: [Language Server (stderr)]:
I0620 19:28:11.969146 42460 database.go:123] Bad db state detected: false
2024-06-20 19:28:11.970 [INFO]: [Language Server (stderr)]:
I0620 19:28:11.969704 42460 search_provider.go:214] Successfully created embedding search database in 1ms
2024-06-20 19:28:11.970 [INFO]: [Language Server (stderr)]:
I0620 19:28:11.969994 42460 indexer.go:224] Using 12 embed workers
I0620 19:28:11.970041 42460 search_provider.go:239] Successfully created and started indexer
I0620 19:28:11.970065 42460 search_provider.go:265] Successfully created embedding search provider
I0620 19:28:11.970076 42460 server.go:515] Successfully created exact search provider
2024-06-20 19:28:12.007 [INFO]: [Language Server (stderr)]:
I0620 19:28:12.006805 42460 server.go:545] Successfully created completion provider
2024-06-20 19:28:12.008 [INFO]: [Language Server (stderr)]:
I0620 19:28:12.007945 42460 server.go:594] Child process attempting to acquire lock file /tmp/8d967c28-9124-4359-973c-4bf4b1db33b1/codeium/manager/locks/child_lock_1718891888855048348_2612130889346546873
I0620 19:28:12.007989 42460 server.go:602] Child process acquired lock file /tmp/8d967c28-9124-4359-973c-4bf4b1db33b1/codeium/manager/locks/child_lock_1718891888855048348_2612130889346546873
2024-06-20 19:28:12.012 [INFO]: [Language Server (stderr)]:
I0620 19:28:12.012181 42460 server.go:183] LSP listening on random port at 35279
2024-06-20 19:28:12.013 [INFO]: [Language Server (stderr)]:
I0620 19:28:12.012568 42460 web_server.go:239] Chat Web Server listening at ws://127.0.0.1:43357
2024-06-20 19:28:12.068 [INFO]: [Language Server (stdout)]:
35279
2024-06-20 19:28:12.069 [INFO]: [Language Server (stderr)]:
I0620 19:28:12.067849 42446 main.go:284] Language server manager found random server port 39277
I0620 19:28:12.067875 42446 main.go:285] Language server manager found random lsp port 35279
I0620 19:28:12.067888 42446 main.go:292] Language server manager attempting to connect to language server at 127.0.0.1:39277
2024-06-20 19:28:12.090 [INFO]: [Language Server (stderr)]:
I0620 19:28:12.089529 42446 main.go:163] Fixing language server port at 39277
I0620 19:28:12.089554 42446 main.go:343] Language server manager successfully connected to new language server at 127.0.0.1:39277
2024-06-20 19:28:12.151 [INFO]: Found language server running on port 39277
2024-06-20 19:28:12.155 [INFO]: Downloaded binary: /home/shuvam/.codeium/bin/af6b6c543b224d348a8876f0c06245d9ea7929c5/ripgrep_linux_x64
2024-06-20 19:28:12.162 [INFO]: [Language Server (stderr)]:
I0620 19:28:12.161465 42460 rpcs_miscellaneous.go:118] Ripgrep available at /home/shuvam/.codeium/bin/af6b6c543b224d348a8876f0c06245d9ea7929c5/ripgrep_linux_x64
2024-06-20 19:28:12.294 [INFO]: [Language Server (stderr)]:
I0620 19:28:12.293611 42460 rpcs_miscellaneous.go:312] University version is up to date.
2024-06-20 19:28:13.305 [INFO]: [Language Server (stderr)]:
I0620 19:28:13.304667 42460 utils.go:172] Analyzing workspace files for /home/shuvam/Information_Retrieval/
2024-06-20 19:28:13.924 [INFO]: [Language Server (stderr)]:
I0620 19:28:13.923854 42460 utils.go:232] Done analyzing workspace files for /home/shuvam/Information_Retrieval/
I0620 19:28:13.923875 42460 lsp.go:208] Found 31038 files in workspace /home/shuvam/Information_Retrieval/
2024-06-20 19:28:14.788 [INFO]: [Language Server (stderr)]:
I0620 19:28:14.788044 42460 lsp.go:232] Adding workspace listener for [0xc0002dd650]
2024-06-20 19:28:14.791 [INFO]: [Language Server (stderr)]:
I0620 19:28:14.791532 42460 indexing_listener.go:177] Exceeded limit, will only index 5000 files in workspace /home/shuvam/Information_Retrieval/
I0620 19:28:14.791551 42460 indexing_listener.go:198] Add workspace event with uid 1 for workspace /home/shuvam/Information_Retrieval/
2024-06-20 19:28:14.798 [INFO]: [Language Server (stderr)]:
I0620 19:28:14.797390 42460 lazy_model.go:29] Successfully created faiss index
2024-06-20 19:28:29.051 [INFO]: [Language Server (stderr)]:
I0620 19:28:29.050349 42460 indexing_listener.go:238] Done enqueue workspace with uid 1
