2024-06-20 19:37:56.303 [info] Log level: Info
2024-06-20 19:37:56.303 [info] Validating found git in: "git"
2024-06-20 19:37:56.303 [info] Using git "2.45.2" from "git"
2024-06-20 19:37:56.303 [info] > git rev-parse --show-toplevel [3ms]
2024-06-20 19:37:56.303 [info] fatal: not a git repository (or any parent up to mount point /)
Stopping at filesystem boundary (GIT_DISCOVERY_ACROSS_FILESYSTEM not set).
2024-06-20 19:37:56.303 [info] > git rev-parse --show-toplevel [1ms]
2024-06-20 19:37:56.303 [info] fatal: not a git repository (or any parent up to mount point /)
Stopping at filesystem boundary (GIT_DISCOVERY_ACROSS_FILESYSTEM not set).
2024-06-20 19:37:56.304 [info] > git rev-parse --show-toplevel [37ms]
2024-06-20 19:37:56.304 [info] fatal: not a git repository (or any parent up to mount point /)
Stopping at filesystem boundary (GIT_DISCOVERY_ACROSS_FILESYSTEM not set).
2024-06-20 19:37:56.313 [info] > git rev-parse --show-toplevel [3ms]
2024-06-20 19:37:56.313 [info] fatal: not a git repository (or any parent up to mount point /)
Stopping at filesystem boundary (GIT_DISCOVERY_ACROSS_FILESYSTEM not set).
2024-06-20 19:37:56.319 [info] > git rev-parse --show-toplevel [2ms]
2024-06-20 19:37:56.319 [info] fatal: not a git repository (or any parent up to mount point /)
Stopping at filesystem boundary (GIT_DISCOVERY_ACROSS_FILESYSTEM not set).
2024-06-20 19:37:56.324 [info] > git rev-parse --show-toplevel [1ms]
2024-06-20 19:37:56.324 [info] fatal: not a git repository (or any parent up to mount point /)
Stopping at filesystem boundary (GIT_DISCOVERY_ACROSS_FILESYSTEM not set).
2024-06-20 19:37:56.330 [info] > git rev-parse --show-toplevel [1ms]
2024-06-20 19:37:56.330 [info] fatal: not a git repository (or any parent up to mount point /)
Stopping at filesystem boundary (GIT_DISCOVERY_ACROSS_FILESYSTEM not set).
2024-06-20 19:37:56.338 [info] > git rev-parse --show-toplevel [4ms]
2024-06-20 19:37:56.338 [info] fatal: not a git repository (or any parent up to mount point /)
Stopping at filesystem boundary (GIT_DISCOVERY_ACROSS_FILESYSTEM not set).
2024-06-20 19:37:56.361 [info] > git rev-parse --show-toplevel [18ms]
2024-06-20 19:37:56.375 [info] > git rev-parse --git-dir --git-common-dir [1ms]
2024-06-20 19:37:56.380 [info] Open repository: /home/shuvam/Information_Retrieval/TREC_ToT_NEO
2024-06-20 19:37:56.392 [info] > git rev-parse --show-toplevel [2ms]
2024-06-20 19:37:56.392 [info] fatal: not a git repository (or any parent up to mount point /)
Stopping at filesystem boundary (GIT_DISCOVERY_ACROSS_FILESYSTEM not set).
2024-06-20 19:37:56.392 [info] > git config --get commit.template [6ms]
2024-06-20 19:37:56.405 [info] No remotes found in the git config file.
2024-06-20 19:37:56.406 [info] > git for-each-ref --format=%(refname)%00%(upstream:short)%00%(objectname)%00%(upstream:track)%00%(upstream:remotename)%00%(upstream:remoteref) refs/heads/master refs/remotes/master [2ms]
2024-06-20 19:37:56.406 [warning] No such branch: master.
2024-06-20 19:37:56.410 [info] > git rev-parse --show-toplevel [10ms]
2024-06-20 19:37:56.410 [info] fatal: not a git repository (or any parent up to mount point /)
Stopping at filesystem boundary (GIT_DISCOVERY_ACROSS_FILESYSTEM not set).
2024-06-20 19:37:56.417 [info] > git rev-parse --show-toplevel [2ms]
2024-06-20 19:37:56.417 [info] fatal: not a git repository (or any parent up to mount point /)
Stopping at filesystem boundary (GIT_DISCOVERY_ACROSS_FILESYSTEM not set).
2024-06-20 19:37:56.422 [info] > git rev-parse --show-toplevel [1ms]
2024-06-20 19:37:56.423 [info] fatal: not a git repository (or any parent up to mount point /)
Stopping at filesystem boundary (GIT_DISCOVERY_ACROSS_FILESYSTEM not set).
2024-06-20 19:37:56.429 [info] > git status -z -uall [19ms]
2024-06-20 19:37:56.655 [info] > git rev-parse --show-toplevel [228ms]
2024-06-20 19:37:56.655 [info] fatal: not a git repository (or any parent up to mount point /)
Stopping at filesystem boundary (GIT_DISCOVERY_ACROSS_FILESYSTEM not set).
2024-06-20 19:37:56.668 [info] > git config --get commit.template [13ms]
2024-06-20 19:37:56.669 [info] No remotes found in the git config file.
2024-06-20 19:37:56.673 [info] > git rev-parse --show-toplevel [6ms]
2024-06-20 19:37:56.673 [info] fatal: not a git repository (or any parent up to mount point /)
Stopping at filesystem boundary (GIT_DISCOVERY_ACROSS_FILESYSTEM not set).
2024-06-20 19:37:56.679 [info] > git for-each-ref --format=%(refname)%00%(upstream:short)%00%(objectname)%00%(upstream:track)%00%(upstream:remotename)%00%(upstream:remoteref) refs/heads/master refs/remotes/master [6ms]
2024-06-20 19:37:56.679 [warning] No such branch: master.
2024-06-20 19:37:56.684 [info] > git rev-parse --show-toplevel [6ms]
2024-06-20 19:37:56.684 [info] fatal: not a git repository (or any parent up to mount point /)
Stopping at filesystem boundary (GIT_DISCOVERY_ACROSS_FILESYSTEM not set).
2024-06-20 19:37:56.690 [info] > git rev-parse --show-toplevel [1ms]
2024-06-20 19:37:56.690 [info] fatal: not a git repository (or any parent up to mount point /)
Stopping at filesystem boundary (GIT_DISCOVERY_ACROSS_FILESYSTEM not set).
2024-06-20 19:37:56.696 [info] > git status -z -uall [13ms]
2024-06-20 19:37:56.730 [info] > git rev-parse --show-toplevel [35ms]
2024-06-20 19:37:56.730 [info] fatal: not a git repository (or any parent up to mount point /)
Stopping at filesystem boundary (GIT_DISCOVERY_ACROSS_FILESYSTEM not set).
2024-06-20 19:37:57.253 [info] > git rev-parse --show-toplevel [1ms]
2024-06-20 19:37:57.253 [info] fatal: not a git repository (or any parent up to mount point /)
Stopping at filesystem boundary (GIT_DISCOVERY_ACROSS_FILESYSTEM not set).
2024-06-20 19:40:35.731 [info] > git rev-parse --show-toplevel [13ms]
2024-06-20 19:40:35.731 [info] fatal: not a git repository (or any parent up to mount point /)
Stopping at filesystem boundary (GIT_DISCOVERY_ACROSS_FILESYSTEM not set).
2024-06-20 21:48:43.969 [info] > git rev-parse --show-toplevel [4ms]
2024-06-20 21:48:43.969 [info] fatal: not a git repository (or any parent up to mount point /)
Stopping at filesystem boundary (GIT_DISCOVERY_ACROSS_FILESYSTEM not set).
2024-06-20 21:48:44.552 [info] > git check-ignore -v -z --stdin [6ms]
2024-06-20 21:48:56.960 [info] > git check-ignore -v -z --stdin [4ms]
2024-06-20 21:49:00.304 [info] > git -c user.useConfigOnly=true commit --quiet [41ms]
2024-06-20 21:49:00.304 [info] Author identity unknown

*** Please tell me who you are.

Run

  git config --global user.email "you@example.com"
  git config --global user.name "Your Name"

to set your account's default identity.
Omit --global to set the identity only in this repository.

fatal: no email was given and auto-detection is disabled
2024-06-20 21:49:00.311 [info] > git config --get-all user.name [1ms]
2024-06-20 21:49:00.328 [info] No remotes found in the git config file.
2024-06-20 21:49:00.328 [info] > git config --get commit.template [9ms]
2024-06-20 21:49:00.329 [info] > git for-each-ref --format=%(refname)%00%(upstream:short)%00%(objectname)%00%(upstream:track)%00%(upstream:remotename)%00%(upstream:remoteref) refs/heads/master refs/remotes/master [2ms]
2024-06-20 21:49:00.329 [warning] No such branch: master.
2024-06-20 21:49:00.343 [info] > git status -z -uall [8ms]
2024-06-20 21:49:02.622 [info] No remotes found in the git config file.
2024-06-20 21:49:02.623 [info] > git config --get commit.template [13ms]
2024-06-20 21:49:02.624 [info] > git for-each-ref --format=%(refname)%00%(upstream:short)%00%(objectname)%00%(upstream:track)%00%(upstream:remotename)%00%(upstream:remoteref) refs/heads/master refs/remotes/master [2ms]
2024-06-20 21:49:02.624 [warning] No such branch: master.
2024-06-20 21:49:02.643 [info] > git status -z -uall [11ms]
2024-06-21 16:08:09.082 [info] > git rev-parse --show-toplevel [4ms]
2024-06-21 16:08:09.083 [info] fatal: not a git repository (or any parent up to mount point /)
Stopping at filesystem boundary (GIT_DISCOVERY_ACROSS_FILESYSTEM not set).
2024-06-21 16:08:21.251 [info] > git rev-parse --show-toplevel [8ms]
2024-06-21 16:08:21.251 [info] fatal: not a git repository (or any parent up to mount point /)
Stopping at filesystem boundary (GIT_DISCOVERY_ACROSS_FILESYSTEM not set).
2024-06-21 16:08:24.460 [info] > git rev-parse --show-toplevel [265ms]
2024-06-21 16:08:24.460 [info] fatal: not a git repository (or any parent up to mount point /)
Stopping at filesystem boundary (GIT_DISCOVERY_ACROSS_FILESYSTEM not set).
2024-06-21 16:08:42.951 [info] > git rev-parse --show-toplevel [9ms]
2024-06-21 16:08:42.951 [info] fatal: not a git repository (or any parent up to mount point /)
Stopping at filesystem boundary (GIT_DISCOVERY_ACROSS_FILESYSTEM not set).
2024-06-21 16:15:25.065 [info] > git rev-parse --show-toplevel [12ms]
2024-06-21 16:15:25.065 [info] fatal: not a git repository (or any parent up to mount point /)
Stopping at filesystem boundary (GIT_DISCOVERY_ACROSS_FILESYSTEM not set).
